#
# There is insufficient memory for the Java Runtime Environment to continue.
# Native memory allocation (malloc) failed to allocate 1048576 bytes. Error detail: AllocateHeap
# Possible reasons:
#   The system is out of physical RAM or swap space
#   This process is running with CompressedOops enabled, and the Java Heap may be blocking the growth of the native heap
# Possible solutions:
#   Reduce memory load on the system
#   Increase physical memory or swap space
#   Check if swap backing store is full
#   Decrease Java heap size (-Xmx/-Xms)
#   Decrease number of Java threads
#   Decrease Java thread stack sizes (-Xss)
#   Set larger code cache with -XX:ReservedCodeCacheSize=
#   JVM is running with Unscaled Compressed Oops mode in which the Java heap is
#     placed in the first 4GB address space. The Java Heap base address is the
#     maximum limit for the native heap growth. Please use -XX:HeapBaseMinAddress
#     to set the Java Heap base and to place the Java Heap above 4GB virtual address.
# This output file may be truncated or incomplete.
#
#  Out of Memory Error (allocation.cpp:44), pid=11084, tid=1180
#
# JRE version: OpenJDK Runtime Environment Temurin-21.0.8+9 (21.0.8+9) (build 21.0.8+9-LTS)
# Java VM: OpenJDK 64-Bit Server VM Temurin-21.0.8+9 (21.0.8+9-LTS, mixed mode, sharing, tiered, compressed oops, compressed class ptrs, parallel gc, windows-amd64)
# No core dump will be written. Minidumps are not enabled by default on client versions of Windows
#

---------------  S U M M A R Y ------------

Command Line: --add-modules=ALL-SYSTEM --add-opens=java.base/java.util=ALL-UNNAMED --add-opens=java.base/java.lang=ALL-UNNAMED --add-opens=java.base/sun.nio.fs=ALL-UNNAMED -Declipse.application=org.eclipse.jdt.ls.core.id1 -Dosgi.bundles.defaultStartLevel=4 -Declipse.product=org.eclipse.jdt.ls.core.product -Djava.import.generatesMetadataFilesAtProjectRoot=false -DDetectVMInstallationsJob.disabled=true -Dfile.encoding=utf8 -XX:+UseParallelGC -XX:GCTimeRatio=4 -XX:AdaptiveSizePolicyWeight=90 -Dsun.zip.disableMemoryMapping=true -Xmx2G -Xms100m -Xlog:disable -javaagent:c:\Users\Usuario\.vscode\extensions\redhat.java-1.45.0-win32-x64\lombok\lombok-1.18.39-4050.jar -XX:+HeapDumpOnOutOfMemoryError -XX:HeapDumpPath=c:\Users\Usuario\AppData\Roaming\Code\User\workspaceStorage\e3bb82f6b3d0c35f71d4bc2b14fe1874\redhat.java -Daether.dependencyCollector.impl=bf c:\Users\Usuario\.vscode\extensions\redhat.java-1.45.0-win32-x64\server\plugins\org.eclipse.equinox.launcher_1.7.0.v20250519-0528.jar -configuration c:\Users\Usuario\AppData\Roaming\Code\User\globalStorage\redhat.java\1.45.0\config_win -data c:\Users\Usuario\AppData\Roaming\Code\User\workspaceStorage\e3bb82f6b3d0c35f71d4bc2b14fe1874\redhat.java\jdt_ws --pipe=\\.\pipe\lsp-8c62247514e3bb609e385d04dba5f136-sock

Host: AMD Ryzen 3 4300U with Radeon Graphics         , 4 cores, 7G,  Windows 11 , 64 bit Build 26100 (10.0.26100.4768)
Time: Mon Sep 22 11:18:24 2025 Hora est. Pacífico, Sudamérica elapsed time: 476.144163 seconds (0d 0h 7m 56s)

---------------  T H R E A D  ---------------

Current thread (0x000001ba19145a30):  JavaThread "Attach Listener" daemon [_thread_in_vm, id=1180, stack(0x000000081af00000,0x000000081b000000) (1024K)]

Stack: [0x000000081af00000,0x000000081b000000]
Native frames: (J=compiled Java code, j=interpreted, Vv=VM code, C=native code)
V  [jvm.dll+0x6d2449]
V  [jvm.dll+0x8ae341]
V  [jvm.dll+0x8b08be]
V  [jvm.dll+0x8b0fa3]
V  [jvm.dll+0x280c96]
V  [jvm.dll+0xc0347]
V  [jvm.dll+0x6d2cf9]
V  [jvm.dll+0x131116]
V  [jvm.dll+0x3f2d16]
V  [jvm.dll+0x857e6b]
V  [jvm.dll+0x6d0b0d]
C  [ucrtbase.dll+0x37b0]
C  [KERNEL32.DLL+0x2e8d7]
C  [ntdll.dll+0x3c34c]


---------------  P R O C E S S  ---------------

Threads class SMR info:
_java_thread_list=0x000001ba1eb92c90, length=39, elements={
0x000001b9bf54a3f0, 0x000001b9bf9adcc0, 0x000001ba19141f50, 0x000001ba19144de0,
0x000001ba19145a30, 0x000001ba19148590, 0x000001ba19149ff0, 0x000001ba1914ce30,
0x000001ba191c0240, 0x000001ba1e05a4f0, 0x000001ba1e290f90, 0x000001ba1ea914f0,
0x000001ba1e000080, 0x000001ba1e0006e0, 0x000001ba1e4fc070, 0x000001ba1e4fc700,
0x000001ba1e4fd420, 0x000001ba1e4fcd90, 0x000001ba1e4facc0, 0x000001ba20bd7680,
0x000001ba20bd6ff0, 0x000001ba20bd83a0, 0x000001ba20bd8a30, 0x000001ba1f745d50,
0x000001ba1f743c80, 0x000001ba1f744310, 0x000001ba1f747e20, 0x000001ba1f747790,
0x000001ba1f7484b0, 0x000001ba1f749ef0, 0x000001ba1f74b2a0, 0x000001ba22c84a80,
0x000001ba22c82320, 0x000001ba22c83040, 0x000001ba22c808e0, 0x000001ba22c87f00,
0x000001ba22c864c0, 0x000001ba22c871e0, 0x000001ba22c86b50
}

Java Threads: ( => current thread )
  0x000001b9bf54a3f0 JavaThread "main"                              [_thread_blocked, id=14368, stack(0x000000081a800000,0x000000081a900000) (1024K)]
  0x000001b9bf9adcc0 JavaThread "Reference Handler"          daemon [_thread_blocked, id=2280, stack(0x000000081ac00000,0x000000081ad00000) (1024K)]
  0x000001ba19141f50 JavaThread "Finalizer"                  daemon [_thread_blocked, id=2220, stack(0x000000081ad00000,0x000000081ae00000) (1024K)]
  0x000001ba19144de0 JavaThread "Signal Dispatcher"          daemon [_thread_blocked, id=13104, stack(0x000000081ae00000,0x000000081af00000) (1024K)]
=>0x000001ba19145a30 JavaThread "Attach Listener"            daemon [_thread_in_vm, id=1180, stack(0x000000081af00000,0x000000081b000000) (1024K)]
  0x000001ba19148590 JavaThread "Service Thread"             daemon [_thread_blocked, id=6500, stack(0x000000081b000000,0x000000081b100000) (1024K)]
  0x000001ba19149ff0 JavaThread "Monitor Deflation Thread"   daemon [_thread_blocked, id=16040, stack(0x000000081b100000,0x000000081b200000) (1024K)]
  0x000001ba1914ce30 JavaThread "C2 CompilerThread0"         daemon [_thread_blocked, id=2316, stack(0x000000081b200000,0x000000081b300000) (1024K)]
  0x000001ba191c0240 JavaThread "C1 CompilerThread0"         daemon [_thread_blocked, id=12896, stack(0x000000081b300000,0x000000081b400000) (1024K)]
  0x000001ba1e05a4f0 JavaThread "Common-Cleaner"             daemon [_thread_blocked, id=12524, stack(0x000000081b400000,0x000000081b500000) (1024K)]
  0x000001ba1e290f90 JavaThread "Notification Thread"        daemon [_thread_blocked, id=5772, stack(0x000000081b500000,0x000000081b600000) (1024K)]
  0x000001ba1ea914f0 JavaThread "Active Thread: Equinox Container: 8d9b4ee9-6815-472f-952c-d104b010ce1b"        [_thread_blocked, id=5712, stack(0x000000081b600000,0x000000081b700000) (1024K)]
  0x000001ba1e000080 JavaThread "Framework Event Dispatcher: Equinox Container: 8d9b4ee9-6815-472f-952c-d104b010ce1b" daemon [_thread_blocked, id=11512, stack(0x000000081be00000,0x000000081bf00000) (1024K)]
  0x000001ba1e0006e0 JavaThread "Start Level: Equinox Container: 8d9b4ee9-6815-472f-952c-d104b010ce1b" daemon [_thread_blocked, id=8964, stack(0x000000081bf00000,0x000000081c000000) (1024K)]
  0x000001ba1e4fc070 JavaThread "Refresh Thread: Equinox Container: 8d9b4ee9-6815-472f-952c-d104b010ce1b" daemon [_thread_blocked, id=3352, stack(0x000000081c000000,0x000000081c100000) (1024K)]
  0x000001ba1e4fc700 JavaThread "Bundle File Closer"         daemon [_thread_blocked, id=3400, stack(0x000000081c100000,0x000000081c200000) (1024K)]
  0x000001ba1e4fd420 JavaThread "SCR Component Actor"        daemon [_thread_blocked, id=3632, stack(0x000000081c200000,0x000000081c300000) (1024K)]
  0x000001ba1e4fcd90 JavaThread "Worker-JM"                         [_thread_blocked, id=3804, stack(0x000000081c500000,0x000000081c600000) (1024K)]
  0x000001ba1e4facc0 JavaThread "Java indexing"              daemon [_thread_blocked, id=504, stack(0x000000081ba00000,0x000000081bb00000) (1024K)]
  0x000001ba20bd7680 JavaThread "JNA Cleaner"                daemon [_thread_blocked, id=15544, stack(0x000000081bd00000,0x000000081be00000) (1024K)]
  0x000001ba20bd6ff0 JavaThread "Thread-2"                   daemon [_thread_in_native, id=14644, stack(0x000000081cc00000,0x000000081cd00000) (1024K)]
  0x000001ba20bd83a0 JavaThread "Thread-3"                   daemon [_thread_in_native, id=13948, stack(0x000000081cd00000,0x000000081ce00000) (1024K)]
  0x000001ba20bd8a30 JavaThread "Thread-4"                   daemon [_thread_in_native, id=1440, stack(0x000000081ce00000,0x000000081cf00000) (1024K)]
  0x000001ba1f745d50 JavaThread "Thread-5"                   daemon [_thread_in_native, id=11548, stack(0x000000081cf00000,0x000000081d000000) (1024K)]
  0x000001ba1f743c80 JavaThread "Thread-6"                   daemon [_thread_in_native, id=3992, stack(0x000000081d000000,0x000000081d100000) (1024K)]
  0x000001ba1f744310 JavaThread "pool-2-thread-1"                   [_thread_blocked, id=9452, stack(0x000000081d100000,0x000000081d200000) (1024K)]
  0x000001ba1f747e20 JavaThread "WorkspaceEventsHandler"            [_thread_blocked, id=15636, stack(0x000000081d200000,0x000000081d300000) (1024K)]
  0x000001ba1f747790 JavaThread "pool-1-thread-1"                   [_thread_blocked, id=15760, stack(0x000000081d300000,0x000000081d400000) (1024K)]
  0x000001ba1f7484b0 JavaThread "Worker-6"                          [_thread_blocked, id=15020, stack(0x000000081c700000,0x000000081c800000) (1024K)]
  0x000001ba1f749ef0 JavaThread "Compiler Source File Reader" daemon [_thread_blocked, id=15964, stack(0x000000081d900000,0x000000081da00000) (1024K)]
  0x000001ba1f74b2a0 JavaThread "Compiler Source File Reader" daemon [_thread_blocked, id=9564, stack(0x000000081da00000,0x000000081db00000) (1024K)]
  0x000001ba22c84a80 JavaThread "Worker-7"                          [_thread_blocked, id=1132, stack(0x000000081c300000,0x000000081c400000) (1024K)]
  0x000001ba22c82320 JavaThread "ForkJoinPool.commonPool-worker-5" daemon [_thread_blocked, id=3268, stack(0x000000081a600000,0x000000081a700000) (1024K)]
  0x000001ba22c83040 JavaThread "Compiler Processing Task"   daemon [_thread_blocked, id=16148, stack(0x000000081a700000,0x000000081a800000) (1024K)]
  0x000001ba22c808e0 JavaThread "Worker-8"                          [_thread_blocked, id=14016, stack(0x000000081bb00000,0x000000081bc00000) (1024K)]
  0x000001ba22c87f00 JavaThread "ForkJoinPool.commonPool-worker-6" daemon [_thread_blocked, id=2940, stack(0x000000081bc00000,0x000000081bd00000) (1024K)]
  0x000001ba22c864c0 JavaThread "ForkJoinPool.commonPool-worker-7" daemon [_thread_blocked, id=9164, stack(0x000000081c400000,0x000000081c500000) (1024K)]
  0x000001ba22c871e0 JavaThread "Cleaner-0"                  daemon [_thread_blocked, id=13664, stack(0x000000081c600000,0x000000081c700000) (1024K)]
  0x000001ba22c86b50 JavaThread "Worker-9"                          [_thread_blocked, id=8048, stack(0x000000081c900000,0x000000081ca00000) (1024K)]
Total: 39

Other Threads:
  0x000001b9bf532420 VMThread "VM Thread"                           [id=7768, stack(0x000000081ab00000,0x000000081ac00000) (1024K)]
  0x000001ba190dca00 WatcherThread "VM Periodic Task Thread"        [id=1640, stack(0x000000081aa00000,0x000000081ab00000) (1024K)]
  0x000001b9bf531940 WorkerThread "GC Thread#0"                     [id=11300, stack(0x000000081a900000,0x000000081aa00000) (1024K)]
  0x000001b9bf530ac0 WorkerThread "GC Thread#1"                     [id=6052, stack(0x000000081b700000,0x000000081b800000) (1024K)]
  0x000001b9bf530e60 WorkerThread "GC Thread#2"                     [id=2908, stack(0x000000081b800000,0x000000081b900000) (1024K)]
  0x000001b9bf531200 WorkerThread "GC Thread#3"                     [id=12216, stack(0x000000081b900000,0x000000081ba00000) (1024K)]
Total: 6

Threads with active compile tasks:
Total: 0

VM state: not at safepoint (normal execution)

VM Mutex/Monitor currently owned by a thread: None

Heap address: 0x0000000080000000, size: 2048 MB, Compressed Oops mode: 32-bit

CDS archive(s) mapped at: [0x000001b9d8000000-0x000001b9d8ba0000-0x000001b9d8ba0000), size 12189696, SharedBaseAddress: 0x000001b9d8000000, ArchiveRelocationMode: 1.
Compressed class space mapped at: 0x000001b9d9000000-0x000001ba19000000, reserved size: 1073741824
Narrow klass base: 0x000001b9d8000000, Narrow klass shift: 0, Narrow klass range: 0x100000000

GC Precious Log:
 CardTable entry size: 512
 CPUs: 4 total, 4 available
 Memory: 7538M
 Large Page Support: Disabled
 NUMA Support: Disabled
 Compressed Oops: Enabled (32-bit)
 Alignments: Space 512K, Generation 512K, Heap 2M
 Heap Min Capacity: 100M
 Heap Initial Capacity: 100M
 Heap Max Capacity: 2G
 Pre-touch: Disabled
 Parallel Workers: 4

Heap:
 PSYoungGen      total 13824K, used 11364K [0x00000000d5580000, 0x00000000d6500000, 0x0000000100000000)
  eden space 12800K, 83% used [0x00000000d5580000,0x00000000d5fead88,0x00000000d6200000)
  from space 1024K, 68% used [0x00000000d6400000,0x00000000d64ae460,0x00000000d6500000)
  to   space 1536K, 0% used [0x00000000d6200000,0x00000000d6200000,0x00000000d6380000)
 ParOldGen       total 922112K, used 921015K [0x0000000080000000, 0x00000000b8480000, 0x00000000d5580000)
  object space 922112K, 99% used [0x0000000080000000,0x00000000b836de70,0x00000000b8480000)
 Metaspace       used 77523K, committed 79168K, reserved 1179648K
  class space    used 8226K, committed 8960K, reserved 1048576K

Card table byte_map: [0x000001b9d33b0000,0x000001b9d37c0000] _byte_map_base: 0x000001b9d2fb0000

Marking Bits: (ParMarkBitMap*) 0x00007ffba9f8a340
 Begin Bits: [0x000001b9d3a70000, 0x000001b9d5a70000)
 End Bits:   [0x000001b9d5a70000, 0x000001b9d7a70000)

Polling page: 0x000001b9bf680000

Metaspace:

Usage:
  Non-class:     67.67 MB used.
      Class:      8.03 MB used.
       Both:     75.71 MB used.

Virtual space:
  Non-class space:      128.00 MB reserved,      68.56 MB ( 54%) committed,  2 nodes.
      Class space:        1.00 GB reserved,       8.75 MB ( <1%) committed,  1 nodes.
             Both:        1.12 GB reserved,      77.31 MB (  7%) committed. 

Chunk freelists:
   Non-Class:  11.22 MB
       Class:  7.08 MB
        Both:  18.30 MB

MaxMetaspaceSize: unlimited
CompressedClassSpaceSize: 1.00 GB
Initial GC threshold: 21.00 MB
Current GC threshold: 97.31 MB
CDS: on
 - commit_granule_bytes: 65536.
 - commit_granule_words: 8192.
 - virtual_space_node_default_size: 8388608.
 - enlarge_chunks_in_place: 1.
 - use_allocation_guard: 0.


Internal statistics:

num_allocs_failed_limit: 9.
num_arena_births: 1334.
num_arena_deaths: 22.
num_vsnodes_births: 3.
num_vsnodes_deaths: 0.
num_space_committed: 1237.
num_space_uncommitted: 0.
num_chunks_returned_to_freelist: 35.
num_chunks_taken_from_freelist: 4742.
num_chunk_merges: 18.
num_chunk_splits: 2951.
num_chunks_enlarged: 1778.
num_inconsistent_stats: 0.

CodeHeap 'non-profiled nmethods': size=120000Kb used=12510Kb max_used=12510Kb free=107489Kb
 bounds [0x000001b9cbca0000, 0x000001b9cc8e0000, 0x000001b9d31d0000]
CodeHeap 'profiled nmethods': size=120000Kb used=32567Kb max_used=32567Kb free=87432Kb
 bounds [0x000001b9c41d0000, 0x000001b9c61a0000, 0x000001b9cb700000]
CodeHeap 'non-nmethods': size=5760Kb used=1492Kb max_used=1549Kb free=4267Kb
 bounds [0x000001b9cb700000, 0x000001b9cb970000, 0x000001b9cbca0000]
CodeCache: size=245760Kb, used=46569Kb, max_used=46626Kb, free=199188Kb
 total_blobs=14888, nmethods=14070, adapters=723, full_count=0
Compilation: enabled, stopped_count=0, restarted_count=0

Compilation events (20 events):
Event: 455.447 Thread 0x000001ba191c0240 14940       3       org.eclipse.lsp4j.jsonrpc.json.MessageJsonHandler::serialize (12 bytes)
Event: 455.447 Thread 0x000001ba191c0240 nmethod 14940 0x000001b9c6199a90 code [0x000001b9c6199c40, 0x000001b9c6199d90]
Event: 455.447 Thread 0x000001ba191c0240 14941       1       org.eclipse.lsp4j.jsonrpc.messages.Either::getRight (5 bytes)
Event: 455.447 Thread 0x000001ba191c0240 nmethod 14941 0x000001b9cc8d7310 code [0x000001b9cc8d74a0, 0x000001b9cc8d7568]
Event: 455.459 Thread 0x000001ba1914ce30 14942       4       java.util.LinkedList$ListItr::hasNext (20 bytes)
Event: 455.459 Thread 0x000001ba1914ce30 nmethod 14942 0x000001b9cc8d7610 code [0x000001b9cc8d77a0, 0x000001b9cc8d7850]
Event: 455.468 Thread 0x000001ba191c0240 14943       3       org.eclipse.jdt.ls.core.internal.handlers.WorkspaceExecuteCommandHandler$$Lambda/0x000001b9d9737878::test (12 bytes)
Event: 455.469 Thread 0x000001ba191c0240 nmethod 14943 0x000001b9c6199e90 code [0x000001b9c619a060, 0x000001b9c619a3f0]
Event: 455.469 Thread 0x000001ba191c0240 14944       3       org.eclipse.lsp4j.jsonrpc.CompletableFutures$FutureCancelChecker::checkCanceled (19 bytes)
Event: 455.469 Thread 0x000001ba191c0240 nmethod 14944 0x000001b9c619a590 code [0x000001b9c619a780, 0x000001b9c619ade0]
Event: 455.469 Thread 0x000001ba191c0240 14945       3       jdk.internal.math.MathUtils::pow10 (6 bytes)
Event: 455.470 Thread 0x000001ba191c0240 nmethod 14945 0x000001b9c619af90 code [0x000001b9c619b120, 0x000001b9c619b240]
Event: 455.470 Thread 0x000001ba191c0240 14946       3       org.eclipse.jdt.internal.core.util.MementoTokenizer::nextToken (647 bytes)
Event: 455.472 Thread 0x000001ba191c0240 nmethod 14946 0x000001b9c619b310 code [0x000001b9c619b6a0, 0x000001b9c619c9c8]
Event: 455.475 Thread 0x000001ba191c0240 14947       3       java.net.URI::getSchemeSpecificPart (24 bytes)
Event: 455.475 Thread 0x000001ba191c0240 nmethod 14947 0x000001b9c619cf10 code [0x000001b9c619d0e0, 0x000001b9c619d318]
Event: 455.476 Thread 0x000001ba191c0240 14948       3       com.google.gson.stream.JsonWriter::alwaysCreatesValidJsonNumber (54 bytes)
Event: 455.476 Thread 0x000001ba191c0240 nmethod 14948 0x000001b9c619d410 code [0x000001b9c619d5c0, 0x000001b9c619d898]
Event: 455.576 Thread 0x000001ba191c0240 14949       3       org.eclipse.core.internal.dtree.DeltaDataTree::assembleNode (15 bytes)
Event: 455.576 Thread 0x000001ba191c0240 nmethod 14949 0x000001b9c619d910 code [0x000001b9c619dac0, 0x000001b9c619dcf8]

GC Heap History (20 events):
Event: 450.746 GC heap before
{Heap before GC invocations=816 (full 3):
 PSYoungGen      total 13824K, used 13352K [0x00000000d5580000, 0x00000000d6500000, 0x0000000100000000)
  eden space 12800K, 100% used [0x00000000d5580000,0x00000000d6200000,0x00000000d6200000)
  from space 1024K, 53% used [0x00000000d6400000,0x00000000d648a1b0,0x00000000d6500000)
  to   space 1024K, 0% used [0x00000000d6300000,0x00000000d6300000,0x00000000d6400000)
 ParOldGen       total 885760K, used 885418K [0x0000000080000000, 0x00000000b6100000, 0x00000000d5580000)
  object space 885760K, 99% used [0x0000000080000000,0x00000000b60aa830,0x00000000b6100000)
 Metaspace       used 73665K, committed 75200K, reserved 1179648K
  class space    used 7802K, committed 8512K, reserved 1048576K
}
Event: 450.749 GC heap after
{Heap after GC invocations=816 (full 3):
 PSYoungGen      total 13824K, used 384K [0x00000000d5580000, 0x00000000d6480000, 0x0000000100000000)
  eden space 12800K, 0% used [0x00000000d5580000,0x00000000d5580000,0x00000000d6200000)
  from space 1024K, 37% used [0x00000000d6300000,0x00000000d6360150,0x00000000d6400000)
  to   space 512K, 0% used [0x00000000d6400000,0x00000000d6400000,0x00000000d6480000)
 ParOldGen       total 886272K, used 885903K [0x0000000080000000, 0x00000000b6180000, 0x00000000d5580000)
  object space 886272K, 99% used [0x0000000080000000,0x00000000b6123e78,0x00000000b6180000)
 Metaspace       used 73665K, committed 75200K, reserved 1179648K
  class space    used 7802K, committed 8512K, reserved 1048576K
}
Event: 450.788 GC heap before
{Heap before GC invocations=817 (full 3):
 PSYoungGen      total 13824K, used 13184K [0x00000000d5580000, 0x00000000d6480000, 0x0000000100000000)
  eden space 12800K, 100% used [0x00000000d5580000,0x00000000d6200000,0x00000000d6200000)
  from space 1024K, 37% used [0x00000000d6300000,0x00000000d6360150,0x00000000d6400000)
  to   space 512K, 0% used [0x00000000d6400000,0x00000000d6400000,0x00000000d6480000)
 ParOldGen       total 886272K, used 885903K [0x0000000080000000, 0x00000000b6180000, 0x00000000d5580000)
  object space 886272K, 99% used [0x0000000080000000,0x00000000b6123e78,0x00000000b6180000)
 Metaspace       used 73665K, committed 75200K, reserved 1179648K
  class space    used 7802K, committed 8512K, reserved 1048576K
}
Event: 450.792 GC heap after
{Heap after GC invocations=817 (full 3):
 PSYoungGen      total 13312K, used 459K [0x00000000d5580000, 0x00000000d6480000, 0x0000000100000000)
  eden space 12800K, 0% used [0x00000000d5580000,0x00000000d5580000,0x00000000d6200000)
  from space 512K, 89% used [0x00000000d6400000,0x00000000d6472fb0,0x00000000d6480000)
  to   space 512K, 0% used [0x00000000d6380000,0x00000000d6380000,0x00000000d6400000)
 ParOldGen       total 886272K, used 886171K [0x0000000080000000, 0x00000000b6180000, 0x00000000d5580000)
  object space 886272K, 99% used [0x0000000080000000,0x00000000b6166d80,0x00000000b6180000)
 Metaspace       used 73665K, committed 75200K, reserved 1179648K
  class space    used 7802K, committed 8512K, reserved 1048576K
}
Event: 450.819 GC heap before
{Heap before GC invocations=818 (full 3):
 PSYoungGen      total 13312K, used 13259K [0x00000000d5580000, 0x00000000d6480000, 0x0000000100000000)
  eden space 12800K, 100% used [0x00000000d5580000,0x00000000d6200000,0x00000000d6200000)
  from space 512K, 89% used [0x00000000d6400000,0x00000000d6472fb0,0x00000000d6480000)
  to   space 512K, 0% used [0x00000000d6380000,0x00000000d6380000,0x00000000d6400000)
 ParOldGen       total 886272K, used 886171K [0x0000000080000000, 0x00000000b6180000, 0x00000000d5580000)
  object space 886272K, 99% used [0x0000000080000000,0x00000000b6166d80,0x00000000b6180000)
 Metaspace       used 73665K, committed 75200K, reserved 1179648K
  class space    used 7802K, committed 8512K, reserved 1048576K
}
Event: 450.823 GC heap after
{Heap after GC invocations=818 (full 3):
 PSYoungGen      total 13312K, used 463K [0x00000000d5580000, 0x00000000d6480000, 0x0000000100000000)
  eden space 12800K, 0% used [0x00000000d5580000,0x00000000d5580000,0x00000000d6200000)
  from space 512K, 90% used [0x00000000d6380000,0x00000000d63f3de0,0x00000000d6400000)
  to   space 512K, 0% used [0x00000000d6400000,0x00000000d6400000,0x00000000d6480000)
 ParOldGen       total 886784K, used 886547K [0x0000000080000000, 0x00000000b6200000, 0x00000000d5580000)
  object space 886784K, 99% used [0x0000000080000000,0x00000000b61c4ff8,0x00000000b6200000)
 Metaspace       used 73665K, committed 75200K, reserved 1179648K
  class space    used 7802K, committed 8512K, reserved 1048576K
}
Event: 450.868 GC heap before
{Heap before GC invocations=819 (full 3):
 PSYoungGen      total 13312K, used 13263K [0x00000000d5580000, 0x00000000d6480000, 0x0000000100000000)
  eden space 12800K, 100% used [0x00000000d5580000,0x00000000d6200000,0x00000000d6200000)
  from space 512K, 90% used [0x00000000d6380000,0x00000000d63f3de0,0x00000000d6400000)
  to   space 512K, 0% used [0x00000000d6400000,0x00000000d6400000,0x00000000d6480000)
 ParOldGen       total 886784K, used 886547K [0x0000000080000000, 0x00000000b6200000, 0x00000000d5580000)
  object space 886784K, 99% used [0x0000000080000000,0x00000000b61c4ff8,0x00000000b6200000)
 Metaspace       used 73720K, committed 75264K, reserved 1179648K
  class space    used 7816K, committed 8512K, reserved 1048576K
}
Event: 450.873 GC heap after
{Heap after GC invocations=819 (full 3):
 PSYoungGen      total 13312K, used 496K [0x00000000d5580000, 0x00000000d6500000, 0x0000000100000000)
  eden space 12800K, 0% used [0x00000000d5580000,0x00000000d5580000,0x00000000d6200000)
  from space 512K, 96% used [0x00000000d6400000,0x00000000d647c010,0x00000000d6480000)
  to   space 1536K, 0% used [0x00000000d6200000,0x00000000d6200000,0x00000000d6380000)
 ParOldGen       total 887296K, used 887077K [0x0000000080000000, 0x00000000b6280000, 0x00000000d5580000)
  object space 887296K, 99% used [0x0000000080000000,0x00000000b6249438,0x00000000b6280000)
 Metaspace       used 73720K, committed 75264K, reserved 1179648K
  class space    used 7816K, committed 8512K, reserved 1048576K
}
Event: 450.979 GC heap before
{Heap before GC invocations=820 (full 3):
 PSYoungGen      total 13312K, used 13296K [0x00000000d5580000, 0x00000000d6500000, 0x0000000100000000)
  eden space 12800K, 100% used [0x00000000d5580000,0x00000000d6200000,0x00000000d6200000)
  from space 512K, 96% used [0x00000000d6400000,0x00000000d647c010,0x00000000d6480000)
  to   space 1536K, 0% used [0x00000000d6200000,0x00000000d6200000,0x00000000d6380000)
 ParOldGen       total 887296K, used 887077K [0x0000000080000000, 0x00000000b6280000, 0x00000000d5580000)
  object space 887296K, 99% used [0x0000000080000000,0x00000000b6249438,0x00000000b6280000)
 Metaspace       used 73749K, committed 75264K, reserved 1179648K
  class space    used 7817K, committed 8512K, reserved 1048576K
}
Event: 450.988 GC heap after
{Heap after GC invocations=820 (full 3):
 PSYoungGen      total 14336K, used 1436K [0x00000000d5580000, 0x00000000d6500000, 0x0000000100000000)
  eden space 12800K, 0% used [0x00000000d5580000,0x00000000d5580000,0x00000000d6200000)
  from space 1536K, 93% used [0x00000000d6200000,0x00000000d6367328,0x00000000d6380000)
  to   space 1536K, 0% used [0x00000000d6380000,0x00000000d6380000,0x00000000d6500000)
 ParOldGen       total 887808K, used 887589K [0x0000000080000000, 0x00000000b6300000, 0x00000000d5580000)
  object space 887808K, 99% used [0x0000000080000000,0x00000000b62c9448,0x00000000b6300000)
 Metaspace       used 73749K, committed 75264K, reserved 1179648K
  class space    used 7817K, committed 8512K, reserved 1048576K
}
Event: 451.095 GC heap before
{Heap before GC invocations=821 (full 3):
 PSYoungGen      total 14336K, used 14236K [0x00000000d5580000, 0x00000000d6500000, 0x0000000100000000)
  eden space 12800K, 100% used [0x00000000d5580000,0x00000000d6200000,0x00000000d6200000)
  from space 1536K, 93% used [0x00000000d6200000,0x00000000d6367328,0x00000000d6380000)
  to   space 1536K, 0% used [0x00000000d6380000,0x00000000d6380000,0x00000000d6500000)
 ParOldGen       total 887808K, used 887589K [0x0000000080000000, 0x00000000b6300000, 0x00000000d5580000)
  object space 887808K, 99% used [0x0000000080000000,0x00000000b62c9448,0x00000000b6300000)
 Metaspace       used 73764K, committed 75328K, reserved 1179648K
  class space    used 7817K, committed 8512K, reserved 1048576K
}
Event: 451.100 GC heap after
{Heap after GC invocations=821 (full 3):
 PSYoungGen      total 13824K, used 617K [0x00000000d5580000, 0x00000000d6480000, 0x0000000100000000)
  eden space 12800K, 0% used [0x00000000d5580000,0x00000000d5580000,0x00000000d6200000)
  from space 1024K, 60% used [0x00000000d6380000,0x00000000d641a540,0x00000000d6480000)
  to   space 1024K, 0% used [0x00000000d6280000,0x00000000d6280000,0x00000000d6380000)
 ParOldGen       total 888832K, used 888374K [0x0000000080000000, 0x00000000b6400000, 0x00000000d5580000)
  object space 888832K, 99% used [0x0000000080000000,0x00000000b638db28,0x00000000b6400000)
 Metaspace       used 73764K, committed 75328K, reserved 1179648K
  class space    used 7817K, committed 8512K, reserved 1048576K
}
Event: 451.432 GC heap before
{Heap before GC invocations=822 (full 3):
 PSYoungGen      total 13824K, used 13417K [0x00000000d5580000, 0x00000000d6480000, 0x0000000100000000)
  eden space 12800K, 100% used [0x00000000d5580000,0x00000000d6200000,0x00000000d6200000)
  from space 1024K, 60% used [0x00000000d6380000,0x00000000d641a540,0x00000000d6480000)
  to   space 1024K, 0% used [0x00000000d6280000,0x00000000d6280000,0x00000000d6380000)
 ParOldGen       total 888832K, used 888374K [0x0000000080000000, 0x00000000b6400000, 0x00000000d5580000)
  object space 888832K, 99% used [0x0000000080000000,0x00000000b638db28,0x00000000b6400000)
 Metaspace       used 74247K, committed 75840K, reserved 1179648K
  class space    used 7854K, committed 8576K, reserved 1048576K
}
Event: 451.436 GC heap after
{Heap after GC invocations=822 (full 3):
 PSYoungGen      total 13824K, used 96K [0x00000000d5580000, 0x00000000d6400000, 0x0000000100000000)
  eden space 12800K, 0% used [0x00000000d5580000,0x00000000d5580000,0x00000000d6200000)
  from space 1024K, 9% used [0x00000000d6280000,0x00000000d6298000,0x00000000d6380000)
  to   space 512K, 0% used [0x00000000d6380000,0x00000000d6380000,0x00000000d6400000)
 ParOldGen       total 888832K, used 888390K [0x0000000080000000, 0x00000000b6400000, 0x00000000d5580000)
  object space 888832K, 99% used [0x0000000080000000,0x00000000b6391b28,0x00000000b6400000)
 Metaspace       used 74247K, committed 75840K, reserved 1179648K
  class space    used 7854K, committed 8576K, reserved 1048576K
}
Event: 451.864 GC heap before
{Heap before GC invocations=823 (full 3):
 PSYoungGen      total 13824K, used 12893K [0x00000000d5580000, 0x00000000d6400000, 0x0000000100000000)
  eden space 12800K, 99% used [0x00000000d5580000,0x00000000d61ff6d8,0x00000000d6200000)
  from space 1024K, 9% used [0x00000000d6280000,0x00000000d6298000,0x00000000d6380000)
  to   space 512K, 0% used [0x00000000d6380000,0x00000000d6380000,0x00000000d6400000)
 ParOldGen       total 888832K, used 888390K [0x0000000080000000, 0x00000000b6400000, 0x00000000d5580000)
  object space 888832K, 99% used [0x0000000080000000,0x00000000b6391b28,0x00000000b6400000)
 Metaspace       used 76055K, committed 77632K, reserved 1179648K
  class space    used 8057K, committed 8768K, reserved 1048576K
}
Event: 451.871 GC heap after
{Heap after GC invocations=823 (full 3):
 PSYoungGen      total 13312K, used 512K [0x00000000d5580000, 0x00000000d6400000, 0x0000000100000000)
  eden space 12800K, 0% used [0x00000000d5580000,0x00000000d5580000,0x00000000d6200000)
  from space 512K, 100% used [0x00000000d6380000,0x00000000d6400000,0x00000000d6400000)
  to   space 1024K, 0% used [0x00000000d6200000,0x00000000d6200000,0x00000000d6300000)
 ParOldGen       total 888832K, used 888649K [0x0000000080000000, 0x00000000b6400000, 0x00000000d5580000)
  object space 888832K, 99% used [0x0000000080000000,0x00000000b63d26f0,0x00000000b6400000)
 Metaspace       used 76055K, committed 77632K, reserved 1179648K
  class space    used 8057K, committed 8768K, reserved 1048576K
}
Event: 452.320 GC heap before
{Heap before GC invocations=824 (full 3):
 PSYoungGen      total 13312K, used 13312K [0x00000000d5580000, 0x00000000d6400000, 0x0000000100000000)
  eden space 12800K, 100% used [0x00000000d5580000,0x00000000d6200000,0x00000000d6200000)
  from space 512K, 100% used [0x00000000d6380000,0x00000000d6400000,0x00000000d6400000)
  to   space 1024K, 0% used [0x00000000d6200000,0x00000000d6200000,0x00000000d6300000)
 ParOldGen       total 888832K, used 888649K [0x0000000080000000, 0x00000000b6400000, 0x00000000d5580000)
  object space 888832K, 99% used [0x0000000080000000,0x00000000b63d26f0,0x00000000b6400000)
 Metaspace       used 76982K, committed 78592K, reserved 1179648K
  class space    used 8171K, committed 8896K, reserved 1048576K
}
Event: 452.332 GC heap after
{Heap after GC invocations=824 (full 3):
 PSYoungGen      total 13824K, used 1018K [0x00000000d5580000, 0x00000000d6600000, 0x0000000100000000)
  eden space 12800K, 0% used [0x00000000d5580000,0x00000000d5580000,0x00000000d6200000)
  from space 1024K, 99% used [0x00000000d6200000,0x00000000d62fea28,0x00000000d6300000)
  to   space 2048K, 0% used [0x00000000d6400000,0x00000000d6400000,0x00000000d6600000)
 ParOldGen       total 889344K, used 889279K [0x0000000080000000, 0x00000000b6480000, 0x00000000d5580000)
  object space 889344K, 99% used [0x0000000080000000,0x00000000b646ff38,0x00000000b6480000)
 Metaspace       used 76982K, committed 78592K, reserved 1179648K
  class space    used 8171K, committed 8896K, reserved 1048576K
}
Event: 453.045 GC heap before
{Heap before GC invocations=825 (full 3):
 PSYoungGen      total 13824K, used 13817K [0x00000000d5580000, 0x00000000d6600000, 0x0000000100000000)
  eden space 12800K, 99% used [0x00000000d5580000,0x00000000d61ffb10,0x00000000d6200000)
  from space 1024K, 99% used [0x00000000d6200000,0x00000000d62fea28,0x00000000d6300000)
  to   space 2048K, 0% used [0x00000000d6400000,0x00000000d6400000,0x00000000d6600000)
 ParOldGen       total 889344K, used 889279K [0x0000000080000000, 0x00000000b6480000, 0x00000000d5580000)
  object space 889344K, 99% used [0x0000000080000000,0x00000000b646ff38,0x00000000b6480000)
 Metaspace       used 77393K, committed 78976K, reserved 1179648K
  class space    used 8216K, committed 8960K, reserved 1048576K
}
Event: 453.050 GC heap after
{Heap after GC invocations=825 (full 3):
 PSYoungGen      total 13824K, used 697K [0x00000000d5580000, 0x00000000d6500000, 0x0000000100000000)
  eden space 12800K, 0% used [0x00000000d5580000,0x00000000d5580000,0x00000000d6200000)
  from space 1024K, 68% used [0x00000000d6400000,0x00000000d64ae460,0x00000000d6500000)
  to   space 1536K, 0% used [0x00000000d6200000,0x00000000d6200000,0x00000000d6380000)
 ParOldGen       total 890368K, used 890295K [0x0000000080000000, 0x00000000b6580000, 0x00000000d5580000)
  object space 890368K, 99% used [0x0000000080000000,0x00000000b656de40,0x00000000b6580000)
 Metaspace       used 77393K, committed 78976K, reserved 1179648K
  class space    used 8216K, committed 8960K, reserved 1048576K
}

Dll operation events (14 events):
Event: 0.016 Loaded shared library c:\Users\Usuario\.vscode\extensions\redhat.java-1.45.0-win32-x64\jre\21.0.8-win32-x86_64\bin\java.dll
Event: 0.176 Loaded shared library c:\Users\Usuario\.vscode\extensions\redhat.java-1.45.0-win32-x64\jre\21.0.8-win32-x86_64\bin\zip.dll
Event: 0.199 Loaded shared library C:\Users\Usuario\.vscode\extensions\redhat.java-1.45.0-win32-x64\jre\21.0.8-win32-x86_64\bin\instrument.dll
Event: 0.204 Loaded shared library C:\Users\Usuario\.vscode\extensions\redhat.java-1.45.0-win32-x64\jre\21.0.8-win32-x86_64\bin\net.dll
Event: 0.206 Loaded shared library C:\Users\Usuario\.vscode\extensions\redhat.java-1.45.0-win32-x64\jre\21.0.8-win32-x86_64\bin\nio.dll
Event: 0.213 Loaded shared library C:\Users\Usuario\.vscode\extensions\redhat.java-1.45.0-win32-x64\jre\21.0.8-win32-x86_64\bin\zip.dll
Event: 0.241 Loaded shared library C:\Users\Usuario\.vscode\extensions\redhat.java-1.45.0-win32-x64\jre\21.0.8-win32-x86_64\bin\jimage.dll
Event: 0.400 Loaded shared library c:\Users\Usuario\.vscode\extensions\redhat.java-1.45.0-win32-x64\jre\21.0.8-win32-x86_64\bin\verify.dll
Event: 8.965 Loaded shared library C:\Users\Usuario\AppData\Roaming\Code\User\globalStorage\redhat.java\1.45.0\config_win\org.eclipse.equinox.launcher\org.eclipse.equinox.launcher.win32.win32.x86_64_1.2.1400.v20250801-0854\eclipse_11916.dll
Event: 18.140 Loaded shared library C:\Users\Usuario\.vscode\extensions\redhat.java-1.45.0-win32-x64\jre\21.0.8-win32-x86_64\bin\management.dll
Event: 18.143 Loaded shared library C:\Users\Usuario\.vscode\extensions\redhat.java-1.45.0-win32-x64\jre\21.0.8-win32-x86_64\bin\management_ext.dll
Event: 20.806 Loaded shared library C:\Users\Usuario\AppData\Local\Temp\jna-1531808526\jna17413414784583781075.dll
Event: 21.478 Loaded shared library C:\Users\Usuario\.vscode\extensions\redhat.java-1.45.0-win32-x64\jre\21.0.8-win32-x86_64\bin\sunmscapi.dll
Event: 21.695 Loaded shared library C:\Users\Usuario\.vscode\extensions\redhat.java-1.45.0-win32-x64\jre\21.0.8-win32-x86_64\bin\extnet.dll

Deoptimization events (20 events):
Event: 453.027 Thread 0x000001ba1f7484b0 Uncommon trap: trap_request=0xffffff45 fr.pc=0x000001b9cc6e91d4 relative=0x0000000000000134
Event: 453.027 Thread 0x000001ba1f7484b0 Uncommon trap: reason=unstable_if action=reinterpret pc=0x000001b9cc6e91d4 method=org.eclipse.core.runtime.SubMonitor.consume(D)I @ 60 c2
Event: 453.027 Thread 0x000001ba1f7484b0 DEOPT PACKING pc=0x000001b9cc6e91d4 sp=0x000000081c7feb70
Event: 453.027 Thread 0x000001ba1f7484b0 DEOPT UNPACKING pc=0x000001b9cb753aa2 sp=0x000000081c7feae8 mode 2
Event: 453.073 Thread 0x000001ba22c864c0 Uncommon trap: trap_request=0xffffff45 fr.pc=0x000001b9cc1cf8c4 relative=0x0000000000000364
Event: 453.073 Thread 0x000001ba22c864c0 Uncommon trap: reason=unstable_if action=reinterpret pc=0x000001b9cc1cf8c4 method=java.lang.Module.getLayer()Ljava/lang/ModuleLayer; @ 13 c2
Event: 453.073 Thread 0x000001ba22c864c0 DEOPT PACKING pc=0x000001b9cc1cf8c4 sp=0x000000081c4fd430
Event: 453.073 Thread 0x000001ba22c864c0 DEOPT UNPACKING pc=0x000001b9cb753aa2 sp=0x000000081c4fd300 mode 2
Event: 453.073 Thread 0x000001ba22c864c0 Uncommon trap: trap_request=0xffffff45 fr.pc=0x000001b9cc1cf1f8 relative=0x00000000000000b8
Event: 453.073 Thread 0x000001ba22c864c0 Uncommon trap: reason=unstable_if action=reinterpret pc=0x000001b9cc1cf1f8 method=java.lang.Module.getLayer()Ljava/lang/ModuleLayer; @ 13 c2
Event: 453.073 Thread 0x000001ba22c864c0 DEOPT PACKING pc=0x000001b9cc1cf1f8 sp=0x000000081c4fd360
Event: 453.073 Thread 0x000001ba22c864c0 DEOPT UNPACKING pc=0x000001b9cb753aa2 sp=0x000000081c4fd2e0 mode 2
Event: 453.078 Thread 0x000001ba22c864c0 Uncommon trap: trap_request=0xffffff45 fr.pc=0x000001b9cc02b62c relative=0x000000000000018c
Event: 453.078 Thread 0x000001ba22c864c0 Uncommon trap: reason=unstable_if action=reinterpret pc=0x000001b9cc02b62c method=java.lang.StringCoding.implEncodeAsciiArray([CI[BII)I @ 23 c2
Event: 453.078 Thread 0x000001ba22c864c0 DEOPT PACKING pc=0x000001b9cc02b62c sp=0x000000081c4fd290
Event: 453.078 Thread 0x000001ba22c864c0 DEOPT UNPACKING pc=0x000001b9cb753aa2 sp=0x000000081c4fd200 mode 2
Event: 453.078 Thread 0x000001ba22c864c0 Uncommon trap: trap_request=0xffffff45 fr.pc=0x000001b9cc18cc54 relative=0x0000000000000414
Event: 453.078 Thread 0x000001ba22c864c0 Uncommon trap: reason=unstable_if action=reinterpret pc=0x000001b9cc18cc54 method=java.io.BufferedOutputStream.implWrite([BII)V @ 5 c2
Event: 453.078 Thread 0x000001ba22c864c0 DEOPT PACKING pc=0x000001b9cc18cc54 sp=0x000000081c4fd450
Event: 453.078 Thread 0x000001ba22c864c0 DEOPT UNPACKING pc=0x000001b9cb753aa2 sp=0x000000081c4fd3a0 mode 2

Classes loaded (20 events):
Event: 448.687 Loading class jdk/internal/module/IllegalAccessLogger
Event: 448.687 Loading class jdk/internal/module/IllegalAccessLogger done
Event: 449.506 Loading class jdk/internal/event/SecurityPropertyModificationEvent
Event: 449.508 Loading class jdk/internal/event/SecurityPropertyModificationEvent done
Event: 449.599 Loading class java/lang/UnsupportedClassVersionError
Event: 449.600 Loading class java/lang/UnsupportedClassVersionError done
Event: 449.833 Loading class java/util/zip/CheckedInputStream
Event: 449.834 Loading class java/util/zip/CheckedInputStream done
Event: 449.966 Loading class java/util/zip/GZIPInputStream$1
Event: 449.966 Loading class java/util/zip/GZIPInputStream$1 done
Event: 452.169 Loading class jdk/internal/ref/CleanerImpl$InnocuousThreadFactory
Event: 452.170 Loading class jdk/internal/ref/CleanerImpl$InnocuousThreadFactory done
Event: 453.055 Loading class java/util/stream/ReduceOps$5
Event: 453.055 Loading class java/util/stream/ReduceOps$5 done
Event: 453.055 Loading class java/util/stream/ReduceOps$CountingSink$OfRef
Event: 453.060 Loading class java/util/stream/ReduceOps$CountingSink
Event: 453.060 Loading class java/util/stream/ReduceOps$CountingSink done
Event: 453.060 Loading class java/util/stream/ReduceOps$CountingSink$OfRef done
Event: 453.174 Loading class jdk/internal/module/IllegalAccessLogger
Event: 453.174 Loading class jdk/internal/module/IllegalAccessLogger done

Classes unloaded (11 events):
Event: 19.074 Thread 0x000001b9bf532420 Unloading class 0x000001b9d91b1000 'java/lang/invoke/LambdaForm$MH+0x000001b9d91b1000'
Event: 19.074 Thread 0x000001b9bf532420 Unloading class 0x000001b9d91b0c00 'java/lang/invoke/LambdaForm$MH+0x000001b9d91b0c00'
Event: 19.074 Thread 0x000001b9bf532420 Unloading class 0x000001b9d91b0800 'java/lang/invoke/LambdaForm$MH+0x000001b9d91b0800'
Event: 19.074 Thread 0x000001b9bf532420 Unloading class 0x000001b9d91b0400 'java/lang/invoke/LambdaForm$MH+0x000001b9d91b0400'
Event: 19.074 Thread 0x000001b9bf532420 Unloading class 0x000001b9d91b0000 'java/lang/invoke/LambdaForm$BMH+0x000001b9d91b0000'
Event: 19.074 Thread 0x000001b9bf532420 Unloading class 0x000001b9d91afc00 'java/lang/invoke/LambdaForm$DMH+0x000001b9d91afc00'
Event: 19.074 Thread 0x000001b9bf532420 Unloading class 0x000001b9d91ae800 'java/lang/invoke/LambdaForm$DMH+0x000001b9d91ae800'
Event: 39.286 Thread 0x000001b9bf532420 Unloading class 0x000001b9d964d400 'java/lang/invoke/LambdaForm$DMH+0x000001b9d964d400'
Event: 39.286 Thread 0x000001b9bf532420 Unloading class 0x000001b9d964cc00 'java/lang/invoke/LambdaForm$DMH+0x000001b9d964cc00'
Event: 39.286 Thread 0x000001b9bf532420 Unloading class 0x000001b9d964d000 'java/lang/invoke/LambdaForm$DMH+0x000001b9d964d000'
Event: 39.286 Thread 0x000001b9bf532420 Unloading class 0x000001b9d964c800 'java/lang/invoke/LambdaForm$DMH+0x000001b9d964c800'

Classes redefined (0 events):
No events

Internal exceptions (20 events):
Event: 448.251 Thread 0x000001ba1e4facc0 Exception <a 'sun/nio/fs/WindowsException'{0x00000000d56ea290}> (0x00000000d56ea290) 
thrown [s\src\hotspot\share\prims\jni.cpp, line 520]
Event: 448.883 Thread 0x000001ba22c84a80 Exception <a 'java/lang/NoSuchMethodError'{0x00000000d57414e8}: 'java.lang.Object java.lang.invoke.DirectMethodHandle$Holder.invokeSpecial(java.lang.Object, java.lang.Object, int, long)'> (0x00000000d57414e8) 
thrown [s\src\hotspot\share\interpreter\linkResolver.cpp, line 773]
Event: 449.400 Thread 0x000001ba1e4facc0 Exception <a 'sun/nio/fs/WindowsException'{0x00000000d5666240}> (0x00000000d5666240) 
thrown [s\src\hotspot\share\prims\jni.cpp, line 520]
Event: 449.464 Thread 0x000001ba1f747790 Exception <a 'java/lang/IncompatibleClassChangeError'{0x00000000d573f670}: Found class java.lang.Object, but interface was expected> (0x00000000d573f670) 
thrown [s\src\hotspot\share\interpreter\linkResolver.cpp, line 840]
Event: 449.470 Thread 0x000001ba1f747790 Exception <a 'java/lang/IncompatibleClassChangeError'{0x00000000d5783708}: Found class java.lang.Object, but interface was expected> (0x00000000d5783708) 
thrown [s\src\hotspot\share\interpreter\linkResolver.cpp, line 840]
Event: 449.477 Thread 0x000001ba1f747790 Exception <a 'java/lang/IncompatibleClassChangeError'{0x00000000d57b2468}: Found class java.lang.Object, but interface was expected> (0x00000000d57b2468) 
thrown [s\src\hotspot\share\interpreter\linkResolver.cpp, line 840]
Event: 449.500 Thread 0x000001ba1f747790 Exception <a 'java/lang/IncompatibleClassChangeError'{0x00000000d57f2a58}: Found class java.lang.Object, but interface was expected> (0x00000000d57f2a58) 
thrown [s\src\hotspot\share\interpreter\linkResolver.cpp, line 840]
Event: 449.646 Thread 0x000001ba22c864c0 Exception <a 'java/lang/NoSuchMethodError'{0x00000000d56738b8}: 'int java.lang.invoke.Invokers$Holder.invokeExact_MT(java.lang.Object, java.lang.Object)'> (0x00000000d56738b8) 
thrown [s\src\hotspot\share\interpreter\linkResolver.cpp, line 773]
Event: 449.652 Thread 0x000001ba22c82320 Exception <a 'java/lang/NoSuchMethodError'{0x00000000d56bef60}: 'java.lang.Object java.lang.invoke.DirectMethodHandle$Holder.invokeSpecial(java.lang.Object, java.lang.Object, java.lang.Object, java.lang.Object, int, java.lang.Object, java.lang.Object)'> (0x00000000d56bef60) 
thrown [s\src\hotspot\share\interpreter\linkResolver.cpp, line 773]
Event: 449.685 Thread 0x000001ba1f747790 Exception <a 'java/lang/IncompatibleClassChangeError'{0x00000000d5580f08}: Found class java.lang.Object, but interface was expected> (0x00000000d5580f08) 
thrown [s\src\hotspot\share\interpreter\linkResolver.cpp, line 840]
Event: 449.711 Thread 0x000001ba22c864c0 Exception <a 'java/lang/IncompatibleClassChangeError'{0x00000000d56b7b60}: Found class java.lang.Object, but interface was expected> (0x00000000d56b7b60) 
thrown [s\src\hotspot\share\interpreter\linkResolver.cpp, line 840]
Event: 450.077 Thread 0x000001ba1f747790 Exception <a 'java/lang/IncompatibleClassChangeError'{0x00000000d5588b48}: Found class java.lang.Object, but interface was expected> (0x00000000d5588b48) 
thrown [s\src\hotspot\share\interpreter\linkResolver.cpp, line 840]
Event: 450.090 Thread 0x000001ba1f747790 Exception <a 'java/lang/IncompatibleClassChangeError'{0x00000000d57abe78}: Found class java.lang.Object, but interface was expected> (0x00000000d57abe78) 
thrown [s\src\hotspot\share\interpreter\linkResolver.cpp, line 840]
Event: 450.265 Thread 0x000001ba22c864c0 Implicit null exception at 0x000001b9cc3a3da6 to 0x000001b9cc3a4320
Event: 451.627 Thread 0x000001ba22c864c0 Exception <a 'java/lang/NoSuchMethodError'{0x00000000d59d57d8}: 'java.lang.Object java.lang.invoke.DirectMethodHandle$Holder.invokeStatic(java.lang.Object, int, int, java.lang.Object)'> (0x00000000d59d57d8) 
thrown [s\src\hotspot\share\interpreter\linkResolver.cpp, line 773]
Event: 451.805 Thread 0x000001ba22c864c0 Exception <a 'java/lang/NoSuchMethodError'{0x00000000d6077690}: 'void java.lang.invoke.DirectMethodHandle$Holder.invokeSpecial(java.lang.Object, java.lang.Object, int)'> (0x00000000d6077690) 
thrown [s\src\hotspot\share\interpreter\linkResolver.cpp, line 773]
Event: 452.004 Thread 0x000001ba1f747790 Exception <a 'java/lang/IncompatibleClassChangeError'{0x00000000d5926f80}: Found class java.lang.Object, but interface was expected> (0x00000000d5926f80) 
thrown [s\src\hotspot\share\interpreter\linkResolver.cpp, line 840]
Event: 452.005 Thread 0x000001ba1f747790 Exception <a 'java/lang/IncompatibleClassChangeError'{0x00000000d5928fe0}: Found class java.lang.Object, but interface was expected> (0x00000000d5928fe0) 
thrown [s\src\hotspot\share\interpreter\linkResolver.cpp, line 840]
Event: 452.294 Thread 0x000001ba22c82320 Exception <a 'java/lang/NoSuchMethodError'{0x00000000d61b01f0}: 'java.lang.Object java.lang.invoke.DirectMethodHandle$Holder.newInvokeSpecial(java.lang.Object, int, java.lang.Object, java.lang.Object, java.lang.Object)'> (0x00000000d61b01f0) 
thrown [s\src\hotspot\share\interpreter\linkResolver.cpp, line 773]
Event: 452.492 Thread 0x000001ba22c82320 Exception <a 'java/lang/ArrayIndexOutOfBoundsException'{0x00000000d5d49410}> (0x00000000d5d49410) 
thrown [s\src\hotspot\share\runtime\sharedRuntime.cpp, line 625]

ZGC Phase Switch (0 events):
No events

VM Operations (20 events):
Event: 450.808 Executing VM operation: ParallelGCFailedAllocation (Allocation Failure)
Event: 450.823 Executing VM operation: ParallelGCFailedAllocation (Allocation Failure) done
Event: 450.867 Executing VM operation: ParallelGCFailedAllocation (Allocation Failure)
Event: 450.873 Executing VM operation: ParallelGCFailedAllocation (Allocation Failure) done
Event: 450.979 Executing VM operation: ParallelGCFailedAllocation (Allocation Failure)
Event: 450.988 Executing VM operation: ParallelGCFailedAllocation (Allocation Failure) done
Event: 451.095 Executing VM operation: ParallelGCFailedAllocation (Allocation Failure)
Event: 451.100 Executing VM operation: ParallelGCFailedAllocation (Allocation Failure) done
Event: 451.406 Executing VM operation: ParallelGCFailedAllocation (Allocation Failure)
Event: 451.436 Executing VM operation: ParallelGCFailedAllocation (Allocation Failure) done
Event: 451.845 Executing VM operation: ParallelGCFailedAllocation (Allocation Failure)
Event: 451.871 Executing VM operation: ParallelGCFailedAllocation (Allocation Failure) done
Event: 452.320 Executing VM operation: ParallelGCFailedAllocation (Allocation Failure)
Event: 452.332 Executing VM operation: ParallelGCFailedAllocation (Allocation Failure) done
Event: 453.040 Executing VM operation: ParallelGCFailedAllocation (Allocation Failure)
Event: 453.050 Executing VM operation: ParallelGCFailedAllocation (Allocation Failure) done
Event: 454.063 Executing VM operation: Cleanup
Event: 454.063 Executing VM operation: Cleanup done
Event: 456.084 Executing VM operation: Cleanup
Event: 456.084 Executing VM operation: Cleanup done

Memory protections (0 events):
No events

Nmethod flushes (20 events):
Event: 39.308 Thread 0x000001b9bf532420 flushing  nmethod 0x000001b9c4bcb890
Event: 39.308 Thread 0x000001b9bf532420 flushing  nmethod 0x000001b9c4bcca90
Event: 39.308 Thread 0x000001b9bf532420 flushing  nmethod 0x000001b9c4bf8010
Event: 39.308 Thread 0x000001b9bf532420 flushing  nmethod 0x000001b9c4bf8490
Event: 39.308 Thread 0x000001b9bf532420 flushing  nmethod 0x000001b9c4bfe990
Event: 39.308 Thread 0x000001b9bf532420 flushing  nmethod 0x000001b9c4bfef10
Event: 39.308 Thread 0x000001b9bf532420 flushing  nmethod 0x000001b9c4c00490
Event: 39.308 Thread 0x000001b9bf532420 flushing  nmethod 0x000001b9c4c25190
Event: 39.308 Thread 0x000001b9bf532420 flushing  nmethod 0x000001b9c4c36690
Event: 39.308 Thread 0x000001b9bf532420 flushing  nmethod 0x000001b9c4c3a710
Event: 39.308 Thread 0x000001b9bf532420 flushing  nmethod 0x000001b9c4c3ab10
Event: 39.308 Thread 0x000001b9bf532420 flushing  nmethod 0x000001b9c4c3bd10
Event: 39.308 Thread 0x000001b9bf532420 flushing  nmethod 0x000001b9c4c3c310
Event: 39.308 Thread 0x000001b9bf532420 flushing  nmethod 0x000001b9c4c3cb90
Event: 39.308 Thread 0x000001b9bf532420 flushing  nmethod 0x000001b9c4c43590
Event: 39.308 Thread 0x000001b9bf532420 flushing  nmethod 0x000001b9c4c46490
Event: 39.308 Thread 0x000001b9bf532420 flushing  nmethod 0x000001b9c4c4b290
Event: 39.308 Thread 0x000001b9bf532420 flushing  nmethod 0x000001b9c4c69010
Event: 39.308 Thread 0x000001b9bf532420 flushing  nmethod 0x000001b9c4cb5010
Event: 39.308 Thread 0x000001b9bf532420 flushing  nmethod 0x000001b9c4cc8590

Events (20 events):
Event: 349.105 Thread 0x000001ba22c84a80 Thread added: 0x000001ba22c87870
Event: 349.105 Thread 0x000001ba22c87870 Thread exited: 0x000001ba22c87870
Event: 350.225 Thread 0x000001ba22c82320 Thread exited: 0x000001ba22c82320
Event: 350.313 Thread 0x000001ba22c83040 Thread exited: 0x000001ba22c83040
Event: 388.096 Thread 0x000001ba22c871e0 Thread exited: 0x000001ba22c871e0
Event: 390.554 Thread 0x000001ba22c808e0 Thread exited: 0x000001ba22c808e0
Event: 409.242 Thread 0x000001ba1e4fb350 Thread exited: 0x000001ba1e4fb350
Event: 448.094 Thread 0x000001ba1f747790 Thread added: 0x000001ba22c82320
Event: 448.691 Thread 0x000001ba1f7484b0 Thread added: 0x000001ba22c83040
Event: 448.802 Thread 0x000001ba22c84a80 Thread added: 0x000001ba22c808e0
Event: 448.916 Thread 0x000001ba191c0240 Thread added: 0x000001ba20cebf30
Event: 449.197 Thread 0x000001ba20cebf30 Thread exited: 0x000001ba20cebf30
Event: 449.461 Thread 0x000001ba1f747790 Thread added: 0x000001ba22c87f00
Event: 449.484 Thread 0x000001ba22c87f00 Thread added: 0x000001ba22c864c0
Event: 449.524 Thread 0x000001ba22c87f00 Thread added: 0x000001ba22c85e30
Event: 449.714 Thread 0x000001ba191c0240 Thread added: 0x000001ba20ced3a0
Event: 450.416 Thread 0x000001ba22c85e30 Thread exited: 0x000001ba22c85e30
Event: 452.170 Thread 0x000001ba22c82320 Thread added: 0x000001ba22c871e0
Event: 452.956 Thread 0x000001ba22c84a80 Thread added: 0x000001ba22c86b50
Event: 455.413 Thread 0x000001ba20ced3a0 Thread exited: 0x000001ba20ced3a0


Dynamic libraries:
0x00007ff6697e0000 - 0x00007ff6697ee000 	c:\Users\Usuario\.vscode\extensions\redhat.java-1.45.0-win32-x64\jre\21.0.8-win32-x86_64\bin\java.exe
0x00007ffc2dc20000 - 0x00007ffc2de87000 	C:\WINDOWS\SYSTEM32\ntdll.dll
0x00007ffc2cf90000 - 0x00007ffc2d059000 	C:\WINDOWS\System32\KERNEL32.DLL
0x00007ffc2b0a0000 - 0x00007ffc2b490000 	C:\WINDOWS\System32\KERNELBASE.dll
0x00007ffc2ae10000 - 0x00007ffc2af5b000 	C:\WINDOWS\System32\ucrtbase.dll
0x00007ffc17f40000 - 0x00007ffc17f58000 	c:\Users\Usuario\.vscode\extensions\redhat.java-1.45.0-win32-x64\jre\21.0.8-win32-x86_64\bin\jli.dll
0x00007ffc2d700000 - 0x00007ffc2d8c5000 	C:\WINDOWS\System32\USER32.dll
0x00007ffc2b760000 - 0x00007ffc2b787000 	C:\WINDOWS\System32\win32u.dll
0x00007ffc2d8d0000 - 0x00007ffc2d8fb000 	C:\WINDOWS\System32\GDI32.dll
0x00007ffc2af60000 - 0x00007ffc2b098000 	C:\WINDOWS\System32\gdi32full.dll
0x00007ffc2b6b0000 - 0x00007ffc2b753000 	C:\WINDOWS\System32\msvcp_win.dll
0x00007ffc14a60000 - 0x00007ffc14a7e000 	c:\Users\Usuario\.vscode\extensions\redhat.java-1.45.0-win32-x64\jre\21.0.8-win32-x86_64\bin\VCRUNTIME140.dll
0x00007ffc17c70000 - 0x00007ffc17f0a000 	C:\WINDOWS\WinSxS\amd64_microsoft.windows.common-controls_6595b64144ccf1df_6.0.26100.4768_none_3e0c112ce331287c\COMCTL32.dll
0x00007ffc2d650000 - 0x00007ffc2d6f9000 	C:\WINDOWS\System32\msvcrt.dll
0x00007ffc2d060000 - 0x00007ffc2d08f000 	C:\WINDOWS\System32\IMM32.DLL
0x00007ffc25bd0000 - 0x00007ffc25bdc000 	c:\Users\Usuario\.vscode\extensions\redhat.java-1.45.0-win32-x64\jre\21.0.8-win32-x86_64\bin\vcruntime140_1.dll
0x00007ffc10e80000 - 0x00007ffc10f0d000 	c:\Users\Usuario\.vscode\extensions\redhat.java-1.45.0-win32-x64\jre\21.0.8-win32-x86_64\bin\msvcp140.dll
0x00007ffba92d0000 - 0x00007ffbaa067000 	c:\Users\Usuario\.vscode\extensions\redhat.java-1.45.0-win32-x64\jre\21.0.8-win32-x86_64\bin\server\jvm.dll
0x00007ffc2c9d0000 - 0x00007ffc2ca84000 	C:\WINDOWS\System32\ADVAPI32.dll
0x00007ffc2ba60000 - 0x00007ffc2bb06000 	C:\WINDOWS\System32\sechost.dll
0x00007ffc2d530000 - 0x00007ffc2d648000 	C:\WINDOWS\System32\RPCRT4.dll
0x00007ffc2cc60000 - 0x00007ffc2ccd4000 	C:\WINDOWS\System32\WS2_32.dll
0x00007ffc2abb0000 - 0x00007ffc2ac0e000 	C:\WINDOWS\SYSTEM32\POWRPROF.dll
0x00007ffc24ae0000 - 0x00007ffc24b15000 	C:\WINDOWS\SYSTEM32\WINMM.dll
0x00007ffc24b20000 - 0x00007ffc24b2b000 	C:\WINDOWS\SYSTEM32\VERSION.dll
0x00007ffc2ab90000 - 0x00007ffc2aba4000 	C:\WINDOWS\SYSTEM32\UMPDC.dll
0x00007ffc29ad0000 - 0x00007ffc29aeb000 	C:\WINDOWS\SYSTEM32\kernel.appcore.dll
0x00007ffc14890000 - 0x00007ffc1489a000 	c:\Users\Usuario\.vscode\extensions\redhat.java-1.45.0-win32-x64\jre\21.0.8-win32-x86_64\bin\jimage.dll
0x00007ffc1f0b0000 - 0x00007ffc1f2f1000 	C:\WINDOWS\SYSTEM32\DBGHELP.DLL
0x00007ffc2c270000 - 0x00007ffc2c5f5000 	C:\WINDOWS\System32\combase.dll
0x00007ffc2dad0000 - 0x00007ffc2dbb0000 	C:\WINDOWS\System32\OLEAUT32.dll
0x00007ffc0e890000 - 0x00007ffc0e8d3000 	C:\WINDOWS\SYSTEM32\dbgcore.DLL
0x00007ffc2b790000 - 0x00007ffc2b829000 	C:\WINDOWS\System32\bcryptPrimitives.dll
0x00007ffc14880000 - 0x00007ffc1488f000 	c:\Users\Usuario\.vscode\extensions\redhat.java-1.45.0-win32-x64\jre\21.0.8-win32-x86_64\bin\instrument.dll
0x00007ffc10e60000 - 0x00007ffc10e7f000 	c:\Users\Usuario\.vscode\extensions\redhat.java-1.45.0-win32-x64\jre\21.0.8-win32-x86_64\bin\java.dll
0x00007ffc2bb20000 - 0x00007ffc2c26d000 	C:\WINDOWS\System32\SHELL32.dll
0x00007ffc2b830000 - 0x00007ffc2b9a3000 	C:\WINDOWS\System32\wintypes.dll
0x00007ffc28950000 - 0x00007ffc291b0000 	C:\WINDOWS\SYSTEM32\windows.storage.dll
0x00007ffc2cac0000 - 0x00007ffc2cbb5000 	C:\WINDOWS\System32\SHCORE.dll
0x00007ffc2c900000 - 0x00007ffc2c96a000 	C:\WINDOWS\System32\shlwapi.dll
0x00007ffc2ac70000 - 0x00007ffc2ac99000 	C:\WINDOWS\SYSTEM32\profapi.dll
0x00007ffc10e40000 - 0x00007ffc10e58000 	c:\Users\Usuario\.vscode\extensions\redhat.java-1.45.0-win32-x64\jre\21.0.8-win32-x86_64\bin\zip.dll
0x00007ffc13810000 - 0x00007ffc13820000 	C:\Users\Usuario\.vscode\extensions\redhat.java-1.45.0-win32-x64\jre\21.0.8-win32-x86_64\bin\net.dll
0x00007ffc21540000 - 0x00007ffc2165e000 	C:\WINDOWS\SYSTEM32\WINHTTP.dll
0x00007ffc2a060000 - 0x00007ffc2a0cb000 	C:\WINDOWS\system32\mswsock.dll
0x00007ffc10e20000 - 0x00007ffc10e36000 	C:\Users\Usuario\.vscode\extensions\redhat.java-1.45.0-win32-x64\jre\21.0.8-win32-x86_64\bin\nio.dll
0x00007ffc13730000 - 0x00007ffc13740000 	c:\Users\Usuario\.vscode\extensions\redhat.java-1.45.0-win32-x64\jre\21.0.8-win32-x86_64\bin\verify.dll
0x00007ffc05bf0000 - 0x00007ffc05c34000 	C:\Users\Usuario\AppData\Roaming\Code\User\globalStorage\redhat.java\1.45.0\config_win\org.eclipse.equinox.launcher\org.eclipse.equinox.launcher.win32.win32.x86_64_1.2.1400.v20250801-0854\eclipse_11916.dll
0x00007ffc2cce0000 - 0x00007ffc2ce80000 	C:\WINDOWS\System32\ole32.dll
0x00007ffc13650000 - 0x00007ffc1365a000 	C:\Users\Usuario\.vscode\extensions\redhat.java-1.45.0-win32-x64\jre\21.0.8-win32-x86_64\bin\management.dll
0x00007ffc115c0000 - 0x00007ffc115cb000 	C:\Users\Usuario\.vscode\extensions\redhat.java-1.45.0-win32-x64\jre\21.0.8-win32-x86_64\bin\management_ext.dll
0x00007ffc2c600000 - 0x00007ffc2c608000 	C:\WINDOWS\System32\PSAPI.DLL
0x00007ffc2a320000 - 0x00007ffc2a33b000 	C:\WINDOWS\SYSTEM32\CRYPTSP.dll
0x00007ffc29a30000 - 0x00007ffc29a6b000 	C:\WINDOWS\system32\rsaenh.dll
0x00007ffc2a100000 - 0x00007ffc2a12b000 	C:\WINDOWS\SYSTEM32\USERENV.dll
0x00007ffc2ac40000 - 0x00007ffc2ac66000 	C:\WINDOWS\SYSTEM32\bcrypt.dll
0x00007ffc2a340000 - 0x00007ffc2a34c000 	C:\WINDOWS\SYSTEM32\CRYPTBASE.dll
0x00007ffc294e0000 - 0x00007ffc29513000 	C:\WINDOWS\SYSTEM32\IPHLPAPI.DLL
0x00007ffc2bb10000 - 0x00007ffc2bb1a000 	C:\WINDOWS\System32\NSI.dll
0x00007ffc03a60000 - 0x00007ffc03aa9000 	C:\Users\Usuario\AppData\Local\Temp\jna-1531808526\jna17413414784583781075.dll
0x00007ffc24ff0000 - 0x00007ffc2500f000 	C:\WINDOWS\SYSTEM32\dhcpcsvc6.DLL
0x00007ffc24f40000 - 0x00007ffc24f65000 	C:\WINDOWS\SYSTEM32\dhcpcsvc.DLL
0x00007ffc0fc70000 - 0x00007ffc0fc7e000 	C:\Users\Usuario\.vscode\extensions\redhat.java-1.45.0-win32-x64\jre\21.0.8-win32-x86_64\bin\sunmscapi.dll
0x00007ffc2b530000 - 0x00007ffc2b6a7000 	C:\WINDOWS\System32\CRYPT32.dll
0x00007ffc2a540000 - 0x00007ffc2a570000 	C:\WINDOWS\SYSTEM32\ncrypt.dll
0x00007ffc2a4f0000 - 0x00007ffc2a52f000 	C:\WINDOWS\SYSTEM32\NTASN1.dll
0x00007ffc29520000 - 0x00007ffc29646000 	C:\WINDOWS\SYSTEM32\DNSAPI.dll
0x00007ffc20ce0000 - 0x00007ffc20ceb000 	C:\Windows\System32\rasadhlp.dll
0x00007ffc256d0000 - 0x00007ffc25756000 	C:\WINDOWS\System32\fwpuclnt.dll
0x00007ffc0f7d0000 - 0x00007ffc0f7d9000 	C:\Users\Usuario\.vscode\extensions\redhat.java-1.45.0-win32-x64\jre\21.0.8-win32-x86_64\bin\extnet.dll

JVMTI agents:
c:\Users\Usuario\.vscode\extensions\redhat.java-1.45.0-win32-x64\lombok\lombok-1.18.39-4050.jar path:c:\Users\Usuario\.vscode\extensions\redhat.java-1.45.0-win32-x64\jre\21.0.8-win32-x86_64\bin\instrument.dll, loaded, initialized, instrumentlib options:none

dbghelp: loaded successfully - version: 4.0.5 - missing functions: none
symbol engine: initialized successfully - sym options: 0x614 - pdb path: .;c:\Users\Usuario\.vscode\extensions\redhat.java-1.45.0-win32-x64\jre\21.0.8-win32-x86_64\bin;C:\WINDOWS\SYSTEM32;C:\WINDOWS\WinSxS\amd64_microsoft.windows.common-controls_6595b64144ccf1df_6.0.26100.4768_none_3e0c112ce331287c;c:\Users\Usuario\.vscode\extensions\redhat.java-1.45.0-win32-x64\jre\21.0.8-win32-x86_64\bin\server;C:\Users\Usuario\AppData\Roaming\Code\User\globalStorage\redhat.java\1.45.0\config_win\org.eclipse.equinox.launcher\org.eclipse.equinox.launcher.win32.win32.x86_64_1.2.1400.v20250801-0854;C:\Users\Usuario\AppData\Local\Temp\jna-1531808526

VM Arguments:
jvm_args: --add-modules=ALL-SYSTEM --add-opens=java.base/java.util=ALL-UNNAMED --add-opens=java.base/java.lang=ALL-UNNAMED --add-opens=java.base/sun.nio.fs=ALL-UNNAMED -Declipse.application=org.eclipse.jdt.ls.core.id1 -Dosgi.bundles.defaultStartLevel=4 -Declipse.product=org.eclipse.jdt.ls.core.product -Djava.import.generatesMetadataFilesAtProjectRoot=false -DDetectVMInstallationsJob.disabled=true -Dfile.encoding=utf8 -XX:+UseParallelGC -XX:GCTimeRatio=4 -XX:AdaptiveSizePolicyWeight=90 -Dsun.zip.disableMemoryMapping=true -Xmx2G -Xms100m -Xlog:disable -javaagent:c:\Users\Usuario\.vscode\extensions\redhat.java-1.45.0-win32-x64\lombok\lombok-1.18.39-4050.jar -XX:+HeapDumpOnOutOfMemoryError -XX:HeapDumpPath=c:\Users\Usuario\AppData\Roaming\Code\User\workspaceStorage\e3bb82f6b3d0c35f71d4bc2b14fe1874\redhat.java -Daether.dependencyCollector.impl=bf 
java_command: c:\Users\Usuario\.vscode\extensions\redhat.java-1.45.0-win32-x64\server\plugins\org.eclipse.equinox.launcher_1.7.0.v20250519-0528.jar -configuration c:\Users\Usuario\AppData\Roaming\Code\User\globalStorage\redhat.java\1.45.0\config_win -data c:\Users\Usuario\AppData\Roaming\Code\User\workspaceStorage\e3bb82f6b3d0c35f71d4bc2b14fe1874\redhat.java\jdt_ws --pipe=\\.\pipe\lsp-8c62247514e3bb609e385d04dba5f136-sock
java_class_path (initial): c:\Users\Usuario\.vscode\extensions\redhat.java-1.45.0-win32-x64\server\plugins\org.eclipse.equinox.launcher_1.7.0.v20250519-0528.jar
Launcher Type: SUN_STANDARD

[Global flags]
    uintx AdaptiveSizePolicyWeight                 = 90                                        {product} {command line}
     intx CICompilerCount                          = 3                                         {product} {ergonomic}
    uintx GCTimeRatio                              = 4                                         {product} {command line}
     bool HeapDumpOnOutOfMemoryError               = true                                   {manageable} {command line}
    ccstr HeapDumpPath                             = c:\Users\Usuario\AppData\Roaming\Code\User\workspaceStorage\e3bb82f6b3d0c35f71d4bc2b14fe1874\redhat.java         {manageable} {command line}
   size_t InitialHeapSize                          = 104857600                                 {product} {command line}
   size_t MaxHeapSize                              = 2147483648                                {product} {command line}
   size_t MaxNewSize                               = 715653120                                 {product} {ergonomic}
   size_t MinHeapDeltaBytes                        = 524288                                    {product} {ergonomic}
   size_t MinHeapSize                              = 104857600                                 {product} {command line}
   size_t NewSize                                  = 34603008                                  {product} {ergonomic}
    uintx NonNMethodCodeHeapSize                   = 5832780                                {pd product} {ergonomic}
    uintx NonProfiledCodeHeapSize                  = 122912730                              {pd product} {ergonomic}
   size_t OldSize                                  = 70254592                                  {product} {ergonomic}
    uintx ProfiledCodeHeapSize                     = 122912730                              {pd product} {ergonomic}
    uintx ReservedCodeCacheSize                    = 251658240                              {pd product} {ergonomic}
     bool SegmentedCodeCache                       = true                                      {product} {ergonomic}
   size_t SoftMaxHeapSize                          = 2147483648                             {manageable} {ergonomic}
     bool UseCompressedOops                        = true                           {product lp64_product} {ergonomic}
     bool UseLargePagesIndividualAllocation        = false                                  {pd product} {ergonomic}
     bool UseParallelGC                            = true                                      {product} {command line}

Logging:
Log output configuration:
 #0: stdout all=off uptime,level,tags foldmultilines=false
 #1: stderr all=off uptime,level,tags foldmultilines=false

Environment Variables:
PATH=C:\Program Files\Eclipse Adoptium\jdk-21.0.8.9-hotspot\bin;C:\WINDOWS\system32;C:\WINDOWS;C:\WINDOWS\System32\Wbem;C:\WINDOWS\System32\WindowsPowerShell\v1.0\;C:\WINDOWS\System32\OpenSSH\;C:\Program Files\swipl\bin;C:\Program Files\Git\cmd;C:\Users\Usuario\AppData\Local\Microsoft\WindowsApps;C:\Users\Usuario\Desktop\Microsoft VS Code\bin;C:\apache-maven-3.9.6\bin;C:\Users\Usuario\AppData\Local\Programs\cursor\resources\app\bin
USERNAME=Usuario
OS=Windows_NT
PROCESSOR_IDENTIFIER=AMD64 Family 23 Model 96 Stepping 1, AuthenticAMD
TMP=C:\Users\Usuario\AppData\Local\Temp
TEMP=C:\Users\Usuario\AppData\Local\Temp




Periodic native trim disabled

---------------  S Y S T E M  ---------------

OS:
 Windows 11 , 64 bit Build 26100 (10.0.26100.4768)
OS uptime: 0 days 13:46 hours

CPU: total 4 (initial active 4) (4 cores per cpu, 1 threads per core) family 23 model 96 stepping 1 microcode 0x8600106, cx8, cmov, fxsr, mmx, 3dnowpref, sse, sse2, sse3, ssse3, sse4a, sse4.1, sse4.2, popcnt, lzcnt, tsc, tscinvbit, avx, avx2, aes, clmul, bmi1, bmi2, adx, sha, fma, vzeroupper, clflush, clflushopt, rdtscp, rdpid, f16c
Processor Information for the first 4 processors :
  Max Mhz: 2700, Current Mhz: 2700, Mhz Limit: 2700

Memory: 4k page, system-wide physical 7538M (707M free)
TotalPageFile size 12050M (AvailPageFile size 71M)
current process WorkingSet (physical memory assigned to process): 1105M, peak: 1131M
current process commit charge ("private bytes"): 1238M, peak: 1250M

vm_info: OpenJDK 64-Bit Server VM (21.0.8+9-LTS) for windows-amd64 JRE (21.0.8+9-LTS), built on 2025-07-15T00:00:00Z by "admin" with MS VC++ 17.7 (VS2022)

END.
