#
# There is insufficient memory for the Java Runtime Environment to continue.
# Native memory allocation (malloc) failed to allocate 1066576 bytes. Error detail: Chunk::new
# Possible reasons:
#   The system is out of physical RAM or swap space
#   This process is running with CompressedOops enabled, and the Java Heap may be blocking the growth of the native heap
# Possible solutions:
#   Reduce memory load on the system
#   Increase physical memory or swap space
#   Check if swap backing store is full
#   Decrease Java heap size (-Xmx/-Xms)
#   Decrease number of Java threads
#   Decrease Java thread stack sizes (-Xss)
#   Set larger code cache with -XX:ReservedCodeCacheSize=
#   JVM is running with Unscaled Compressed Oops mode in which the Java heap is
#     placed in the first 4GB address space. The Java Heap base address is the
#     maximum limit for the native heap growth. Please use -XX:HeapBaseMinAddress
#     to set the Java Heap base and to place the Java Heap above 4GB virtual address.
# This output file may be truncated or incomplete.
#
#  Out of Memory Error (arena.cpp:168), pid=15856, tid=16348
#
# JRE version: OpenJDK Runtime Environment Temurin-21.0.8+9 (21.0.8+9) (build 21.0.8+9-LTS)
# Java VM: OpenJDK 64-Bit Server VM Temurin-21.0.8+9 (21.0.8+9-LTS, mixed mode, sharing, tiered, compressed oops, compressed class ptrs, parallel gc, windows-amd64)
# No core dump will be written. Minidumps are not enabled by default on client versions of Windows
#

---------------  S U M M A R Y ------------

Command Line: --add-modules=ALL-SYSTEM --add-opens=java.base/java.util=ALL-UNNAMED --add-opens=java.base/java.lang=ALL-UNNAMED --add-opens=java.base/sun.nio.fs=ALL-UNNAMED -Declipse.application=org.eclipse.jdt.ls.core.id1 -Dosgi.bundles.defaultStartLevel=4 -Declipse.product=org.eclipse.jdt.ls.core.product -Djava.import.generatesMetadataFilesAtProjectRoot=false -DDetectVMInstallationsJob.disabled=true -Dfile.encoding=utf8 -XX:+UseParallelGC -XX:GCTimeRatio=4 -XX:AdaptiveSizePolicyWeight=90 -Dsun.zip.disableMemoryMapping=true -Xmx2G -Xms100m -Xlog:disable -javaagent:c:\Users\Usuario\.vscode\extensions\redhat.java-1.45.0-win32-x64\lombok\lombok-1.18.39-4050.jar -XX:+HeapDumpOnOutOfMemoryError -XX:HeapDumpPath=c:\Users\Usuario\AppData\Roaming\Code\User\workspaceStorage\e3bb82f6b3d0c35f71d4bc2b14fe1874\redhat.java -Daether.dependencyCollector.impl=bf c:\Users\Usuario\.vscode\extensions\redhat.java-1.45.0-win32-x64\server\plugins\org.eclipse.equinox.launcher_1.7.0.v20250519-0528.jar -configuration c:\Users\Usuario\AppData\Roaming\Code\User\globalStorage\redhat.java\1.45.0\config_win -data c:\Users\Usuario\AppData\Roaming\Code\User\workspaceStorage\e3bb82f6b3d0c35f71d4bc2b14fe1874\redhat.java\jdt_ws --pipe=\\.\pipe\lsp-6f7b2910857b424507226d6ef5609e53-sock

Host: AMD Ryzen 3 4300U with Radeon Graphics         , 4 cores, 7G,  Windows 11 , 64 bit Build 26100 (10.0.26100.4768)
Time: Mon Sep 22 13:15:17 2025 Hora est. Pacífico, Sudamérica elapsed time: 4037.422586 seconds (0d 1h 7m 17s)

---------------  T H R E A D  ---------------

Current thread (0x000001616a57cf30):  JavaThread "C2 CompilerThread0" daemon [_thread_in_native, id=16348, stack(0x0000001f6e400000,0x0000001f6e500000) (1024K)]


Current CompileTask:
C2:4037422 21390       4       org.eclipse.osgi.internal.serviceregistry.ServiceRegistry::notifyHooksPrivileged (57 bytes)

Stack: [0x0000001f6e400000,0x0000001f6e500000]
Native frames: (J=compiled Java code, j=interpreted, Vv=VM code, C=native code)
V  [jvm.dll+0x6d2449]
V  [jvm.dll+0x8ae341]
V  [jvm.dll+0x8b08be]
V  [jvm.dll+0x8b0fa3]
V  [jvm.dll+0x280c96]
V  [jvm.dll+0xc581d]
V  [jvm.dll+0xc5d53]
V  [jvm.dll+0x3b919c]
V  [jvm.dll+0x385315]
V  [jvm.dll+0x38477a]
V  [jvm.dll+0x248ed0]
V  [jvm.dll+0x2484af]
V  [jvm.dll+0x1c89ee]
V  [jvm.dll+0x257d4d]
V  [jvm.dll+0x2562ea]
V  [jvm.dll+0x3f2d16]
V  [jvm.dll+0x857e6b]
V  [jvm.dll+0x6d0b0d]
C  [ucrtbase.dll+0x37b0]
C  [KERNEL32.DLL+0x2e8d7]
C  [ntdll.dll+0x3c34c]


---------------  P R O C E S S  ---------------

Threads class SMR info:
_java_thread_list=0x00000161733cff30, length=35, elements={
0x0000016151a35e60, 0x000001616a564390, 0x0000016151d5e380, 0x000001616a575f70,
0x000001616a578c50, 0x000001616a5796a0, 0x000001616a57a0f0, 0x000001616a57cf30,
0x000001616a5ed400, 0x0000016151d137a0, 0x000001616b5a4750, 0x000001616b85d0c0,
0x000001616bb71d40, 0x000001617022e520, 0x0000016170225a60, 0x000001616bca25f0,
0x000001616bca2c80, 0x000001616bca39a0, 0x0000016170284550, 0x0000016170285900,
0x00000161702831a0, 0x0000016170286620, 0x0000016170283830, 0x0000016170289410,
0x0000016170288d80, 0x0000016170287340, 0x0000016170289aa0, 0x0000016170286cb0,
0x0000016170285f90, 0x0000016173eaf0d0, 0x0000016171c4e9a0, 0x0000016173eaf760,
0x0000016173eafdf0, 0x0000016173eb0480, 0x0000016170282b10
}

Java Threads: ( => current thread )
  0x0000016151a35e60 JavaThread "main"                              [_thread_blocked, id=2120, stack(0x0000001f6da00000,0x0000001f6db00000) (1024K)]
  0x000001616a564390 JavaThread "Reference Handler"          daemon [_thread_blocked, id=1612, stack(0x0000001f6de00000,0x0000001f6df00000) (1024K)]
  0x0000016151d5e380 JavaThread "Finalizer"                  daemon [_thread_blocked, id=14216, stack(0x0000001f6df00000,0x0000001f6e000000) (1024K)]
  0x000001616a575f70 JavaThread "Signal Dispatcher"          daemon [_thread_blocked, id=15720, stack(0x0000001f6e000000,0x0000001f6e100000) (1024K)]
  0x000001616a578c50 JavaThread "Attach Listener"            daemon [_thread_blocked, id=16236, stack(0x0000001f6e100000,0x0000001f6e200000) (1024K)]
  0x000001616a5796a0 JavaThread "Service Thread"             daemon [_thread_blocked, id=12632, stack(0x0000001f6e200000,0x0000001f6e300000) (1024K)]
  0x000001616a57a0f0 JavaThread "Monitor Deflation Thread"   daemon [_thread_blocked, id=7268, stack(0x0000001f6e300000,0x0000001f6e400000) (1024K)]
=>0x000001616a57cf30 JavaThread "C2 CompilerThread0"         daemon [_thread_in_native, id=16348, stack(0x0000001f6e400000,0x0000001f6e500000) (1024K)]
  0x000001616a5ed400 JavaThread "C1 CompilerThread0"         daemon [_thread_blocked, id=9348, stack(0x0000001f6e500000,0x0000001f6e600000) (1024K)]
  0x0000016151d137a0 JavaThread "Common-Cleaner"             daemon [_thread_blocked, id=12524, stack(0x0000001f6e600000,0x0000001f6e700000) (1024K)]
  0x000001616b5a4750 JavaThread "Notification Thread"        daemon [_thread_blocked, id=15736, stack(0x0000001f6e700000,0x0000001f6e800000) (1024K)]
  0x000001616b85d0c0 JavaThread "Active Thread: Equinox Container: 394367b0-74c8-487b-86b7-cb6c291c1991"        [_thread_blocked, id=11340, stack(0x0000001f6ec00000,0x0000001f6ed00000) (1024K)]
  0x000001616bb71d40 JavaThread "Refresh Thread: Equinox Container: 394367b0-74c8-487b-86b7-cb6c291c1991" daemon [_thread_blocked, id=10308, stack(0x0000001f6ed00000,0x0000001f6ee00000) (1024K)]
  0x000001617022e520 JavaThread "Framework Event Dispatcher: Equinox Container: 394367b0-74c8-487b-86b7-cb6c291c1991" daemon [_thread_blocked, id=9148, stack(0x0000001f6ee00000,0x0000001f6ef00000) (1024K)]
  0x0000016170225a60 JavaThread "Start Level: Equinox Container: 394367b0-74c8-487b-86b7-cb6c291c1991" daemon [_thread_blocked, id=13988, stack(0x0000001f6ef00000,0x0000001f6f000000) (1024K)]
  0x000001616bca25f0 JavaThread "Bundle File Closer"         daemon [_thread_blocked, id=2756, stack(0x0000001f6f000000,0x0000001f6f100000) (1024K)]
  0x000001616bca2c80 JavaThread "SCR Component Actor"        daemon [_thread_blocked, id=11408, stack(0x0000001f6f100000,0x0000001f6f200000) (1024K)]
  0x000001616bca39a0 JavaThread "Worker-JM"                         [_thread_blocked, id=2924, stack(0x0000001f6f300000,0x0000001f6f400000) (1024K)]
  0x0000016170284550 JavaThread "JNA Cleaner"                daemon [_thread_blocked, id=4500, stack(0x0000001f6f400000,0x0000001f6f500000) (1024K)]
  0x0000016170285900 JavaThread "Java indexing"              daemon [_thread_in_native, id=3496, stack(0x0000001f6f800000,0x0000001f6f900000) (1024K)]
  0x00000161702831a0 JavaThread "Thread-2"                   daemon [_thread_in_native, id=5484, stack(0x0000001f6fd00000,0x0000001f6fe00000) (1024K)]
  0x0000016170286620 JavaThread "Thread-3"                   daemon [_thread_in_native, id=7864, stack(0x0000001f6fe00000,0x0000001f6ff00000) (1024K)]
  0x0000016170283830 JavaThread "Thread-4"                   daemon [_thread_in_native, id=5732, stack(0x0000001f6ff00000,0x0000001f70000000) (1024K)]
  0x0000016170289410 JavaThread "Thread-5"                   daemon [_thread_in_native, id=2752, stack(0x0000001f70000000,0x0000001f70100000) (1024K)]
  0x0000016170288d80 JavaThread "Thread-6"                   daemon [_thread_in_native, id=9816, stack(0x0000001f70100000,0x0000001f70200000) (1024K)]
  0x0000016170287340 JavaThread "pool-2-thread-1"                   [_thread_blocked, id=6140, stack(0x0000001f70200000,0x0000001f70300000) (1024K)]
  0x0000016170289aa0 JavaThread "WorkspaceEventsHandler"            [_thread_blocked, id=14600, stack(0x0000001f70300000,0x0000001f70400000) (1024K)]
  0x0000016170286cb0 JavaThread "pool-1-thread-1"                   [_thread_blocked, id=4444, stack(0x0000001f70400000,0x0000001f70500000) (1024K)]
  0x0000016170285f90 JavaThread "Cleaner-0"                  daemon [_thread_blocked, id=2676, stack(0x0000001f70a00000,0x0000001f70b00000) (1024K)]
  0x0000016173eaf0d0 JavaThread "Worker-8"                          [_thread_blocked, id=14200, stack(0x0000001f6f200000,0x0000001f6f300000) (1024K)]
  0x0000016171c4e9a0 JavaThread "Worker-9"                          [_thread_blocked, id=7744, stack(0x0000001f6f500000,0x0000001f6f600000) (1024K)]
  0x0000016173eaf760 JavaThread "ForkJoinPool.commonPool-worker-14" daemon [_thread_blocked, id=2776, stack(0x0000001f6d900000,0x0000001f6da00000) (1024K)]
  0x0000016173eafdf0 JavaThread "pool-5-thread-1"                   [_thread_blocked, id=15980, stack(0x0000001f6d800000,0x0000001f6d900000) (1024K)]
  0x0000016173eb0480 JavaThread "Framework stop - Equinox Container: 394367b0-74c8-487b-86b7-cb6c291c1991"        [_thread_blocked, id=5764, stack(0x0000001f6e800000,0x0000001f6e900000) (1024K)]
  0x0000016170282b10 JavaThread "SCR Component Registry"     daemon [_thread_blocked, id=13584, stack(0x0000001f6f600000,0x0000001f6f700000) (1024K)]
Total: 35

Other Threads:
  0x000001616a55f8c0 VMThread "VM Thread"                           [id=10192, stack(0x0000001f6dd00000,0x0000001f6de00000) (1024K)]
  0x000001616a4fca00 WatcherThread "VM Periodic Task Thread"        [id=532, stack(0x0000001f6dc00000,0x0000001f6dd00000) (1024K)]
  0x0000016151cc4ef0 WorkerThread "GC Thread#0"                     [id=10512, stack(0x0000001f6db00000,0x0000001f6dc00000) (1024K)]
  0x000001616b846440 WorkerThread "GC Thread#1"                     [id=15792, stack(0x0000001f6e900000,0x0000001f6ea00000) (1024K)]
  0x000001616b8467e0 WorkerThread "GC Thread#2"                     [id=8716, stack(0x0000001f6ea00000,0x0000001f6eb00000) (1024K)]
  0x000001616b846b80 WorkerThread "GC Thread#3"                     [id=15496, stack(0x0000001f6eb00000,0x0000001f6ec00000) (1024K)]
Total: 6

Threads with active compile tasks:
C2 CompilerThread0  4037470 21390       4       org.eclipse.osgi.internal.serviceregistry.ServiceRegistry::notifyHooksPrivileged (57 bytes)
Total: 1

VM state: not at safepoint (normal execution)

VM Mutex/Monitor currently owned by a thread: None

Heap address: 0x0000000080000000, size: 2048 MB, Compressed Oops mode: 32-bit

CDS archive(s) mapped at: [0x0000016100000000-0x0000016100ba0000-0x0000016100ba0000), size 12189696, SharedBaseAddress: 0x0000016100000000, ArchiveRelocationMode: 1.
Compressed class space mapped at: 0x0000016101000000-0x0000016141000000, reserved size: 1073741824
Narrow klass base: 0x0000016100000000, Narrow klass shift: 0, Narrow klass range: 0x100000000

GC Precious Log:
 CardTable entry size: 512
 CPUs: 4 total, 4 available
 Memory: 7538M
 Large Page Support: Disabled
 NUMA Support: Disabled
 Compressed Oops: Enabled (32-bit)
 Alignments: Space 512K, Generation 512K, Heap 2M
 Heap Min Capacity: 100M
 Heap Initial Capacity: 100M
 Heap Max Capacity: 2G
 Pre-touch: Disabled
 Parallel Workers: 4

Heap:
 PSYoungGen      total 2560K, used 2037K [0x00000000d5580000, 0x00000000d5980000, 0x0000000100000000)
  eden space 2048K, 91% used [0x00000000d5580000,0x00000000d5755460,0x00000000d5780000)
  from space 512K, 31% used [0x00000000d5880000,0x00000000d58a8000,0x00000000d5900000)
  to   space 512K, 0% used [0x00000000d5900000,0x00000000d5900000,0x00000000d5980000)
 ParOldGen       total 625664K, used 625264K [0x0000000080000000, 0x00000000a6300000, 0x00000000d5580000)
  object space 625664K, 99% used [0x0000000080000000,0x00000000a629c0e8,0x00000000a6300000)
 Metaspace       used 92133K, committed 93952K, reserved 1179648K
  class space    used 9574K, committed 10368K, reserved 1048576K

Card table byte_map: [0x0000016165960000,0x0000016165d70000] _byte_map_base: 0x0000016165560000

Marking Bits: (ParMarkBitMap*) 0x00007ffb99faa340
 Begin Bits: [0x0000016166020000, 0x0000016168020000)
 End Bits:   [0x0000016168020000, 0x000001616a020000)

Polling page: 0x0000016151be0000

Metaspace:

Usage:
  Non-class:     80.62 MB used.
      Class:      9.35 MB used.
       Both:     89.97 MB used.

Virtual space:
  Non-class space:      128.00 MB reserved,      81.62 MB ( 64%) committed,  2 nodes.
      Class space:        1.00 GB reserved,      10.12 MB ( <1%) committed,  1 nodes.
             Both:        1.12 GB reserved,      91.75 MB (  8%) committed. 

Chunk freelists:
   Non-Class:  13.84 MB
       Class:  5.76 MB
        Both:  19.61 MB

MaxMetaspaceSize: unlimited
CompressedClassSpaceSize: 1.00 GB
Initial GC threshold: 21.00 MB
Current GC threshold: 143.75 MB
CDS: on
 - commit_granule_bytes: 65536.
 - commit_granule_words: 8192.
 - virtual_space_node_default_size: 8388608.
 - enlarge_chunks_in_place: 1.
 - use_allocation_guard: 0.


Internal statistics:

num_allocs_failed_limit: 11.
num_arena_births: 1680.
num_arena_deaths: 18.
num_vsnodes_births: 3.
num_vsnodes_deaths: 0.
num_space_committed: 1468.
num_space_uncommitted: 0.
num_chunks_returned_to_freelist: 31.
num_chunks_taken_from_freelist: 6235.
num_chunk_merges: 17.
num_chunk_splits: 3685.
num_chunks_enlarged: 1920.
num_inconsistent_stats: 0.

CodeHeap 'non-profiled nmethods': size=120000Kb used=18309Kb max_used=18309Kb free=101690Kb
 bounds [0x000001615e250000, 0x000001615f440000, 0x0000016165780000]
CodeHeap 'profiled nmethods': size=120000Kb used=48502Kb max_used=48502Kb free=71498Kb
 bounds [0x0000016156780000, 0x00000161596e0000, 0x000001615dcb0000]
CodeHeap 'non-nmethods': size=5760Kb used=1533Kb max_used=1620Kb free=4226Kb
 bounds [0x000001615dcb0000, 0x000001615df20000, 0x000001615e250000]
CodeCache: size=245760Kb, used=68344Kb, max_used=68431Kb, free=177414Kb
 total_blobs=20413, nmethods=19557, adapters=760, full_count=0
Compilation: enabled, stopped_count=0, restarted_count=0

Compilation events (20 events):
Event: 4037.271 Thread 0x000001616a5ed400 21419       3       com.sun.org.apache.xml.internal.serializer.SerializerBase::patchName (79 bytes)
Event: 4037.272 Thread 0x000001616a5ed400 nmethod 21419 0x00000161596d3a10 code [0x00000161596d3ca0, 0x00000161596d46b8]
Event: 4037.275 Thread 0x000001616a5ed400 21420   !   3       org.eclipse.osgi.internal.framework.BundleContextImpl::getServicesInUseMap (17 bytes)
Event: 4037.276 Thread 0x000001616a5ed400 nmethod 21420 0x00000161596d4b90 code [0x00000161596d4d40, 0x00000161596d4f40]
Event: 4037.279 Thread 0x000001616a5ed400 21421       3       java.io.PrintWriter::write (11 bytes)
Event: 4037.279 Thread 0x000001616a5ed400 nmethod 21421 0x00000161596d5010 code [0x00000161596d51e0, 0x00000161596d54c0]
Event: 4037.279 Thread 0x000001616a5ed400 21422       1       java.lang.Throwable::getMessage (5 bytes)
Event: 4037.279 Thread 0x000001616a5ed400 nmethod 21422 0x000001615f431490 code [0x000001615f431620, 0x000001615f4316e8]
Event: 4037.280 Thread 0x000001616a5ed400 21423       3       java.lang.StackTraceElement::length (13 bytes)
Event: 4037.280 Thread 0x000001616a5ed400 nmethod 21423 0x00000161596d5610 code [0x00000161596d57c0, 0x00000161596d5a10]
Event: 4037.280 Thread 0x000001616a5ed400 21424       3       java.io.PrintWriter::print (9 bytes)
Event: 4037.280 Thread 0x000001616a5ed400 nmethod 21424 0x00000161596d5b10 code [0x00000161596d5d00, 0x00000161596d61d8]
Event: 4037.280 Thread 0x000001616a5ed400 21426       3       java.util.Formatter$FormatSpecifier::localizedMagnitude (381 bytes)
Event: 4037.282 Thread 0x000001616a5ed400 nmethod 21426 0x00000161596d6390 code [0x00000161596d67c0, 0x00000161596d8480]
Event: 4037.282 Thread 0x000001616a5ed400 21425       3       java.lang.Integer::parseInt (285 bytes)
Event: 4037.282 Thread 0x000001616a5ed400 nmethod 21425 0x00000161596d9210 code [0x00000161596d9620, 0x00000161596dae00]
Event: 4037.283 Thread 0x000001616a5ed400 21429   !   3       org.osgi.util.tracker.AbstractTracked::trackAdding (167 bytes)
Event: 4037.283 Thread 0x000001616a5ed400 nmethod 21429 0x00000161596db710 code [0x00000161596db960, 0x00000161596dc378]
Event: 4037.283 Thread 0x000001616a5ed400 21428       3       org.apache.felix.scr.impl.Activator::debug (78 bytes)
Event: 4037.283 Thread 0x000001616a5ed400 nmethod 21428 0x00000161596dc690 code [0x00000161596dc940, 0x00000161596dd3e0]

GC Heap History (20 events):
Event: 3960.229 GC heap before
{Heap before GC invocations=1780 (full 4):
 PSYoungGen      total 5632K, used 5344K [0x00000000d5580000, 0x00000000d5c00000, 0x0000000100000000)
  eden space 5120K, 100% used [0x00000000d5580000,0x00000000d5a80000,0x00000000d5a80000)
  from space 512K, 43% used [0x00000000d5b00000,0x00000000d5b38020,0x00000000d5b80000)
  to   space 512K, 0% used [0x00000000d5b80000,0x00000000d5b80000,0x00000000d5c00000)
 ParOldGen       total 619520K, used 619278K [0x0000000080000000, 0x00000000a5d00000, 0x00000000d5580000)
  object space 619520K, 99% used [0x0000000080000000,0x00000000a5cc3b78,0x00000000a5d00000)
 Metaspace       used 91827K, committed 93696K, reserved 1179648K
  class space    used 9529K, committed 10368K, reserved 1048576K
}
Event: 3960.237 GC heap after
{Heap after GC invocations=1780 (full 4):
 PSYoungGen      total 2560K, used 510K [0x00000000d5580000, 0x00000000d6280000, 0x0000000100000000)
  eden space 2048K, 0% used [0x00000000d5580000,0x00000000d5580000,0x00000000d5780000)
  from space 512K, 99% used [0x00000000d5b80000,0x00000000d5bffb90,0x00000000d5c00000)
  to   space 4096K, 0% used [0x00000000d5780000,0x00000000d5780000,0x00000000d5b80000)
 ParOldGen       total 622080K, used 622077K [0x0000000080000000, 0x00000000a5f80000, 0x00000000d5580000)
  object space 622080K, 99% used [0x0000000080000000,0x00000000a5f7f530,0x00000000a5f80000)
 Metaspace       used 91827K, committed 93696K, reserved 1179648K
  class space    used 9529K, committed 10368K, reserved 1048576K
}
Event: 3960.254 GC heap before
{Heap before GC invocations=1781 (full 4):
 PSYoungGen      total 2560K, used 2558K [0x00000000d5580000, 0x00000000d6280000, 0x0000000100000000)
  eden space 2048K, 100% used [0x00000000d5580000,0x00000000d5780000,0x00000000d5780000)
  from space 512K, 99% used [0x00000000d5b80000,0x00000000d5bffb90,0x00000000d5c00000)
  to   space 4096K, 0% used [0x00000000d5780000,0x00000000d5780000,0x00000000d5b80000)
 ParOldGen       total 622080K, used 622077K [0x0000000080000000, 0x00000000a5f80000, 0x00000000d5580000)
  object space 622080K, 99% used [0x0000000080000000,0x00000000a5f7f530,0x00000000a5f80000)
 Metaspace       used 91827K, committed 93696K, reserved 1179648K
  class space    used 9529K, committed 10368K, reserved 1048576K
}
Event: 3960.257 GC heap after
{Heap after GC invocations=1781 (full 4):
 PSYoungGen      total 4096K, used 1669K [0x00000000d5580000, 0x00000000d5c80000, 0x0000000100000000)
  eden space 2048K, 0% used [0x00000000d5580000,0x00000000d5580000,0x00000000d5780000)
  from space 2048K, 81% used [0x00000000d5780000,0x00000000d5921640,0x00000000d5980000)
  to   space 2560K, 0% used [0x00000000d5a00000,0x00000000d5a00000,0x00000000d5c80000)
 ParOldGen       total 623104K, used 622595K [0x0000000080000000, 0x00000000a6080000, 0x00000000d5580000)
  object space 623104K, 99% used [0x0000000080000000,0x00000000a6000c30,0x00000000a6080000)
 Metaspace       used 91827K, committed 93696K, reserved 1179648K
  class space    used 9529K, committed 10368K, reserved 1048576K
}
Event: 3960.279 GC heap before
{Heap before GC invocations=1782 (full 4):
 PSYoungGen      total 4096K, used 3717K [0x00000000d5580000, 0x00000000d5c80000, 0x0000000100000000)
  eden space 2048K, 100% used [0x00000000d5580000,0x00000000d5780000,0x00000000d5780000)
  from space 2048K, 81% used [0x00000000d5780000,0x00000000d5921640,0x00000000d5980000)
  to   space 2560K, 0% used [0x00000000d5a00000,0x00000000d5a00000,0x00000000d5c80000)
 ParOldGen       total 623104K, used 622595K [0x0000000080000000, 0x00000000a6080000, 0x00000000d5580000)
  object space 623104K, 99% used [0x0000000080000000,0x00000000a6000c30,0x00000000a6080000)
 Metaspace       used 91827K, committed 93696K, reserved 1179648K
  class space    used 9529K, committed 10368K, reserved 1048576K
}
Event: 3960.284 GC heap after
{Heap after GC invocations=1782 (full 4):
 PSYoungGen      total 4096K, used 1553K [0x00000000d5580000, 0x00000000d5c00000, 0x0000000100000000)
  eden space 2048K, 0% used [0x00000000d5580000,0x00000000d5580000,0x00000000d5780000)
  from space 2048K, 75% used [0x00000000d5a00000,0x00000000d5b84508,0x00000000d5c00000)
  to   space 2048K, 0% used [0x00000000d5780000,0x00000000d5780000,0x00000000d5980000)
 ParOldGen       total 624640K, used 624200K [0x0000000080000000, 0x00000000a6200000, 0x00000000d5580000)
  object space 624640K, 99% used [0x0000000080000000,0x00000000a61920d8,0x00000000a6200000)
 Metaspace       used 91827K, committed 93696K, reserved 1179648K
  class space    used 9529K, committed 10368K, reserved 1048576K
}
Event: 3999.989 GC heap before
{Heap before GC invocations=1783 (full 4):
 PSYoungGen      total 4096K, used 3599K [0x00000000d5580000, 0x00000000d5c00000, 0x0000000100000000)
  eden space 2048K, 99% used [0x00000000d5580000,0x00000000d577f828,0x00000000d5780000)
  from space 2048K, 75% used [0x00000000d5a00000,0x00000000d5b84508,0x00000000d5c00000)
  to   space 2048K, 0% used [0x00000000d5780000,0x00000000d5780000,0x00000000d5980000)
 ParOldGen       total 624640K, used 624200K [0x0000000080000000, 0x00000000a6200000, 0x00000000d5580000)
  object space 624640K, 99% used [0x0000000080000000,0x00000000a61920d8,0x00000000a6200000)
 Metaspace       used 91837K, committed 93696K, reserved 1179648K
  class space    used 9531K, committed 10368K, reserved 1048576K
}
Event: 3999.993 GC heap after
{Heap after GC invocations=1783 (full 4):
 PSYoungGen      total 3072K, used 768K [0x00000000d5580000, 0x00000000d5a80000, 0x0000000100000000)
  eden space 2048K, 0% used [0x00000000d5580000,0x00000000d5580000,0x00000000d5780000)
  from space 1024K, 75% used [0x00000000d5780000,0x00000000d5840000,0x00000000d5880000)
  to   space 1536K, 0% used [0x00000000d5900000,0x00000000d5900000,0x00000000d5a80000)
 ParOldGen       total 624640K, used 624400K [0x0000000080000000, 0x00000000a6200000, 0x00000000d5580000)
  object space 624640K, 99% used [0x0000000080000000,0x00000000a61c40d8,0x00000000a6200000)
 Metaspace       used 91837K, committed 93696K, reserved 1179648K
  class space    used 9531K, committed 10368K, reserved 1048576K
}
Event: 4036.695 GC heap before
{Heap before GC invocations=1784 (full 4):
 PSYoungGen      total 3072K, used 2248K [0x00000000d5580000, 0x00000000d5a80000, 0x0000000100000000)
  eden space 2048K, 72% used [0x00000000d5580000,0x00000000d56f23d8,0x00000000d5780000)
  from space 1024K, 75% used [0x00000000d5780000,0x00000000d5840000,0x00000000d5880000)
  to   space 1536K, 0% used [0x00000000d5900000,0x00000000d5900000,0x00000000d5a80000)
 ParOldGen       total 624640K, used 624400K [0x0000000080000000, 0x00000000a6200000, 0x00000000d5580000)
  object space 624640K, 99% used [0x0000000080000000,0x00000000a61c40d8,0x00000000a6200000)
 Metaspace       used 91881K, committed 93696K, reserved 1179648K
  class space    used 9541K, committed 10368K, reserved 1048576K
}
Event: 4036.697 GC heap after
{Heap after GC invocations=1784 (full 4):
 PSYoungGen      total 2560K, used 128K [0x00000000d5580000, 0x00000000d5980000, 0x0000000100000000)
  eden space 2048K, 0% used [0x00000000d5580000,0x00000000d5580000,0x00000000d5780000)
  from space 512K, 25% used [0x00000000d5900000,0x00000000d5920000,0x00000000d5980000)
  to   space 512K, 0% used [0x00000000d5880000,0x00000000d5880000,0x00000000d5900000)
 ParOldGen       total 625152K, used 625128K [0x0000000080000000, 0x00000000a6280000, 0x00000000d5580000)
  object space 625152K, 99% used [0x0000000080000000,0x00000000a627a0d8,0x00000000a6280000)
 Metaspace       used 91881K, committed 93696K, reserved 1179648K
  class space    used 9541K, committed 10368K, reserved 1048576K
}
Event: 4036.764 GC heap before
{Heap before GC invocations=1785 (full 4):
 PSYoungGen      total 2560K, used 1871K [0x00000000d5580000, 0x00000000d5980000, 0x0000000100000000)
  eden space 2048K, 85% used [0x00000000d5580000,0x00000000d5733de8,0x00000000d5780000)
  from space 512K, 25% used [0x00000000d5900000,0x00000000d5920000,0x00000000d5980000)
  to   space 512K, 0% used [0x00000000d5880000,0x00000000d5880000,0x00000000d5900000)
 ParOldGen       total 625152K, used 625128K [0x0000000080000000, 0x00000000a6280000, 0x00000000d5580000)
  object space 625152K, 99% used [0x0000000080000000,0x00000000a627a0d8,0x00000000a6280000)
 Metaspace       used 91883K, committed 93696K, reserved 1179648K
  class space    used 9541K, committed 10368K, reserved 1048576K
}
Event: 4036.767 GC heap after
{Heap after GC invocations=1785 (full 4):
 PSYoungGen      total 2560K, used 96K [0x00000000d5580000, 0x00000000d5980000, 0x0000000100000000)
  eden space 2048K, 0% used [0x00000000d5580000,0x00000000d5580000,0x00000000d5780000)
  from space 512K, 18% used [0x00000000d5880000,0x00000000d5898000,0x00000000d5900000)
  to   space 512K, 0% used [0x00000000d5900000,0x00000000d5900000,0x00000000d5980000)
 ParOldGen       total 625664K, used 625168K [0x0000000080000000, 0x00000000a6300000, 0x00000000d5580000)
  object space 625664K, 99% used [0x0000000080000000,0x00000000a62840e8,0x00000000a6300000)
 Metaspace       used 91883K, committed 93696K, reserved 1179648K
  class space    used 9541K, committed 10368K, reserved 1048576K
}
Event: 4036.830 GC heap before
{Heap before GC invocations=1786 (full 4):
 PSYoungGen      total 2560K, used 2054K [0x00000000d5580000, 0x00000000d5980000, 0x0000000100000000)
  eden space 2048K, 95% used [0x00000000d5580000,0x00000000d5769a98,0x00000000d5780000)
  from space 512K, 18% used [0x00000000d5880000,0x00000000d5898000,0x00000000d5900000)
  to   space 512K, 0% used [0x00000000d5900000,0x00000000d5900000,0x00000000d5980000)
 ParOldGen       total 625664K, used 625168K [0x0000000080000000, 0x00000000a6300000, 0x00000000d5580000)
  object space 625664K, 99% used [0x0000000080000000,0x00000000a62840e8,0x00000000a6300000)
 Metaspace       used 91883K, committed 93696K, reserved 1179648K
  class space    used 9541K, committed 10368K, reserved 1048576K
}
Event: 4036.831 GC heap after
{Heap after GC invocations=1786 (full 4):
 PSYoungGen      total 2560K, used 128K [0x00000000d5580000, 0x00000000d5980000, 0x0000000100000000)
  eden space 2048K, 0% used [0x00000000d5580000,0x00000000d5580000,0x00000000d5780000)
  from space 512K, 25% used [0x00000000d5900000,0x00000000d5920000,0x00000000d5980000)
  to   space 512K, 0% used [0x00000000d5880000,0x00000000d5880000,0x00000000d5900000)
 ParOldGen       total 625664K, used 625192K [0x0000000080000000, 0x00000000a6300000, 0x00000000d5580000)
  object space 625664K, 99% used [0x0000000080000000,0x00000000a628a0e8,0x00000000a6300000)
 Metaspace       used 91883K, committed 93696K, reserved 1179648K
  class space    used 9541K, committed 10368K, reserved 1048576K
}
Event: 4036.934 GC heap before
{Heap before GC invocations=1787 (full 4):
 PSYoungGen      total 2560K, used 2176K [0x00000000d5580000, 0x00000000d5980000, 0x0000000100000000)
  eden space 2048K, 100% used [0x00000000d5580000,0x00000000d5780000,0x00000000d5780000)
  from space 512K, 25% used [0x00000000d5900000,0x00000000d5920000,0x00000000d5980000)
  to   space 512K, 0% used [0x00000000d5880000,0x00000000d5880000,0x00000000d5900000)
 ParOldGen       total 625664K, used 625192K [0x0000000080000000, 0x00000000a6300000, 0x00000000d5580000)
  object space 625664K, 99% used [0x0000000080000000,0x00000000a628a0e8,0x00000000a6300000)
 Metaspace       used 91883K, committed 93696K, reserved 1179648K
  class space    used 9541K, committed 10368K, reserved 1048576K
}
Event: 4036.935 GC heap after
{Heap after GC invocations=1787 (full 4):
 PSYoungGen      total 2560K, used 128K [0x00000000d5580000, 0x00000000d5980000, 0x0000000100000000)
  eden space 2048K, 0% used [0x00000000d5580000,0x00000000d5580000,0x00000000d5780000)
  from space 512K, 25% used [0x00000000d5880000,0x00000000d58a0000,0x00000000d5900000)
  to   space 512K, 0% used [0x00000000d5900000,0x00000000d5900000,0x00000000d5980000)
 ParOldGen       total 625664K, used 625216K [0x0000000080000000, 0x00000000a6300000, 0x00000000d5580000)
  object space 625664K, 99% used [0x0000000080000000,0x00000000a62900e8,0x00000000a6300000)
 Metaspace       used 91883K, committed 93696K, reserved 1179648K
  class space    used 9541K, committed 10368K, reserved 1048576K
}
Event: 4037.020 GC heap before
{Heap before GC invocations=1788 (full 4):
 PSYoungGen      total 2560K, used 2176K [0x00000000d5580000, 0x00000000d5980000, 0x0000000100000000)
  eden space 2048K, 100% used [0x00000000d5580000,0x00000000d5780000,0x00000000d5780000)
  from space 512K, 25% used [0x00000000d5880000,0x00000000d58a0000,0x00000000d5900000)
  to   space 512K, 0% used [0x00000000d5900000,0x00000000d5900000,0x00000000d5980000)
 ParOldGen       total 625664K, used 625216K [0x0000000080000000, 0x00000000a6300000, 0x00000000d5580000)
  object space 625664K, 99% used [0x0000000080000000,0x00000000a62900e8,0x00000000a6300000)
 Metaspace       used 91884K, committed 93696K, reserved 1179648K
  class space    used 9541K, committed 10368K, reserved 1048576K
}
Event: 4037.022 GC heap after
{Heap after GC invocations=1788 (full 4):
 PSYoungGen      total 2560K, used 96K [0x00000000d5580000, 0x00000000d5980000, 0x0000000100000000)
  eden space 2048K, 0% used [0x00000000d5580000,0x00000000d5580000,0x00000000d5780000)
  from space 512K, 18% used [0x00000000d5900000,0x00000000d5918000,0x00000000d5980000)
  to   space 512K, 0% used [0x00000000d5880000,0x00000000d5880000,0x00000000d5900000)
 ParOldGen       total 625664K, used 625240K [0x0000000080000000, 0x00000000a6300000, 0x00000000d5580000)
  object space 625664K, 99% used [0x0000000080000000,0x00000000a62960e8,0x00000000a6300000)
 Metaspace       used 91884K, committed 93696K, reserved 1179648K
  class space    used 9541K, committed 10368K, reserved 1048576K
}
Event: 4037.182 GC heap before
{Heap before GC invocations=1789 (full 4):
 PSYoungGen      total 2560K, used 2144K [0x00000000d5580000, 0x00000000d5980000, 0x0000000100000000)
  eden space 2048K, 100% used [0x00000000d5580000,0x00000000d5780000,0x00000000d5780000)
  from space 512K, 18% used [0x00000000d5900000,0x00000000d5918000,0x00000000d5980000)
  to   space 512K, 0% used [0x00000000d5880000,0x00000000d5880000,0x00000000d5900000)
 ParOldGen       total 625664K, used 625240K [0x0000000080000000, 0x00000000a6300000, 0x00000000d5580000)
  object space 625664K, 99% used [0x0000000080000000,0x00000000a62960e8,0x00000000a6300000)
 Metaspace       used 92023K, committed 93824K, reserved 1179648K
  class space    used 9561K, committed 10368K, reserved 1048576K
}
Event: 4037.184 GC heap after
{Heap after GC invocations=1789 (full 4):
 PSYoungGen      total 2560K, used 160K [0x00000000d5580000, 0x00000000d5980000, 0x0000000100000000)
  eden space 2048K, 0% used [0x00000000d5580000,0x00000000d5580000,0x00000000d5780000)
  from space 512K, 31% used [0x00000000d5880000,0x00000000d58a8000,0x00000000d5900000)
  to   space 512K, 0% used [0x00000000d5900000,0x00000000d5900000,0x00000000d5980000)
 ParOldGen       total 625664K, used 625264K [0x0000000080000000, 0x00000000a6300000, 0x00000000d5580000)
  object space 625664K, 99% used [0x0000000080000000,0x00000000a629c0e8,0x00000000a6300000)
 Metaspace       used 92023K, committed 93824K, reserved 1179648K
  class space    used 9561K, committed 10368K, reserved 1048576K
}

Dll operation events (12 events):
Event: 0.017 Loaded shared library c:\Users\Usuario\.vscode\extensions\redhat.java-1.45.0-win32-x64\jre\21.0.8-win32-x86_64\bin\java.dll
Event: 0.142 Loaded shared library c:\Users\Usuario\.vscode\extensions\redhat.java-1.45.0-win32-x64\jre\21.0.8-win32-x86_64\bin\zip.dll
Event: 0.180 Loaded shared library C:\Users\Usuario\.vscode\extensions\redhat.java-1.45.0-win32-x64\jre\21.0.8-win32-x86_64\bin\instrument.dll
Event: 0.186 Loaded shared library C:\Users\Usuario\.vscode\extensions\redhat.java-1.45.0-win32-x64\jre\21.0.8-win32-x86_64\bin\net.dll
Event: 0.189 Loaded shared library C:\Users\Usuario\.vscode\extensions\redhat.java-1.45.0-win32-x64\jre\21.0.8-win32-x86_64\bin\nio.dll
Event: 0.194 Loaded shared library C:\Users\Usuario\.vscode\extensions\redhat.java-1.45.0-win32-x64\jre\21.0.8-win32-x86_64\bin\zip.dll
Event: 0.228 Loaded shared library C:\Users\Usuario\.vscode\extensions\redhat.java-1.45.0-win32-x64\jre\21.0.8-win32-x86_64\bin\jimage.dll
Event: 0.415 Loaded shared library c:\Users\Usuario\.vscode\extensions\redhat.java-1.45.0-win32-x64\jre\21.0.8-win32-x86_64\bin\verify.dll
Event: 2.427 Loaded shared library C:\Users\Usuario\AppData\Roaming\Code\User\globalStorage\redhat.java\1.45.0\config_win\org.eclipse.equinox.launcher\org.eclipse.equinox.launcher.win32.win32.x86_64_1.2.1400.v20250801-0854\eclipse_11916.dll
Event: 4.464 Loaded shared library C:\Users\Usuario\AppData\Local\Temp\jna-1531808526\jna12116851261984357486.dll
Event: 402.243 Loaded shared library C:\Users\Usuario\.vscode\extensions\redhat.java-1.45.0-win32-x64\jre\21.0.8-win32-x86_64\bin\sunmscapi.dll
Event: 402.348 Loaded shared library C:\Users\Usuario\.vscode\extensions\redhat.java-1.45.0-win32-x64\jre\21.0.8-win32-x86_64\bin\extnet.dll

Deoptimization events (20 events):
Event: 4037.081 Thread 0x0000016173eaf0d0 DEOPT PACKING pc=0x000001615e99e02c sp=0x0000001f6f2fea20
Event: 4037.081 Thread 0x0000016173eaf0d0 DEOPT UNPACKING pc=0x000001615dd03aa2 sp=0x0000001f6f2fe9d8 mode 2
Event: 4037.081 Thread 0x0000016173eaf0d0 Uncommon trap: trap_request=0xffffffc6 fr.pc=0x000001615e99e02c relative=0x00000000000003ec
Event: 4037.081 Thread 0x0000016173eaf0d0 Uncommon trap: reason=bimorphic_or_optimized_type_check action=maybe_recompile pc=0x000001615e99e02c method=java.io.DataOutputStream.writeByte(I)V @ 5 c2
Event: 4037.081 Thread 0x0000016173eaf0d0 DEOPT PACKING pc=0x000001615e99e02c sp=0x0000001f6f2fea20
Event: 4037.081 Thread 0x0000016173eaf0d0 DEOPT UNPACKING pc=0x000001615dd03aa2 sp=0x0000001f6f2fe9d8 mode 2
Event: 4037.169 Thread 0x0000016173eaf0d0 Uncommon trap: trap_request=0xffffffbe fr.pc=0x000001615e2ab304 relative=0x0000000000000704
Event: 4037.169 Thread 0x0000016173eaf0d0 Uncommon trap: reason=profile_predicate action=maybe_recompile pc=0x000001615e2ab304 method=java.io.InputStream.read([BII)I @ 40 c2
Event: 4037.169 Thread 0x0000016173eaf0d0 DEOPT PACKING pc=0x000001615e2ab304 sp=0x0000001f6f2fe990
Event: 4037.169 Thread 0x0000016173eaf0d0 DEOPT UNPACKING pc=0x000001615dd03aa2 sp=0x0000001f6f2fe910 mode 2
Event: 4037.174 Thread 0x0000016170287340 DEOPT PACKING pc=0x00000161594ee3fc sp=0x0000001f702ff120
Event: 4037.174 Thread 0x0000016170287340 DEOPT UNPACKING pc=0x000001615dd04242 sp=0x0000001f702fe600 mode 0
Event: 4037.201 Thread 0x0000016173eb0480 Uncommon trap: trap_request=0xfffffff4 fr.pc=0x000001615e49857c relative=0x000000000000125c
Event: 4037.201 Thread 0x0000016173eb0480 Uncommon trap: reason=null_check action=make_not_entrant pc=0x000001615e49857c method=org.apache.aries.spifly.BaseActivator.getWeavingData(Lorg/osgi/framework/Bundle;)Ljava/util/Set; @ 10 c2
Event: 4037.201 Thread 0x0000016173eb0480 DEOPT PACKING pc=0x000001615e49857c sp=0x0000001f6e8fd5d0
Event: 4037.201 Thread 0x0000016173eb0480 DEOPT UNPACKING pc=0x000001615dd03aa2 sp=0x0000001f6e8fd3a8 mode 2
Event: 4037.234 Thread 0x0000016173eb0480 Uncommon trap: trap_request=0xffffff45 fr.pc=0x000001615e81c2d4 relative=0x0000000000000554
Event: 4037.234 Thread 0x0000016173eb0480 Uncommon trap: reason=unstable_if action=reinterpret pc=0x000001615e81c2d4 method=java.util.IdentityHashMap.remove(Ljava/lang/Object;)Ljava/lang/Object; @ 85 c2
Event: 4037.234 Thread 0x0000016173eb0480 DEOPT PACKING pc=0x000001615e81c2d4 sp=0x0000001f6e8fca40
Event: 4037.234 Thread 0x0000016173eb0480 DEOPT UNPACKING pc=0x000001615dd03aa2 sp=0x0000001f6e8fc9d0 mode 2

Classes loaded (20 events):
Event: 1213.216 Loading class jdk/internal/module/IllegalAccessLogger
Event: 1213.216 Loading class jdk/internal/module/IllegalAccessLogger done
Event: 1216.824 Loading class java/net/HttpURLConnection
Event: 1216.825 Loading class java/net/HttpURLConnection done
Event: 3999.988 Loading class java/lang/Throwable$WrappedPrintWriter
Event: 3999.988 Loading class java/lang/Throwable$PrintStreamOrWriter
Event: 3999.988 Loading class java/lang/Throwable$PrintStreamOrWriter done
Event: 3999.988 Loading class java/lang/Throwable$WrappedPrintWriter done
Event: 4036.576 Loading class java/util/concurrent/Executors$DelegatedScheduledExecutorService
Event: 4036.577 Loading class java/util/concurrent/Executors$DelegatedExecutorService
Event: 4036.577 Loading class java/util/concurrent/Executors$DelegatedExecutorService done
Event: 4036.577 Loading class java/util/concurrent/Executors$DelegatedScheduledExecutorService done
Event: 4037.026 Loading class java/util/concurrent/ConcurrentHashMap$EntrySpliterator
Event: 4037.026 Loading class java/util/concurrent/ConcurrentHashMap$EntrySpliterator done
Event: 4037.043 Loading class java/util/zip/Deflater
Event: 4037.045 Loading class java/util/zip/Deflater done
Event: 4037.046 Loading class java/util/zip/Deflater$DeflaterZStreamRef
Event: 4037.047 Loading class java/util/zip/Deflater$DeflaterZStreamRef done
Event: 4037.091 Loading class java/util/Collections$EmptyListIterator
Event: 4037.092 Loading class java/util/Collections$EmptyListIterator done

Classes unloaded (9 events):
Event: 4.909 Thread 0x000001616a55f8c0 Unloading class 0x00000161011ad000 'java/lang/invoke/LambdaForm$MH+0x00000161011ad000'
Event: 4.909 Thread 0x000001616a55f8c0 Unloading class 0x00000161011acc00 'java/lang/invoke/LambdaForm$MH+0x00000161011acc00'
Event: 4.909 Thread 0x000001616a55f8c0 Unloading class 0x00000161011ac800 'java/lang/invoke/LambdaForm$MH+0x00000161011ac800'
Event: 4.909 Thread 0x000001616a55f8c0 Unloading class 0x00000161011ac400 'java/lang/invoke/LambdaForm$MH+0x00000161011ac400'
Event: 4.909 Thread 0x000001616a55f8c0 Unloading class 0x00000161011ac000 'java/lang/invoke/LambdaForm$BMH+0x00000161011ac000'
Event: 4.909 Thread 0x000001616a55f8c0 Unloading class 0x00000161011abc00 'java/lang/invoke/LambdaForm$DMH+0x00000161011abc00'
Event: 4.909 Thread 0x000001616a55f8c0 Unloading class 0x00000161011aa800 'java/lang/invoke/LambdaForm$DMH+0x00000161011aa800'
Event: 10.586 Thread 0x000001616a55f8c0 Unloading class 0x00000161016a4c00 'java/lang/invoke/LambdaForm$DMH+0x00000161016a4c00'
Event: 10.586 Thread 0x000001616a55f8c0 Unloading class 0x00000161016a4800 'java/lang/invoke/LambdaForm$DMH+0x00000161016a4800'

Classes redefined (0 events):
No events

Internal exceptions (20 events):
Event: 4036.661 Thread 0x0000016173eaf0d0 Exception <a 'sun/nio/fs/WindowsException'{0x00000000d5645d20}> (0x00000000d5645d20) 
thrown [s\src\hotspot\share\prims\jni.cpp, line 520]
Event: 4037.108 Thread 0x0000016173eaf0d0 Exception <a 'java/lang/NoSuchMethodError'{0x00000000d56ba3f0}: 'java.lang.Object java.lang.invoke.DirectMethodHandle$Holder.newInvokeSpecial(java.lang.Object, java.lang.Object, java.lang.Object, java.lang.Object, java.lang.Object, java.lang.Object, java.lang.Object, java.lang.Object, java.lang.Object, java.lang.Object)'> (0x00000000d56ba3f0) 
thrown [s\src\hotspot\share\interpreter\linkResolver.cpp, line 773]
Event: 4037.152 Thread 0x0000016173eaf0d0 Exception <a 'sun/nio/fs/WindowsException'{0x00000000d5726158}> (0x00000000d5726158) 
thrown [s\src\hotspot\share\prims\jni.cpp, line 520]
Event: 4037.201 Thread 0x0000016173eb0480 Implicit null exception at 0x000001615e498455 to 0x000001615e49853b
Event: 4037.253 Thread 0x0000016173eb0480 Exception <a 'java/io/FileNotFoundException'{0x00000000d5685e30}> (0x00000000d5685e30) 
thrown [s\src\hotspot\share\prims\jni.cpp, line 520]
Event: 4037.263 Thread 0x0000016173eb0480 Exception <a 'sun/nio/fs/WindowsException'{0x00000000d569eb18}> (0x00000000d569eb18) 
thrown [s\src\hotspot\share\prims\jni.cpp, line 520]
Event: 4037.263 Thread 0x0000016173eb0480 Exception <a 'sun/nio/fs/WindowsException'{0x00000000d569f5b0}> (0x00000000d569f5b0) 
thrown [s\src\hotspot\share\prims\jni.cpp, line 520]
Event: 4037.264 Thread 0x0000016173eb0480 Exception <a 'sun/nio/fs/WindowsException'{0x00000000d56a0210}> (0x00000000d56a0210) 
thrown [s\src\hotspot\share\prims\jni.cpp, line 520]
Event: 4037.265 Thread 0x0000016173eb0480 Exception <a 'sun/nio/fs/WindowsException'{0x00000000d56a0848}> (0x00000000d56a0848) 
thrown [s\src\hotspot\share\prims\jni.cpp, line 520]
Event: 4037.267 Thread 0x0000016173eb0480 Exception <a 'sun/nio/fs/WindowsException'{0x00000000d56a1390}> (0x00000000d56a1390) 
thrown [s\src\hotspot\share\prims\jni.cpp, line 520]
Event: 4037.267 Thread 0x0000016173eb0480 Exception <a 'sun/nio/fs/WindowsException'{0x00000000d56a1a88}> (0x00000000d56a1a88) 
thrown [s\src\hotspot\share\prims\jni.cpp, line 520]
Event: 4037.270 Thread 0x0000016173eb0480 Exception <a 'sun/nio/fs/WindowsException'{0x00000000d56b7080}> (0x00000000d56b7080) 
thrown [s\src\hotspot\share\prims\jni.cpp, line 520]
Event: 4037.278 Thread 0x0000016173eaf0d0 Exception <a 'java/io/IOException'{0x00000000d56c6e68}> (0x00000000d56c6e68) 
thrown [s\src\hotspot\share\prims\jni.cpp, line 520]
Event: 4037.278 Thread 0x0000016173eaf0d0 Exception <a 'java/io/IOException'{0x00000000d56c86a8}> (0x00000000d56c86a8) 
thrown [s\src\hotspot\share\prims\jni.cpp, line 520]
Event: 4037.279 Thread 0x0000016173eaf0d0 Exception <a 'java/io/IOException'{0x00000000d56dccb0}> (0x00000000d56dccb0) 
thrown [s\src\hotspot\share\prims\jni.cpp, line 520]
Event: 4037.279 Thread 0x0000016173eaf0d0 Exception <a 'java/io/IOException'{0x00000000d56ddb00}> (0x00000000d56ddb00) 
thrown [s\src\hotspot\share\prims\jni.cpp, line 520]
Event: 4037.280 Thread 0x0000016173eaf0d0 Exception <a 'java/io/IOException'{0x00000000d56ebf70}> (0x00000000d56ebf70) 
thrown [s\src\hotspot\share\prims\jni.cpp, line 520]
Event: 4037.281 Thread 0x0000016173eaf0d0 Exception <a 'java/io/IOException'{0x00000000d56ecac0}> (0x00000000d56ecac0) 
thrown [s\src\hotspot\share\prims\jni.cpp, line 520]
Event: 4037.282 Thread 0x0000016173eaf0d0 Exception <a 'java/io/IOException'{0x00000000d57002c8}> (0x00000000d57002c8) 
thrown [s\src\hotspot\share\prims\jni.cpp, line 520]
Event: 4037.300 Thread 0x0000016170285900 Exception <a 'sun/nio/fs/WindowsException'{0x00000000d57352a0}> (0x00000000d57352a0) 
thrown [s\src\hotspot\share\prims\jni.cpp, line 520]

ZGC Phase Switch (0 events):
No events

VM Operations (20 events):
Event: 4008.796 Executing VM operation: RendezvousGCThreads
Event: 4008.796 Executing VM operation: RendezvousGCThreads done
Event: 4036.619 Executing VM operation: HandshakeAllThreads (Deoptimize)
Event: 4036.619 Executing VM operation: HandshakeAllThreads (Deoptimize) done
Event: 4036.619 Executing VM operation: Cleanup
Event: 4036.619 Executing VM operation: Cleanup done
Event: 4036.695 Executing VM operation: ParallelGCFailedAllocation (Allocation Failure)
Event: 4036.697 Executing VM operation: ParallelGCFailedAllocation (Allocation Failure) done
Event: 4036.764 Executing VM operation: ParallelGCFailedAllocation (Allocation Failure)
Event: 4036.767 Executing VM operation: ParallelGCFailedAllocation (Allocation Failure) done
Event: 4036.830 Executing VM operation: ParallelGCFailedAllocation (Allocation Failure)
Event: 4036.831 Executing VM operation: ParallelGCFailedAllocation (Allocation Failure) done
Event: 4036.934 Executing VM operation: ParallelGCFailedAllocation (Allocation Failure)
Event: 4036.935 Executing VM operation: ParallelGCFailedAllocation (Allocation Failure) done
Event: 4037.020 Executing VM operation: ParallelGCFailedAllocation (Allocation Failure)
Event: 4037.022 Executing VM operation: ParallelGCFailedAllocation (Allocation Failure) done
Event: 4037.182 Executing VM operation: ParallelGCFailedAllocation (Allocation Failure)
Event: 4037.184 Executing VM operation: ParallelGCFailedAllocation (Allocation Failure) done
Event: 4037.245 Executing VM operation: HandshakeAllThreads (Deoptimize)
Event: 4037.245 Executing VM operation: HandshakeAllThreads (Deoptimize) done

Memory protections (0 events):
No events

Nmethod flushes (20 events):
Event: 493.823 Thread 0x000001616a55f8c0 flushing  nmethod 0x0000016157914110
Event: 493.823 Thread 0x000001616a55f8c0 flushing  nmethod 0x000001615792a910
Event: 493.823 Thread 0x000001616a55f8c0 flushing  nmethod 0x000001615792ae10
Event: 493.823 Thread 0x000001616a55f8c0 flushing  nmethod 0x000001615792c710
Event: 493.823 Thread 0x000001616a55f8c0 flushing  nmethod 0x0000016157931110
Event: 493.823 Thread 0x000001616a55f8c0 flushing  nmethod 0x0000016157932710
Event: 493.823 Thread 0x000001616a55f8c0 flushing  nmethod 0x0000016157938110
Event: 493.823 Thread 0x000001616a55f8c0 flushing  nmethod 0x000001615793eb10
Event: 493.823 Thread 0x000001616a55f8c0 flushing  nmethod 0x0000016157945e90
Event: 493.823 Thread 0x000001616a55f8c0 flushing  nmethod 0x0000016157956b90
Event: 493.823 Thread 0x000001616a55f8c0 flushing  nmethod 0x0000016157959990
Event: 493.823 Thread 0x000001616a55f8c0 flushing  nmethod 0x0000016157960a90
Event: 493.823 Thread 0x000001616a55f8c0 flushing  nmethod 0x0000016157964890
Event: 493.823 Thread 0x000001616a55f8c0 flushing  nmethod 0x0000016157983010
Event: 493.823 Thread 0x000001616a55f8c0 flushing  nmethod 0x0000016157987190
Event: 493.823 Thread 0x000001616a55f8c0 flushing  nmethod 0x0000016157995210
Event: 493.823 Thread 0x000001616a55f8c0 flushing  nmethod 0x000001615799eb10
Event: 493.823 Thread 0x000001616a55f8c0 flushing osr nmethod 0x00000161579a0210
Event: 493.823 Thread 0x000001616a55f8c0 flushing  nmethod 0x00000161579c7510
Event: 493.823 Thread 0x000001616a55f8c0 flushing  nmethod 0x0000016157ab4f90

Events (20 events):
Event: 3637.020 Thread 0x00000161727ce940 Thread exited: 0x00000161727ce940
Event: 3653.754 Thread 0x000001616a57cf30 Thread added: 0x00000161716de3b0
Event: 3658.946 Thread 0x00000161716de3b0 Thread exited: 0x00000161716de3b0
Event: 3687.063 Thread 0x000001616a5ed400 Thread added: 0x00000161422f33f0
Event: 3687.210 Thread 0x00000161422f33f0 Thread exited: 0x00000161422f33f0
Event: 3805.450 Thread 0x0000016173eaf760 Thread exited: 0x0000016173eaf760
Event: 3865.452 Thread 0x0000016173eb0480 Thread exited: 0x0000016173eb0480
Event: 3925.459 Thread 0x0000016173eafdf0 Thread exited: 0x0000016173eafdf0
Event: 3960.126 Thread 0x0000016170286cb0 Thread added: 0x0000016170282b10
Event: 3960.172 Thread 0x0000016170282b10 Thread added: 0x0000016173eaf760
Event: 4020.332 Thread 0x0000016170282b10 Thread exited: 0x0000016170282b10
Event: 4036.624 Thread 0x0000016170287340 Thread added: 0x0000016173eafdf0
Event: 4036.657 Thread 0x0000016173eaf0d0 Thread added: 0x0000016173eb0480
Event: 4036.658 Thread 0x0000016173eb0480 Thread exited: 0x0000016173eb0480
Event: 4037.042 Thread 0x0000016173eaf0d0 Thread added: 0x0000016173eb0480
Event: 4037.068 Thread 0x0000016173eb0480 Thread exited: 0x0000016173eb0480
Event: 4037.119 Thread 0x0000016173eaf0d0 Thread added: 0x0000016173eb0480
Event: 4037.140 Thread 0x0000016173eb0480 Thread exited: 0x0000016173eb0480
Event: 4037.180 Thread 0x0000016151a35e60 Thread added: 0x0000016173eb0480
Event: 4037.206 Thread 0x0000016173eb0480 Thread added: 0x0000016170282b10


Dynamic libraries:
0x00007ff6697e0000 - 0x00007ff6697ee000 	c:\Users\Usuario\.vscode\extensions\redhat.java-1.45.0-win32-x64\jre\21.0.8-win32-x86_64\bin\java.exe
0x00007ffc2dc20000 - 0x00007ffc2de87000 	C:\WINDOWS\SYSTEM32\ntdll.dll
0x00007ffc2cf90000 - 0x00007ffc2d059000 	C:\WINDOWS\System32\KERNEL32.DLL
0x00007ffc2b0a0000 - 0x00007ffc2b490000 	C:\WINDOWS\System32\KERNELBASE.dll
0x00007ffc27d10000 - 0x00007ffc27dae000 	C:\WINDOWS\SYSTEM32\apphelp.dll
0x00007ffc2ae10000 - 0x00007ffc2af5b000 	C:\WINDOWS\System32\ucrtbase.dll
0x00007ffc14a60000 - 0x00007ffc14a78000 	c:\Users\Usuario\.vscode\extensions\redhat.java-1.45.0-win32-x64\jre\21.0.8-win32-x86_64\bin\jli.dll
0x00007ffc2d700000 - 0x00007ffc2d8c5000 	C:\WINDOWS\System32\USER32.dll
0x00007ffc2b760000 - 0x00007ffc2b787000 	C:\WINDOWS\System32\win32u.dll
0x00007ffc2d8d0000 - 0x00007ffc2d8fb000 	C:\WINDOWS\System32\GDI32.dll
0x00007ffc2af60000 - 0x00007ffc2b098000 	C:\WINDOWS\System32\gdi32full.dll
0x00007ffc2b6b0000 - 0x00007ffc2b753000 	C:\WINDOWS\System32\msvcp_win.dll
0x00007ffc14880000 - 0x00007ffc1489e000 	c:\Users\Usuario\.vscode\extensions\redhat.java-1.45.0-win32-x64\jre\21.0.8-win32-x86_64\bin\VCRUNTIME140.dll
0x00007ffc17c70000 - 0x00007ffc17f0a000 	C:\WINDOWS\WinSxS\amd64_microsoft.windows.common-controls_6595b64144ccf1df_6.0.26100.4768_none_3e0c112ce331287c\COMCTL32.dll
0x00007ffc2d650000 - 0x00007ffc2d6f9000 	C:\WINDOWS\System32\msvcrt.dll
0x00007ffc2d060000 - 0x00007ffc2d08f000 	C:\WINDOWS\System32\IMM32.DLL
0x00007ffc25bf0000 - 0x00007ffc25bfc000 	c:\Users\Usuario\.vscode\extensions\redhat.java-1.45.0-win32-x64\jre\21.0.8-win32-x86_64\bin\vcruntime140_1.dll
0x00007ffbfa780000 - 0x00007ffbfa80d000 	c:\Users\Usuario\.vscode\extensions\redhat.java-1.45.0-win32-x64\jre\21.0.8-win32-x86_64\bin\msvcp140.dll
0x00007ffb992f0000 - 0x00007ffb9a087000 	c:\Users\Usuario\.vscode\extensions\redhat.java-1.45.0-win32-x64\jre\21.0.8-win32-x86_64\bin\server\jvm.dll
0x00007ffc2c9d0000 - 0x00007ffc2ca84000 	C:\WINDOWS\System32\ADVAPI32.dll
0x00007ffc2ba60000 - 0x00007ffc2bb06000 	C:\WINDOWS\System32\sechost.dll
0x00007ffc2d530000 - 0x00007ffc2d648000 	C:\WINDOWS\System32\RPCRT4.dll
0x00007ffc2cc60000 - 0x00007ffc2ccd4000 	C:\WINDOWS\System32\WS2_32.dll
0x00007ffc2abb0000 - 0x00007ffc2ac0e000 	C:\WINDOWS\SYSTEM32\POWRPROF.dll
0x00007ffc24ae0000 - 0x00007ffc24b15000 	C:\WINDOWS\SYSTEM32\WINMM.dll
0x00007ffc24b20000 - 0x00007ffc24b2b000 	C:\WINDOWS\SYSTEM32\VERSION.dll
0x00007ffc2ab90000 - 0x00007ffc2aba4000 	C:\WINDOWS\SYSTEM32\UMPDC.dll
0x00007ffc29ad0000 - 0x00007ffc29aeb000 	C:\WINDOWS\SYSTEM32\kernel.appcore.dll
0x00007ffc13740000 - 0x00007ffc1374a000 	c:\Users\Usuario\.vscode\extensions\redhat.java-1.45.0-win32-x64\jre\21.0.8-win32-x86_64\bin\jimage.dll
0x00007ffc1f0b0000 - 0x00007ffc1f2f1000 	C:\WINDOWS\SYSTEM32\DBGHELP.DLL
0x00007ffc2c270000 - 0x00007ffc2c5f5000 	C:\WINDOWS\System32\combase.dll
0x00007ffc2dad0000 - 0x00007ffc2dbb0000 	C:\WINDOWS\System32\OLEAUT32.dll
0x00007ffc0e890000 - 0x00007ffc0e8d3000 	C:\WINDOWS\SYSTEM32\dbgcore.DLL
0x00007ffc2b790000 - 0x00007ffc2b829000 	C:\WINDOWS\System32\bcryptPrimitives.dll
0x00007ffc25c00000 - 0x00007ffc25c0f000 	c:\Users\Usuario\.vscode\extensions\redhat.java-1.45.0-win32-x64\jre\21.0.8-win32-x86_64\bin\instrument.dll
0x00007ffc0abf0000 - 0x00007ffc0ac0f000 	c:\Users\Usuario\.vscode\extensions\redhat.java-1.45.0-win32-x64\jre\21.0.8-win32-x86_64\bin\java.dll
0x00007ffc2bb20000 - 0x00007ffc2c26d000 	C:\WINDOWS\System32\SHELL32.dll
0x00007ffc2b830000 - 0x00007ffc2b9a3000 	C:\WINDOWS\System32\wintypes.dll
0x00007ffc28950000 - 0x00007ffc291b0000 	C:\WINDOWS\SYSTEM32\windows.storage.dll
0x00007ffc2cac0000 - 0x00007ffc2cbb5000 	C:\WINDOWS\System32\SHCORE.dll
0x00007ffc2c900000 - 0x00007ffc2c96a000 	C:\WINDOWS\System32\shlwapi.dll
0x00007ffc2ac70000 - 0x00007ffc2ac99000 	C:\WINDOWS\SYSTEM32\profapi.dll
0x00007ffc078d0000 - 0x00007ffc078e8000 	c:\Users\Usuario\.vscode\extensions\redhat.java-1.45.0-win32-x64\jre\21.0.8-win32-x86_64\bin\zip.dll
0x00007ffc25be0000 - 0x00007ffc25bf0000 	C:\Users\Usuario\.vscode\extensions\redhat.java-1.45.0-win32-x64\jre\21.0.8-win32-x86_64\bin\net.dll
0x00007ffc21540000 - 0x00007ffc2165e000 	C:\WINDOWS\SYSTEM32\WINHTTP.dll
0x00007ffc2a060000 - 0x00007ffc2a0cb000 	C:\WINDOWS\system32\mswsock.dll
0x00007ffc17f40000 - 0x00007ffc17f56000 	C:\Users\Usuario\.vscode\extensions\redhat.java-1.45.0-win32-x64\jre\21.0.8-win32-x86_64\bin\nio.dll
0x00007ffc16de0000 - 0x00007ffc16df0000 	c:\Users\Usuario\.vscode\extensions\redhat.java-1.45.0-win32-x64\jre\21.0.8-win32-x86_64\bin\verify.dll
0x00007ffc10f60000 - 0x00007ffc10fa4000 	C:\Users\Usuario\AppData\Roaming\Code\User\globalStorage\redhat.java\1.45.0\config_win\org.eclipse.equinox.launcher\org.eclipse.equinox.launcher.win32.win32.x86_64_1.2.1400.v20250801-0854\eclipse_11916.dll
0x00007ffc2cce0000 - 0x00007ffc2ce80000 	C:\WINDOWS\System32\ole32.dll
0x00007ffc2a320000 - 0x00007ffc2a33b000 	C:\WINDOWS\SYSTEM32\CRYPTSP.dll
0x00007ffc29a30000 - 0x00007ffc29a6b000 	C:\WINDOWS\system32\rsaenh.dll
0x00007ffc2a100000 - 0x00007ffc2a12b000 	C:\WINDOWS\SYSTEM32\USERENV.dll
0x00007ffc2ac40000 - 0x00007ffc2ac66000 	C:\WINDOWS\SYSTEM32\bcrypt.dll
0x00007ffc2a340000 - 0x00007ffc2a34c000 	C:\WINDOWS\SYSTEM32\CRYPTBASE.dll
0x00007ffc294e0000 - 0x00007ffc29513000 	C:\WINDOWS\SYSTEM32\IPHLPAPI.DLL
0x00007ffc2bb10000 - 0x00007ffc2bb1a000 	C:\WINDOWS\System32\NSI.dll
0x00007ffc10ec0000 - 0x00007ffc10f09000 	C:\Users\Usuario\AppData\Local\Temp\jna-1531808526\jna12116851261984357486.dll
0x00007ffc2c600000 - 0x00007ffc2c608000 	C:\WINDOWS\System32\PSAPI.DLL
0x00007ffc24ff0000 - 0x00007ffc2500f000 	C:\WINDOWS\SYSTEM32\dhcpcsvc6.DLL
0x00007ffc24f40000 - 0x00007ffc24f65000 	C:\WINDOWS\SYSTEM32\dhcpcsvc.DLL
0x00007ffc13650000 - 0x00007ffc1365e000 	C:\Users\Usuario\.vscode\extensions\redhat.java-1.45.0-win32-x64\jre\21.0.8-win32-x86_64\bin\sunmscapi.dll
0x00007ffc2b530000 - 0x00007ffc2b6a7000 	C:\WINDOWS\System32\CRYPT32.dll
0x00007ffc2a540000 - 0x00007ffc2a570000 	C:\WINDOWS\SYSTEM32\ncrypt.dll
0x00007ffc2a4f0000 - 0x00007ffc2a52f000 	C:\WINDOWS\SYSTEM32\NTASN1.dll
0x00007ffbc1b00000 - 0x00007ffbc1b08000 	C:\WINDOWS\system32\wshunix.dll
0x00007ffc11fc0000 - 0x00007ffc11fc9000 	C:\Users\Usuario\.vscode\extensions\redhat.java-1.45.0-win32-x64\jre\21.0.8-win32-x86_64\bin\extnet.dll
0x00007ffc29520000 - 0x00007ffc29646000 	C:\WINDOWS\SYSTEM32\DNSAPI.dll
0x00007ffc20ce0000 - 0x00007ffc20ceb000 	C:\Windows\System32\rasadhlp.dll
0x00007ffc256d0000 - 0x00007ffc25756000 	C:\WINDOWS\System32\fwpuclnt.dll

JVMTI agents:
c:\Users\Usuario\.vscode\extensions\redhat.java-1.45.0-win32-x64\lombok\lombok-1.18.39-4050.jar path:c:\Users\Usuario\.vscode\extensions\redhat.java-1.45.0-win32-x64\jre\21.0.8-win32-x86_64\bin\instrument.dll, loaded, initialized, instrumentlib options:none

dbghelp: loaded successfully - version: 4.0.5 - missing functions: none
symbol engine: initialized successfully - sym options: 0x614 - pdb path: .;c:\Users\Usuario\.vscode\extensions\redhat.java-1.45.0-win32-x64\jre\21.0.8-win32-x86_64\bin;C:\WINDOWS\SYSTEM32;C:\WINDOWS\WinSxS\amd64_microsoft.windows.common-controls_6595b64144ccf1df_6.0.26100.4768_none_3e0c112ce331287c;c:\Users\Usuario\.vscode\extensions\redhat.java-1.45.0-win32-x64\jre\21.0.8-win32-x86_64\bin\server;C:\Users\Usuario\AppData\Roaming\Code\User\globalStorage\redhat.java\1.45.0\config_win\org.eclipse.equinox.launcher\org.eclipse.equinox.launcher.win32.win32.x86_64_1.2.1400.v20250801-0854;C:\Users\Usuario\AppData\Local\Temp\jna-1531808526

VM Arguments:
jvm_args: --add-modules=ALL-SYSTEM --add-opens=java.base/java.util=ALL-UNNAMED --add-opens=java.base/java.lang=ALL-UNNAMED --add-opens=java.base/sun.nio.fs=ALL-UNNAMED -Declipse.application=org.eclipse.jdt.ls.core.id1 -Dosgi.bundles.defaultStartLevel=4 -Declipse.product=org.eclipse.jdt.ls.core.product -Djava.import.generatesMetadataFilesAtProjectRoot=false -DDetectVMInstallationsJob.disabled=true -Dfile.encoding=utf8 -XX:+UseParallelGC -XX:GCTimeRatio=4 -XX:AdaptiveSizePolicyWeight=90 -Dsun.zip.disableMemoryMapping=true -Xmx2G -Xms100m -Xlog:disable -javaagent:c:\Users\Usuario\.vscode\extensions\redhat.java-1.45.0-win32-x64\lombok\lombok-1.18.39-4050.jar -XX:+HeapDumpOnOutOfMemoryError -XX:HeapDumpPath=c:\Users\Usuario\AppData\Roaming\Code\User\workspaceStorage\e3bb82f6b3d0c35f71d4bc2b14fe1874\redhat.java -Daether.dependencyCollector.impl=bf 
java_command: c:\Users\Usuario\.vscode\extensions\redhat.java-1.45.0-win32-x64\server\plugins\org.eclipse.equinox.launcher_1.7.0.v20250519-0528.jar -configuration c:\Users\Usuario\AppData\Roaming\Code\User\globalStorage\redhat.java\1.45.0\config_win -data c:\Users\Usuario\AppData\Roaming\Code\User\workspaceStorage\e3bb82f6b3d0c35f71d4bc2b14fe1874\redhat.java\jdt_ws --pipe=\\.\pipe\lsp-6f7b2910857b424507226d6ef5609e53-sock
java_class_path (initial): c:\Users\Usuario\.vscode\extensions\redhat.java-1.45.0-win32-x64\server\plugins\org.eclipse.equinox.launcher_1.7.0.v20250519-0528.jar
Launcher Type: SUN_STANDARD

[Global flags]
    uintx AdaptiveSizePolicyWeight                 = 90                                        {product} {command line}
     intx CICompilerCount                          = 3                                         {product} {ergonomic}
    uintx GCTimeRatio                              = 4                                         {product} {command line}
     bool HeapDumpOnOutOfMemoryError               = true                                   {manageable} {command line}
    ccstr HeapDumpPath                             = c:\Users\Usuario\AppData\Roaming\Code\User\workspaceStorage\e3bb82f6b3d0c35f71d4bc2b14fe1874\redhat.java         {manageable} {command line}
   size_t InitialHeapSize                          = 104857600                                 {product} {command line}
   size_t MaxHeapSize                              = 2147483648                                {product} {command line}
   size_t MaxNewSize                               = 715653120                                 {product} {ergonomic}
   size_t MinHeapDeltaBytes                        = 524288                                    {product} {ergonomic}
   size_t MinHeapSize                              = 104857600                                 {product} {command line}
   size_t NewSize                                  = 34603008                                  {product} {ergonomic}
    uintx NonNMethodCodeHeapSize                   = 5832780                                {pd product} {ergonomic}
    uintx NonProfiledCodeHeapSize                  = 122912730                              {pd product} {ergonomic}
   size_t OldSize                                  = 70254592                                  {product} {ergonomic}
    uintx ProfiledCodeHeapSize                     = 122912730                              {pd product} {ergonomic}
    uintx ReservedCodeCacheSize                    = 251658240                              {pd product} {ergonomic}
     bool SegmentedCodeCache                       = true                                      {product} {ergonomic}
   size_t SoftMaxHeapSize                          = 2147483648                             {manageable} {ergonomic}
     bool UseCompressedOops                        = true                           {product lp64_product} {ergonomic}
     bool UseLargePagesIndividualAllocation        = false                                  {pd product} {ergonomic}
     bool UseParallelGC                            = true                                      {product} {command line}

Logging:
Log output configuration:
 #0: stdout all=off uptime,level,tags foldmultilines=false
 #1: stderr all=off uptime,level,tags foldmultilines=false

Environment Variables:
PATH=C:\Program Files\Eclipse Adoptium\jdk-21.0.8.9-hotspot\bin;C:\WINDOWS\system32;C:\WINDOWS;C:\WINDOWS\System32\Wbem;C:\WINDOWS\System32\WindowsPowerShell\v1.0\;C:\WINDOWS\System32\OpenSSH\;C:\Program Files\swipl\bin;C:\Program Files\Git\cmd;C:\Users\Usuario\AppData\Local\Microsoft\WindowsApps;C:\Users\Usuario\Desktop\Microsoft VS Code\bin;C:\apache-maven-3.9.6\bin;C:\Users\Usuario\AppData\Local\Programs\cursor\resources\app\bin
USERNAME=Usuario
OS=Windows_NT
PROCESSOR_IDENTIFIER=AMD64 Family 23 Model 96 Stepping 1, AuthenticAMD
TMP=C:\Users\Usuario\AppData\Local\Temp
TEMP=C:\Users\Usuario\AppData\Local\Temp




Periodic native trim disabled

---------------  S Y S T E M  ---------------

OS:
 Windows 11 , 64 bit Build 26100 (10.0.26100.4768)
OS uptime: 0 days 15:43 hours

CPU: total 4 (initial active 4) (4 cores per cpu, 1 threads per core) family 23 model 96 stepping 1 microcode 0x8600106, cx8, cmov, fxsr, mmx, 3dnowpref, sse, sse2, sse3, ssse3, sse4a, sse4.1, sse4.2, popcnt, lzcnt, tsc, tscinvbit, avx, avx2, aes, clmul, bmi1, bmi2, adx, sha, fma, vzeroupper, clflush, clflushopt, rdtscp, rdpid, f16c
Processor Information for processor 0
  Max Mhz: 2700, Current Mhz: 2700, Mhz Limit: 2700
Processor Information for processor 1
  Max Mhz: 2700, Current Mhz: 2700, Mhz Limit: 2700
Processor Information for processor 2
  Max Mhz: 2700, Current Mhz: 2700, Mhz Limit: 2700
Processor Information for processor 3
  Max Mhz: 2700, Current Mhz: 1400, Mhz Limit: 2700

Memory: 4k page, system-wide physical 7538M (625M free)
TotalPageFile size 12050M (AvailPageFile size 0M)
current process WorkingSet (physical memory assigned to process): 451M, peak: 836M
current process commit charge ("private bytes"): 984M, peak: 989M

vm_info: OpenJDK 64-Bit Server VM (21.0.8+9-LTS) for windows-amd64 JRE (21.0.8+9-LTS), built on 2025-07-15T00:00:00Z by "admin" with MS VC++ 17.7 (VS2022)

END.
