#
# There is insufficient memory for the Java Runtime Environment to continue.
# Native memory allocation (malloc) failed to allocate 168976 bytes. Error detail: Chunk::new
# Possible reasons:
#   The system is out of physical RAM or swap space
#   This process is running with CompressedOops enabled, and the Java Heap may be blocking the growth of the native heap
# Possible solutions:
#   Reduce memory load on the system
#   Increase physical memory or swap space
#   Check if swap backing store is full
#   Decrease Java heap size (-Xmx/-Xms)
#   Decrease number of Java threads
#   Decrease Java thread stack sizes (-Xss)
#   Set larger code cache with -XX:ReservedCodeCacheSize=
#   JVM is running with Unscaled Compressed Oops mode in which the Java heap is
#     placed in the first 4GB address space. The Java Heap base address is the
#     maximum limit for the native heap growth. Please use -XX:HeapBaseMinAddress
#     to set the Java Heap base and to place the Java Heap above 4GB virtual address.
# This output file may be truncated or incomplete.
#
#  Out of Memory Error (arena.cpp:168), pid=6528, tid=10592
#
# JRE version: OpenJDK Runtime Environment Temurin-21.0.8+9 (21.0.8+9) (build 21.0.8+9-LTS)
# Java VM: OpenJDK 64-Bit Server VM Temurin-21.0.8+9 (21.0.8+9-LTS, mixed mode, sharing, tiered, compressed oops, compressed class ptrs, parallel gc, windows-amd64)
# No core dump will be written. Minidumps are not enabled by default on client versions of Windows
#

---------------  S U M M A R Y ------------

Command Line: --add-modules=ALL-SYSTEM --add-opens=java.base/java.util=ALL-UNNAMED --add-opens=java.base/java.lang=ALL-UNNAMED --add-opens=java.base/sun.nio.fs=ALL-UNNAMED -Declipse.application=org.eclipse.jdt.ls.core.id1 -Dosgi.bundles.defaultStartLevel=4 -Declipse.product=org.eclipse.jdt.ls.core.product -Djava.import.generatesMetadataFilesAtProjectRoot=false -DDetectVMInstallationsJob.disabled=true -Dfile.encoding=utf8 -XX:+UseParallelGC -XX:GCTimeRatio=4 -XX:AdaptiveSizePolicyWeight=90 -Dsun.zip.disableMemoryMapping=true -Xmx2G -Xms100m -Xlog:disable -javaagent:c:\Users\Usuario\.vscode\extensions\redhat.java-1.45.0-win32-x64\lombok\lombok-1.18.39-4050.jar c:\Users\Usuario\.vscode\extensions\redhat.java-1.45.0-win32-x64\server\plugins\org.eclipse.equinox.launcher_1.7.0.v20250519-0528.jar -configuration c:\Users\Usuario\AppData\Roaming\Code\User\globalStorage\redhat.java\1.45.0\config_ss_win -data c:\Users\Usuario\AppData\Roaming\Code\User\workspaceStorage\e3bb82f6b3d0c35f71d4bc2b14fe1874\redhat.java\ss_ws --pipe=\\.\pipe\lsp-4c845177cc7acf8475565785a472f7ed-sock

Host: AMD Ryzen 3 4300U with Radeon Graphics         , 4 cores, 7G,  Windows 11 , 64 bit Build 26100 (10.0.26100.4768)
Time: Mon Sep 22 13:15:17 2025 Hora est. Pacífico, Sudamérica elapsed time: 2.184770 seconds (0d 0h 0m 2s)

---------------  T H R E A D  ---------------

Current thread (0x0000022ec66fb260):  JavaThread "C2 CompilerThread0" daemon [_thread_in_native, id=10592, stack(0x000000abc1600000,0x000000abc1700000) (1024K)]


Current CompileTask:
C2:2184 2173 % !   4       java.util.concurrent.ConcurrentHashMap::transfer @ 437 (849 bytes)

Stack: [0x000000abc1600000,0x000000abc1700000]
Native frames: (J=compiled Java code, j=interpreted, Vv=VM code, C=native code)
V  [jvm.dll+0x6d2449]
V  [jvm.dll+0x8ae341]
V  [jvm.dll+0x8b08be]
V  [jvm.dll+0x8b0fa3]
V  [jvm.dll+0x280c96]
V  [jvm.dll+0xc581d]
V  [jvm.dll+0xc5d53]
V  [jvm.dll+0x3b9162]
V  [jvm.dll+0x385315]
V  [jvm.dll+0x38477a]
V  [jvm.dll+0x248ed0]
V  [jvm.dll+0x2484af]
V  [jvm.dll+0x1c89ee]
V  [jvm.dll+0x257d4d]
V  [jvm.dll+0x2562ea]
V  [jvm.dll+0x3f2d16]
V  [jvm.dll+0x857e6b]
V  [jvm.dll+0x6d0b0d]
C  [ucrtbase.dll+0x37b0]
C  [KERNEL32.DLL+0x2e8d7]
C  [ntdll.dll+0x3c34c]


---------------  P R O C E S S  ---------------

Threads class SMR info:
_java_thread_list=0x0000022ee2a41060, length=17, elements={
0x0000022ec67fcdd0, 0x0000022ec66ea2d0, 0x0000022ec66ecfb0, 0x0000022ec66f0020,
0x0000022ec66f2e00, 0x0000022ec66f69d0, 0x0000022ec66faad0, 0x0000022ec66fb260,
0x0000022ec6720db0, 0x0000022ee2048890, 0x0000022ee2271840, 0x0000022ee27c0bf0,
0x0000022ee2c96af0, 0x0000022ee2c97150, 0x0000022ee2c71cf0, 0x0000022ee2c23930,
0x0000022ee2a76e90
}

Java Threads: ( => current thread )
  0x0000022ec67fcdd0 JavaThread "main"                              [_thread_blocked, id=13300, stack(0x000000abc0c00000,0x000000abc0d00000) (1024K)]
  0x0000022ec66ea2d0 JavaThread "Reference Handler"          daemon [_thread_blocked, id=11720, stack(0x000000abc1000000,0x000000abc1100000) (1024K)]
  0x0000022ec66ecfb0 JavaThread "Finalizer"                  daemon [_thread_blocked, id=15584, stack(0x000000abc1100000,0x000000abc1200000) (1024K)]
  0x0000022ec66f0020 JavaThread "Signal Dispatcher"          daemon [_thread_blocked, id=15992, stack(0x000000abc1200000,0x000000abc1300000) (1024K)]
  0x0000022ec66f2e00 JavaThread "Attach Listener"            daemon [_thread_blocked, id=3196, stack(0x000000abc1300000,0x000000abc1400000) (1024K)]
  0x0000022ec66f69d0 JavaThread "Service Thread"             daemon [_thread_blocked, id=2372, stack(0x000000abc1400000,0x000000abc1500000) (1024K)]
  0x0000022ec66faad0 JavaThread "Monitor Deflation Thread"   daemon [_thread_blocked, id=3604, stack(0x000000abc1500000,0x000000abc1600000) (1024K)]
=>0x0000022ec66fb260 JavaThread "C2 CompilerThread0"         daemon [_thread_in_native, id=10592, stack(0x000000abc1600000,0x000000abc1700000) (1024K)]
  0x0000022ec6720db0 JavaThread "C1 CompilerThread0"         daemon [_thread_blocked, id=3660, stack(0x000000abc1700000,0x000000abc1800000) (1024K)]
  0x0000022ee2048890 JavaThread "Common-Cleaner"             daemon [_thread_blocked, id=14976, stack(0x000000abc1800000,0x000000abc1900000) (1024K)]
  0x0000022ee2271840 JavaThread "Notification Thread"        daemon [_thread_blocked, id=4784, stack(0x000000abc1900000,0x000000abc1a00000) (1024K)]
  0x0000022ee27c0bf0 JavaThread "Active Thread: Equinox Container: 2abb3f46-5bba-4a6b-8775-dcf71d03de58"        [_thread_blocked, id=10696, stack(0x000000abc1e00000,0x000000abc1f00000) (1024K)]
  0x0000022ee2c96af0 JavaThread "Framework Event Dispatcher: Equinox Container: 2abb3f46-5bba-4a6b-8775-dcf71d03de58" daemon [_thread_blocked, id=6944, stack(0x000000abc1f00000,0x000000abc2000000) (1024K)]
  0x0000022ee2c97150 JavaThread "Start Level: Equinox Container: 2abb3f46-5bba-4a6b-8775-dcf71d03de58" daemon [_thread_in_vm, id=6824, stack(0x000000abc2000000,0x000000abc2100000) (1024K)]
  0x0000022ee2c71cf0 JavaThread "SCR Component Actor"        daemon [_thread_blocked, id=13376, stack(0x000000abc2100000,0x000000abc2200000) (1024K)]
  0x0000022ee2c23930 JavaThread "SCR Component Registry"     daemon [_thread_blocked, id=6320, stack(0x000000abc2200000,0x000000abc2300000) (1024K)]
  0x0000022ee2a76e90 JavaThread "Worker-JM"                         [_thread_blocked, id=10252, stack(0x000000abc2300000,0x000000abc2400000) (1024K)]
Total: 17

Other Threads:
  0x0000022ec68be420 VMThread "VM Thread"                           [id=3000, stack(0x000000abc0f00000,0x000000abc1000000) (1024K)]
  0x0000022ec668ba00 WatcherThread "VM Periodic Task Thread"        [id=15172, stack(0x000000abc0e00000,0x000000abc0f00000) (1024K)]
  0x0000022ec681c2e0 WorkerThread "GC Thread#0"                     [id=14408, stack(0x000000abc0d00000,0x000000abc0e00000) (1024K)]
  0x0000022ee2760aa0 WorkerThread "GC Thread#1"                     [id=2220, stack(0x000000abc1b00000,0x000000abc1c00000) (1024K)]
  0x0000022ee2760e40 WorkerThread "GC Thread#2"                     [id=8628, stack(0x000000abc1c00000,0x000000abc1d00000) (1024K)]
  0x0000022ee26e67b0 WorkerThread "GC Thread#3"                     [id=15204, stack(0x000000abc1d00000,0x000000abc1e00000) (1024K)]
Total: 6

Threads with active compile tasks:
C2 CompilerThread0  2200 2173 % !   4       java.util.concurrent.ConcurrentHashMap::transfer @ 437 (849 bytes)
Total: 1

VM state: not at safepoint (normal execution)

VM Mutex/Monitor currently owned by a thread:  ([mutex/lock_event])
[0x00007ffb99fa3458] Metaspace_lock - owner thread: 0x0000022ee2c97150

Heap address: 0x0000000080000000, size: 2048 MB, Compressed Oops mode: 32-bit

CDS archive(s) mapped at: [0x0000022e80000000-0x0000022e80ba0000-0x0000022e80ba0000), size 12189696, SharedBaseAddress: 0x0000022e80000000, ArchiveRelocationMode: 1.
Compressed class space mapped at: 0x0000022e81000000-0x0000022ec1000000, reserved size: 1073741824
Narrow klass base: 0x0000022e80000000, Narrow klass shift: 0, Narrow klass range: 0x100000000

GC Precious Log:
 CardTable entry size: 512
 CPUs: 4 total, 4 available
 Memory: 7538M
 Large Page Support: Disabled
 NUMA Support: Disabled
 Compressed Oops: Enabled (32-bit)
 Alignments: Space 512K, Generation 512K, Heap 2M
 Heap Min Capacity: 100M
 Heap Initial Capacity: 100M
 Heap Max Capacity: 2G
 Pre-touch: Disabled
 Parallel Workers: 4

Heap:
 PSYoungGen      total 29696K, used 26892K [0x00000000d5580000, 0x00000000d7680000, 0x0000000100000000)
  eden space 25600K, 89% used [0x00000000d5580000,0x00000000d6bc70a0,0x00000000d6e80000)
  from space 4096K, 99% used [0x00000000d7280000,0x00000000d767bfb8,0x00000000d7680000)
  to   space 4096K, 0% used [0x00000000d6e80000,0x00000000d6e80000,0x00000000d7280000)
 ParOldGen       total 68608K, used 990K [0x0000000080000000, 0x0000000084300000, 0x00000000d5580000)
  object space 68608K, 1% used [0x0000000080000000,0x00000000800f7820,0x0000000084300000)
 Metaspace       used 12455K, committed 12928K, reserved 1114112K
  class space    used 1327K, committed 1536K, reserved 1048576K

Card table byte_map: [0x0000022ec61a0000,0x0000022ec65b0000] _byte_map_base: 0x0000022ec5da0000

Marking Bits: (ParMarkBitMap*) 0x00007ffb99faa340
 Begin Bits: [0x0000022ed8ca0000, 0x0000022edaca0000)
 End Bits:   [0x0000022edaca0000, 0x0000022edcca0000)

Polling page: 0x0000022ec45a0000

Metaspace:

Usage:
  Non-class:     10.87 MB used.
      Class:      1.30 MB used.
       Both:     12.16 MB used.

Virtual space:
  Non-class space:       64.00 MB reserved,      11.12 MB ( 17%) committed,  1 nodes.
      Class space:        1.00 GB reserved,       1.50 MB ( <1%) committed,  1 nodes.
             Both:        1.06 GB reserved,      12.62 MB (  1%) committed. 

Chunk freelists:
   Non-Class:  4.56 MB
       Class:  14.51 MB
        Both:  19.07 MB

MaxMetaspaceSize: unlimited
CompressedClassSpaceSize: 1.00 GB
Initial GC threshold: 21.00 MB
Current GC threshold: 21.00 MB
CDS: on
 - commit_granule_bytes: 65536.
 - commit_granule_words: 8192.
 - virtual_space_node_default_size: 8388608.
 - enlarge_chunks_in_place: 1.
 - use_allocation_guard: 0.


Internal statistics:

num_allocs_failed_limit: 0.
num_arena_births: 328.
num_arena_deaths: 0.
num_vsnodes_births: 2.
num_vsnodes_deaths: 0.
num_space_committed: 202.
num_space_uncommitted: 0.
num_chunks_returned_to_freelist: 0.
num_chunks_taken_from_freelist: 731.
num_chunk_merges: 0.
num_chunk_splits: 476.
num_chunks_enlarged: 311.
num_inconsistent_stats: 0.

CodeHeap 'non-profiled nmethods': size=120000Kb used=907Kb max_used=907Kb free=119093Kb
 bounds [0x0000022ed14c0000, 0x0000022ed1730000, 0x0000022ed89f0000]
CodeHeap 'profiled nmethods': size=120000Kb used=4139Kb max_used=4139Kb free=115860Kb
 bounds [0x0000022ec99f0000, 0x0000022ec9e00000, 0x0000022ed0f20000]
CodeHeap 'non-nmethods': size=5760Kb used=1249Kb max_used=1261Kb free=4510Kb
 bounds [0x0000022ed0f20000, 0x0000022ed1190000, 0x0000022ed14c0000]
CodeCache: size=245760Kb, used=6295Kb, max_used=6307Kb, free=239463Kb
 total_blobs=2704, nmethods=2187, adapters=423, full_count=0
Compilation: enabled, stopped_count=0, restarted_count=0

Compilation events (20 events):
Event: 2.033 Thread 0x0000022ec6720db0 2181       3       jdk.internal.misc.Unsafe::ensureClassInitialized (18 bytes)
Event: 2.033 Thread 0x0000022ec6720db0 nmethod 2181 0x0000022ec9df6790 code [0x0000022ec9df6960, 0x0000022ec9df6b98]
Event: 2.033 Thread 0x0000022ec6720db0 2184       1       java.lang.reflect.Field::getModifiers (5 bytes)
Event: 2.033 Thread 0x0000022ec6720db0 nmethod 2184 0x0000022ed15a1f10 code [0x0000022ed15a20a0, 0x0000022ed15a2168]
Event: 2.033 Thread 0x0000022ec6720db0 2185       3       java.lang.invoke.MethodHandle::asTypeUncached (54 bytes)
Event: 2.119 Thread 0x0000022ec6720db0 nmethod 2185 0x0000022ec9df6c90 code [0x0000022ec9df6f60, 0x0000022ec9df7a58]
Event: 2.119 Thread 0x0000022ec6720db0 2189       3       java.lang.invoke.LambdaFormEditor::getInCache (165 bytes)
Event: 2.120 Thread 0x0000022ec6720db0 nmethod 2189 0x0000022ec9df7f10 code [0x0000022ec9df81a0, 0x0000022ec9df8ff8]
Event: 2.120 Thread 0x0000022ec6720db0 2190       3       java.lang.reflect.Modifier::isFinal (13 bytes)
Event: 2.121 Thread 0x0000022ec6720db0 nmethod 2190 0x0000022ec9df9390 code [0x0000022ec9df9520, 0x0000022ec9df9660]
Event: 2.121 Thread 0x0000022ec6720db0 2187       3       java.lang.invoke.LambdaFormEditor$TransformKey::inRange (36 bytes)
Event: 2.121 Thread 0x0000022ec6720db0 nmethod 2187 0x0000022ec9df9710 code [0x0000022ec9df98a0, 0x0000022ec9df99f0]
Event: 2.121 Thread 0x0000022ec6720db0 2188       3       java.lang.invoke.LambdaFormEditor$TransformKey::<init> (15 bytes)
Event: 2.121 Thread 0x0000022ec6720db0 nmethod 2188 0x0000022ec9df9a90 code [0x0000022ec9df9c40, 0x0000022ec9df9dc8]
Event: 2.121 Thread 0x0000022ec6720db0 2186       3       java.lang.invoke.MethodType::isConvertibleTo (164 bytes)
Event: 2.122 Thread 0x0000022ec6720db0 nmethod 2186 0x0000022ec9df9e90 code [0x0000022ec9dfa0e0, 0x0000022ec9dfa9b8]
Event: 2.122 Thread 0x0000022ec6720db0 2192       1       java.lang.reflect.Field::getType (5 bytes)
Event: 2.122 Thread 0x0000022ec6720db0 nmethod 2192 0x0000022ed15a2610 code [0x0000022ed15a27a0, 0x0000022ed15a2868]
Event: 2.122 Thread 0x0000022ec6720db0 2194       1       java.lang.reflect.AccessibleObject::isAccessible (5 bytes)
Event: 2.122 Thread 0x0000022ec6720db0 nmethod 2194 0x0000022ed15a2910 code [0x0000022ed15a2aa0, 0x0000022ed15a2b70]

GC Heap History (4 events):
Event: 0.660 GC heap before
{Heap before GC invocations=1 (full 0):
 PSYoungGen      total 29696K, used 25600K [0x00000000d5580000, 0x00000000d7680000, 0x0000000100000000)
  eden space 25600K, 100% used [0x00000000d5580000,0x00000000d6e80000,0x00000000d6e80000)
  from space 4096K, 0% used [0x00000000d7280000,0x00000000d7280000,0x00000000d7680000)
  to   space 4096K, 0% used [0x00000000d6e80000,0x00000000d6e80000,0x00000000d7280000)
 ParOldGen       total 68608K, used 0K [0x0000000080000000, 0x0000000084300000, 0x00000000d5580000)
  object space 68608K, 0% used [0x0000000080000000,0x0000000080000000,0x0000000084300000)
 Metaspace       used 4294K, committed 4544K, reserved 1114112K
  class space    used 469K, committed 576K, reserved 1048576K
}
Event: 0.665 GC heap after
{Heap after GC invocations=1 (full 0):
 PSYoungGen      total 29696K, used 3312K [0x00000000d5580000, 0x00000000d7680000, 0x0000000100000000)
  eden space 25600K, 0% used [0x00000000d5580000,0x00000000d5580000,0x00000000d6e80000)
  from space 4096K, 80% used [0x00000000d6e80000,0x00000000d71bc0c8,0x00000000d7280000)
  to   space 4096K, 0% used [0x00000000d7280000,0x00000000d7280000,0x00000000d7680000)
 ParOldGen       total 68608K, used 16K [0x0000000080000000, 0x0000000084300000, 0x00000000d5580000)
  object space 68608K, 0% used [0x0000000080000000,0x0000000080004000,0x0000000084300000)
 Metaspace       used 4294K, committed 4544K, reserved 1114112K
  class space    used 469K, committed 576K, reserved 1048576K
}
Event: 1.321 GC heap before
{Heap before GC invocations=2 (full 0):
 PSYoungGen      total 29696K, used 28912K [0x00000000d5580000, 0x00000000d7680000, 0x0000000100000000)
  eden space 25600K, 100% used [0x00000000d5580000,0x00000000d6e80000,0x00000000d6e80000)
  from space 4096K, 80% used [0x00000000d6e80000,0x00000000d71bc0c8,0x00000000d7280000)
  to   space 4096K, 0% used [0x00000000d7280000,0x00000000d7280000,0x00000000d7680000)
 ParOldGen       total 68608K, used 16K [0x0000000080000000, 0x0000000084300000, 0x00000000d5580000)
  object space 68608K, 0% used [0x0000000080000000,0x0000000080004000,0x0000000084300000)
 Metaspace       used 8152K, committed 8448K, reserved 1114112K
  class space    used 869K, committed 1024K, reserved 1048576K
}
Event: 1.326 GC heap after
{Heap after GC invocations=2 (full 0):
 PSYoungGen      total 29696K, used 4079K [0x00000000d5580000, 0x00000000d7680000, 0x0000000100000000)
  eden space 25600K, 0% used [0x00000000d5580000,0x00000000d5580000,0x00000000d6e80000)
  from space 4096K, 99% used [0x00000000d7280000,0x00000000d767bfb8,0x00000000d7680000)
  to   space 4096K, 0% used [0x00000000d6e80000,0x00000000d6e80000,0x00000000d7280000)
 ParOldGen       total 68608K, used 990K [0x0000000080000000, 0x0000000084300000, 0x00000000d5580000)
  object space 68608K, 1% used [0x0000000080000000,0x00000000800f7820,0x0000000084300000)
 Metaspace       used 8152K, committed 8448K, reserved 1114112K
  class space    used 869K, committed 1024K, reserved 1048576K
}

Dll operation events (9 events):
Event: 0.013 Loaded shared library c:\Users\Usuario\.vscode\extensions\redhat.java-1.45.0-win32-x64\jre\21.0.8-win32-x86_64\bin\java.dll
Event: 0.076 Loaded shared library c:\Users\Usuario\.vscode\extensions\redhat.java-1.45.0-win32-x64\jre\21.0.8-win32-x86_64\bin\zip.dll
Event: 0.096 Loaded shared library C:\Users\Usuario\.vscode\extensions\redhat.java-1.45.0-win32-x64\jre\21.0.8-win32-x86_64\bin\instrument.dll
Event: 0.101 Loaded shared library C:\Users\Usuario\.vscode\extensions\redhat.java-1.45.0-win32-x64\jre\21.0.8-win32-x86_64\bin\net.dll
Event: 0.103 Loaded shared library C:\Users\Usuario\.vscode\extensions\redhat.java-1.45.0-win32-x64\jre\21.0.8-win32-x86_64\bin\nio.dll
Event: 0.106 Loaded shared library C:\Users\Usuario\.vscode\extensions\redhat.java-1.45.0-win32-x64\jre\21.0.8-win32-x86_64\bin\zip.dll
Event: 0.124 Loaded shared library C:\Users\Usuario\.vscode\extensions\redhat.java-1.45.0-win32-x64\jre\21.0.8-win32-x86_64\bin\jimage.dll
Event: 0.199 Loaded shared library c:\Users\Usuario\.vscode\extensions\redhat.java-1.45.0-win32-x64\jre\21.0.8-win32-x86_64\bin\verify.dll
Event: 1.289 Loaded shared library C:\Users\Usuario\AppData\Roaming\Code\User\globalStorage\redhat.java\1.45.0\config_ss_win\org.eclipse.equinox.launcher\org.eclipse.equinox.launcher.win32.win32.x86_64_1.2.1400.v20250801-0854\eclipse_11916.dll

Deoptimization events (20 events):
Event: 1.749 Thread 0x0000022ee2c97150 Uncommon trap: trap_request=0xffffff45 fr.pc=0x0000022ed1528fbc relative=0x000000000000009c
Event: 1.749 Thread 0x0000022ee2c97150 Uncommon trap: reason=unstable_if action=reinterpret pc=0x0000022ed1528fbc method=java.util.jar.Manifest$FastInputStream.peek()B @ 8 c2
Event: 1.749 Thread 0x0000022ee2c97150 DEOPT PACKING pc=0x0000022ed1528fbc sp=0x000000abc20fdf30
Event: 1.749 Thread 0x0000022ee2c97150 DEOPT UNPACKING pc=0x0000022ed0f73aa2 sp=0x000000abc20fdec8 mode 2
Event: 1.771 Thread 0x0000022ee2c97150 Uncommon trap: trap_request=0xffffffc6 fr.pc=0x0000022ed159c034 relative=0x0000000000000554
Event: 1.771 Thread 0x0000022ee2c97150 Uncommon trap: reason=bimorphic_or_optimized_type_check action=maybe_recompile pc=0x0000022ed159c034 method=java.io.DataInputStream.readUnsignedByte()I @ 4 c2
Event: 1.771 Thread 0x0000022ee2c97150 DEOPT PACKING pc=0x0000022ed159c034 sp=0x000000abc20f86d0
Event: 1.771 Thread 0x0000022ee2c97150 DEOPT UNPACKING pc=0x0000022ed0f73aa2 sp=0x000000abc20f8618 mode 2
Event: 1.771 Thread 0x0000022ee2c97150 Uncommon trap: trap_request=0xffffffc6 fr.pc=0x0000022ed159c034 relative=0x0000000000000554
Event: 1.771 Thread 0x0000022ee2c97150 Uncommon trap: reason=bimorphic_or_optimized_type_check action=maybe_recompile pc=0x0000022ed159c034 method=java.io.DataInputStream.readUnsignedByte()I @ 4 c2
Event: 1.771 Thread 0x0000022ee2c97150 DEOPT PACKING pc=0x0000022ed159c034 sp=0x000000abc20f8640
Event: 1.771 Thread 0x0000022ee2c97150 DEOPT UNPACKING pc=0x0000022ed0f73aa2 sp=0x000000abc20f8588 mode 2
Event: 1.771 Thread 0x0000022ee2c97150 Uncommon trap: trap_request=0xffffffc6 fr.pc=0x0000022ed159c034 relative=0x0000000000000554
Event: 1.771 Thread 0x0000022ee2c97150 Uncommon trap: reason=bimorphic_or_optimized_type_check action=maybe_recompile pc=0x0000022ed159c034 method=java.io.DataInputStream.readUnsignedByte()I @ 4 c2
Event: 1.771 Thread 0x0000022ee2c97150 DEOPT PACKING pc=0x0000022ed159c034 sp=0x000000abc20f8660
Event: 1.771 Thread 0x0000022ee2c97150 DEOPT UNPACKING pc=0x0000022ed0f73aa2 sp=0x000000abc20f85a8 mode 2
Event: 1.771 Thread 0x0000022ee2c97150 Uncommon trap: trap_request=0xffffffc6 fr.pc=0x0000022ed159c034 relative=0x0000000000000554
Event: 1.771 Thread 0x0000022ee2c97150 Uncommon trap: reason=bimorphic_or_optimized_type_check action=maybe_recompile pc=0x0000022ed159c034 method=java.io.DataInputStream.readUnsignedByte()I @ 4 c2
Event: 1.771 Thread 0x0000022ee2c97150 DEOPT PACKING pc=0x0000022ed159c034 sp=0x000000abc20f8660
Event: 1.771 Thread 0x0000022ee2c97150 DEOPT UNPACKING pc=0x0000022ed0f73aa2 sp=0x000000abc20f85a8 mode 2

Classes loaded (20 events):
Event: 1.771 Loading class java/time/zone/ZoneRulesProvider$1
Event: 1.771 Loading class java/time/zone/ZoneRulesProvider$1 done
Event: 1.771 Loading class java/time/zone/TzdbZoneRulesProvider
Event: 1.772 Loading class java/time/zone/TzdbZoneRulesProvider done
Event: 1.773 Loading class java/time/zone/Ser
Event: 1.773 Loading class java/io/Externalizable
Event: 1.774 Loading class java/io/Externalizable done
Event: 1.774 Loading class java/time/zone/Ser done
Event: 1.775 Loading class java/util/Formatter$FixedString
Event: 1.775 Loading class java/util/Formatter$FixedString done
Event: 1.795 Loading class java/util/concurrent/TimeoutException
Event: 1.795 Loading class java/util/concurrent/TimeoutException done
Event: 1.906 Loading class java/util/PropertyResourceBundle
Event: 2.026 Loading class java/util/PropertyResourceBundle done
Event: 2.026 Loading class sun/util/PropertyResourceBundleCharset
Event: 2.026 Loading class sun/util/PropertyResourceBundleCharset done
Event: 2.026 Loading class sun/util/PropertyResourceBundleCharset$PropertiesFileDecoder
Event: 2.026 Loading class sun/util/PropertyResourceBundleCharset$PropertiesFileDecoder done
Event: 2.030 Loading class java/lang/invoke/DirectMethodHandle$StaticAccessor
Event: 2.030 Loading class java/lang/invoke/DirectMethodHandle$StaticAccessor done

Classes unloaded (0 events):
No events

Classes redefined (0 events):
No events

Internal exceptions (20 events):
Event: 0.724 Thread 0x0000022ec67fcdd0 Implicit null exception at 0x0000022ed152889a to 0x0000022ed1528aa4
Event: 0.725 Thread 0x0000022ec67fcdd0 Exception <a 'java/lang/NoSuchMethodError'{0x00000000d57bc1e0}: 'void java.lang.invoke.DirectMethodHandle$Holder.invokeStatic(java.lang.Object, java.lang.Object, java.lang.Object, java.lang.Object)'> (0x00000000d57bc1e0) 
thrown [s\src\hotspot\share\interpreter\linkResolver.cpp, line 773]
Event: 0.726 Thread 0x0000022ec67fcdd0 Implicit null exception at 0x0000022ed151b4bc to 0x0000022ed151b74c
Event: 0.727 Thread 0x0000022ec67fcdd0 Implicit null exception at 0x0000022ed151953d to 0x0000022ed15195c1
Event: 0.823 Thread 0x0000022ec67fcdd0 Exception <a 'java/lang/NoSuchMethodError'{0x00000000d5a32b48}: 'void java.lang.invoke.DirectMethodHandle$Holder.invokeSpecial(java.lang.Object, java.lang.Object, java.lang.Object)'> (0x00000000d5a32b48) 
thrown [s\src\hotspot\share\interpreter\linkResolver.cpp, line 773]
Event: 1.017 Thread 0x0000022ec67fcdd0 Exception <a 'java/lang/NoSuchMethodError'{0x00000000d62e2550}: 'int java.lang.invoke.DirectMethodHandle$Holder.invokeVirtual(java.lang.Object, java.lang.Object)'> (0x00000000d62e2550) 
thrown [s\src\hotspot\share\interpreter\linkResolver.cpp, line 773]
Event: 1.055 Thread 0x0000022ec67fcdd0 Exception <a 'java/lang/NoSuchMethodError'{0x00000000d64562c8}: 'int java.lang.invoke.DirectMethodHandle$Holder.invokeStaticInit(java.lang.Object, java.lang.Object, java.lang.Object, java.lang.Object)'> (0x00000000d64562c8) 
thrown [s\src\hotspot\share\interpreter\linkResolver.cpp, line 773]
Event: 1.056 Thread 0x0000022ec67fcdd0 Exception <a 'java/lang/IncompatibleClassChangeError'{0x00000000d645e750}: Found class java.lang.Object, but interface was expected> (0x00000000d645e750) 
thrown [s\src\hotspot\share\interpreter\linkResolver.cpp, line 840]
Event: 1.057 Thread 0x0000022ec67fcdd0 Exception <a 'java/lang/NoSuchMethodError'{0x00000000d6464d60}: 'void java.lang.invoke.DirectMethodHandle$Holder.invokeStaticInit(java.lang.Object, java.lang.Object)'> (0x00000000d6464d60) 
thrown [s\src\hotspot\share\interpreter\linkResolver.cpp, line 773]
Event: 1.059 Thread 0x0000022ec67fcdd0 Exception <a 'java/lang/NoSuchMethodError'{0x00000000d646dfd8}: 'int java.lang.invoke.DirectMethodHandle$Holder.invokeStaticInit(java.lang.Object, java.lang.Object)'> (0x00000000d646dfd8) 
thrown [s\src\hotspot\share\interpreter\linkResolver.cpp, line 773]
Event: 1.118 Thread 0x0000022ec67fcdd0 Exception <a 'java/lang/NoSuchMethodError'{0x00000000d66b43e0}: 'java.lang.Object java.lang.invoke.DirectMethodHandle$Holder.newInvokeSpecial(java.lang.Object, int, java.lang.Object)'> (0x00000000d66b43e0) 
thrown [s\src\hotspot\share\interpreter\linkResolver.cpp, line 773]
Event: 1.156 Thread 0x0000022ec67fcdd0 Exception <a 'java/lang/ClassNotFoundException'{0x00000000d68cea60}: sun/net/www/protocol/plurl/Handler> (0x00000000d68cea60) 
thrown [s\src\hotspot\share\classfile\systemDictionary.cpp, line 312]
Event: 1.156 Thread 0x0000022ec67fcdd0 Exception <a 'java/lang/ClassNotFoundException'{0x00000000d68cf8e0}: sun/net/www/protocol/plurl/Handler> (0x00000000d68cf8e0) 
thrown [s\src\hotspot\share\classfile\systemDictionary.cpp, line 312]
Event: 1.283 Thread 0x0000022ec67fcdd0 Exception <a 'java/lang/UnsatisfiedLinkError'{0x00000000d6cd03f8}: 'void org.eclipse.equinox.launcher.JNIBridge._update_splash()'> (0x00000000d6cd03f8) 
thrown [s\src\hotspot\share\prims\nativeLookup.cpp, line 415]
Event: 1.375 Thread 0x0000022ee2c97150 Exception <a 'java/lang/NullPointerException'{0x00000000d585e720}> (0x00000000d585e720) 
thrown [s\src\hotspot\share\interpreter\linkResolver.cpp, line 1372]
Event: 1.375 Thread 0x0000022ee2c97150 Exception <a 'java/lang/NullPointerException'{0x00000000d585ea00}> (0x00000000d585ea00) 
thrown [s\src\hotspot\share\interpreter\linkResolver.cpp, line 1372]
Event: 1.635 Thread 0x0000022ee2c97150 Exception <a 'java/io/FileNotFoundException'{0x00000000d62e2d58}> (0x00000000d62e2d58) 
thrown [s\src\hotspot\share\prims\jni.cpp, line 520]
Event: 1.733 Thread 0x0000022ee2c97150 Exception <a 'java/lang/NoSuchMethodError'{0x00000000d65cd470}: 'java.lang.Object java.lang.invoke.Invokers$Holder.linkToTargetMethod(java.lang.Object, long, java.lang.Object)'> (0x00000000d65cd470) 
thrown [s\src\hotspot\share\interpreter\linkResolver.cpp, line 773]
Event: 1.795 Thread 0x0000022ee2c97150 Exception <a 'java/lang/NoSuchMethodError'{0x00000000d696a4d0}: 'void java.lang.invoke.DirectMethodHandle$Holder.invokeInterface(java.lang.Object, java.lang.Object, java.lang.Object)'> (0x00000000d696a4d0) 
thrown [s\src\hotspot\share\interpreter\linkResolver.cpp, line 773]
Event: 2.031 Thread 0x0000022ee2c97150 Exception <a 'java/lang/NoSuchMethodError'{0x00000000d6b79d68}: 'void java.lang.invoke.Invokers$Holder.invokeExact_MT(java.lang.Object, java.lang.Object, java.lang.Object)'> (0x00000000d6b79d68) 
thrown [s\src\hotspot\share\interpreter\linkResolver.cpp, line 773]

ZGC Phase Switch (0 events):
No events

VM Operations (20 events):
Event: 0.644 Executing VM operation: HandshakeAllThreads (Deoptimize)
Event: 0.644 Executing VM operation: HandshakeAllThreads (Deoptimize) done
Event: 0.660 Executing VM operation: ParallelGCFailedAllocation (Allocation Failure)
Event: 0.665 Executing VM operation: ParallelGCFailedAllocation (Allocation Failure) done
Event: 1.096 Executing VM operation: HandshakeAllThreads (Deoptimize)
Event: 1.096 Executing VM operation: HandshakeAllThreads (Deoptimize) done
Event: 1.106 Executing VM operation: HandshakeAllThreads (Deoptimize)
Event: 1.106 Executing VM operation: HandshakeAllThreads (Deoptimize) done
Event: 1.142 Executing VM operation: HandshakeAllThreads (Deoptimize)
Event: 1.142 Executing VM operation: HandshakeAllThreads (Deoptimize) done
Event: 1.152 Executing VM operation: HandshakeAllThreads (Deoptimize)
Event: 1.152 Executing VM operation: HandshakeAllThreads (Deoptimize) done
Event: 1.244 Executing VM operation: ICBufferFull
Event: 1.244 Executing VM operation: ICBufferFull done
Event: 1.321 Executing VM operation: ParallelGCFailedAllocation (Allocation Failure)
Event: 1.326 Executing VM operation: ParallelGCFailedAllocation (Allocation Failure) done
Event: 1.482 Executing VM operation: HandshakeAllThreads (Deoptimize)
Event: 1.482 Executing VM operation: HandshakeAllThreads (Deoptimize) done
Event: 1.771 Executing VM operation: HandshakeAllThreads (Deoptimize)
Event: 1.771 Executing VM operation: HandshakeAllThreads (Deoptimize) done

Memory protections (0 events):
No events

Nmethod flushes (0 events):
No events

Events (19 events):
Event: 0.028 Thread 0x0000022ec67fcdd0 Thread added: 0x0000022ec67fcdd0
Event: 0.040 Thread 0x0000022ec67fcdd0 Thread added: 0x0000022ec66ea2d0
Event: 0.040 Thread 0x0000022ec67fcdd0 Thread added: 0x0000022ec66ecfb0
Event: 0.040 Thread 0x0000022ec67fcdd0 Thread added: 0x0000022ec66f0020
Event: 0.040 Thread 0x0000022ec67fcdd0 Thread added: 0x0000022ec66f2e00
Event: 0.040 Thread 0x0000022ec67fcdd0 Thread added: 0x0000022ec66f69d0
Event: 0.040 Thread 0x0000022ec67fcdd0 Thread added: 0x0000022ec66faad0
Event: 0.040 Thread 0x0000022ec67fcdd0 Thread added: 0x0000022ec66fb260
Event: 0.041 Thread 0x0000022ec67fcdd0 Thread added: 0x0000022ec6720db0
Event: 0.064 Thread 0x0000022ec67fcdd0 Thread added: 0x0000022ee2048890
Event: 0.273 Thread 0x0000022ec67fcdd0 Thread added: 0x0000022ee2271840
Event: 0.349 Thread 0x0000022ec66fb260 Thread added: 0x0000022ee23221a0
Event: 1.067 Thread 0x0000022ec67fcdd0 Thread added: 0x0000022ee27c0bf0
Event: 1.278 Thread 0x0000022ec67fcdd0 Thread added: 0x0000022ee2c96af0
Event: 1.282 Thread 0x0000022ec67fcdd0 Thread added: 0x0000022ee2c97150
Event: 1.334 Thread 0x0000022ee2c97150 Thread added: 0x0000022ee2c71cf0
Event: 1.470 Thread 0x0000022ee2c97150 Thread added: 0x0000022ee2c23930
Event: 1.801 Thread 0x0000022ee2c97150 Thread added: 0x0000022ee2a76e90
Event: 1.904 Thread 0x0000022ee23221a0 Thread exited: 0x0000022ee23221a0


Dynamic libraries:
0x00007ff6697e0000 - 0x00007ff6697ee000 	c:\Users\Usuario\.vscode\extensions\redhat.java-1.45.0-win32-x64\jre\21.0.8-win32-x86_64\bin\java.exe
0x00007ffc2dc20000 - 0x00007ffc2de87000 	C:\WINDOWS\SYSTEM32\ntdll.dll
0x00007ffc2cf90000 - 0x00007ffc2d059000 	C:\WINDOWS\System32\KERNEL32.DLL
0x00007ffc2b0a0000 - 0x00007ffc2b490000 	C:\WINDOWS\System32\KERNELBASE.dll
0x00007ffc2ae10000 - 0x00007ffc2af5b000 	C:\WINDOWS\System32\ucrtbase.dll
0x00007ffc14a60000 - 0x00007ffc14a78000 	c:\Users\Usuario\.vscode\extensions\redhat.java-1.45.0-win32-x64\jre\21.0.8-win32-x86_64\bin\jli.dll
0x00007ffc2d700000 - 0x00007ffc2d8c5000 	C:\WINDOWS\System32\USER32.dll
0x00007ffc2b760000 - 0x00007ffc2b787000 	C:\WINDOWS\System32\win32u.dll
0x00007ffc2d8d0000 - 0x00007ffc2d8fb000 	C:\WINDOWS\System32\GDI32.dll
0x00007ffc2af60000 - 0x00007ffc2b098000 	C:\WINDOWS\System32\gdi32full.dll
0x00007ffc2b6b0000 - 0x00007ffc2b753000 	C:\WINDOWS\System32\msvcp_win.dll
0x00007ffc17c70000 - 0x00007ffc17f0a000 	C:\WINDOWS\WinSxS\amd64_microsoft.windows.common-controls_6595b64144ccf1df_6.0.26100.4768_none_3e0c112ce331287c\COMCTL32.dll
0x00007ffc2d650000 - 0x00007ffc2d6f9000 	C:\WINDOWS\System32\msvcrt.dll
0x00007ffc14880000 - 0x00007ffc1489e000 	c:\Users\Usuario\.vscode\extensions\redhat.java-1.45.0-win32-x64\jre\21.0.8-win32-x86_64\bin\VCRUNTIME140.dll
0x00007ffc2d060000 - 0x00007ffc2d08f000 	C:\WINDOWS\System32\IMM32.DLL
0x00007ffc25bf0000 - 0x00007ffc25bfc000 	c:\Users\Usuario\.vscode\extensions\redhat.java-1.45.0-win32-x64\jre\21.0.8-win32-x86_64\bin\vcruntime140_1.dll
0x00007ffbfa780000 - 0x00007ffbfa80d000 	c:\Users\Usuario\.vscode\extensions\redhat.java-1.45.0-win32-x64\jre\21.0.8-win32-x86_64\bin\msvcp140.dll
0x00007ffb992f0000 - 0x00007ffb9a087000 	c:\Users\Usuario\.vscode\extensions\redhat.java-1.45.0-win32-x64\jre\21.0.8-win32-x86_64\bin\server\jvm.dll
0x00007ffc2c9d0000 - 0x00007ffc2ca84000 	C:\WINDOWS\System32\ADVAPI32.dll
0x00007ffc2ba60000 - 0x00007ffc2bb06000 	C:\WINDOWS\System32\sechost.dll
0x00007ffc2d530000 - 0x00007ffc2d648000 	C:\WINDOWS\System32\RPCRT4.dll
0x00007ffc2cc60000 - 0x00007ffc2ccd4000 	C:\WINDOWS\System32\WS2_32.dll
0x00007ffc2abb0000 - 0x00007ffc2ac0e000 	C:\WINDOWS\SYSTEM32\POWRPROF.dll
0x00007ffc24ae0000 - 0x00007ffc24b15000 	C:\WINDOWS\SYSTEM32\WINMM.dll
0x00007ffc24b20000 - 0x00007ffc24b2b000 	C:\WINDOWS\SYSTEM32\VERSION.dll
0x00007ffc2ab90000 - 0x00007ffc2aba4000 	C:\WINDOWS\SYSTEM32\UMPDC.dll
0x00007ffc29ad0000 - 0x00007ffc29aeb000 	C:\WINDOWS\SYSTEM32\kernel.appcore.dll
0x00007ffc13740000 - 0x00007ffc1374a000 	c:\Users\Usuario\.vscode\extensions\redhat.java-1.45.0-win32-x64\jre\21.0.8-win32-x86_64\bin\jimage.dll
0x00007ffc1f0b0000 - 0x00007ffc1f2f1000 	C:\WINDOWS\SYSTEM32\DBGHELP.DLL
0x00007ffc2c270000 - 0x00007ffc2c5f5000 	C:\WINDOWS\System32\combase.dll
0x00007ffc2dad0000 - 0x00007ffc2dbb0000 	C:\WINDOWS\System32\OLEAUT32.dll
0x00007ffc0e890000 - 0x00007ffc0e8d3000 	C:\WINDOWS\SYSTEM32\dbgcore.DLL
0x00007ffc2b790000 - 0x00007ffc2b829000 	C:\WINDOWS\System32\bcryptPrimitives.dll
0x00007ffc25c00000 - 0x00007ffc25c0f000 	c:\Users\Usuario\.vscode\extensions\redhat.java-1.45.0-win32-x64\jre\21.0.8-win32-x86_64\bin\instrument.dll
0x00007ffc0abf0000 - 0x00007ffc0ac0f000 	c:\Users\Usuario\.vscode\extensions\redhat.java-1.45.0-win32-x64\jre\21.0.8-win32-x86_64\bin\java.dll
0x00007ffc2bb20000 - 0x00007ffc2c26d000 	C:\WINDOWS\System32\SHELL32.dll
0x00007ffc2b830000 - 0x00007ffc2b9a3000 	C:\WINDOWS\System32\wintypes.dll
0x00007ffc28950000 - 0x00007ffc291b0000 	C:\WINDOWS\SYSTEM32\windows.storage.dll
0x00007ffc2cac0000 - 0x00007ffc2cbb5000 	C:\WINDOWS\System32\SHCORE.dll
0x00007ffc2c900000 - 0x00007ffc2c96a000 	C:\WINDOWS\System32\shlwapi.dll
0x00007ffc2ac70000 - 0x00007ffc2ac99000 	C:\WINDOWS\SYSTEM32\profapi.dll
0x00007ffc078d0000 - 0x00007ffc078e8000 	c:\Users\Usuario\.vscode\extensions\redhat.java-1.45.0-win32-x64\jre\21.0.8-win32-x86_64\bin\zip.dll
0x00007ffc25be0000 - 0x00007ffc25bf0000 	C:\Users\Usuario\.vscode\extensions\redhat.java-1.45.0-win32-x64\jre\21.0.8-win32-x86_64\bin\net.dll
0x00007ffc21540000 - 0x00007ffc2165e000 	C:\WINDOWS\SYSTEM32\WINHTTP.dll
0x00007ffc2a060000 - 0x00007ffc2a0cb000 	C:\WINDOWS\system32\mswsock.dll
0x00007ffc17f40000 - 0x00007ffc17f56000 	C:\Users\Usuario\.vscode\extensions\redhat.java-1.45.0-win32-x64\jre\21.0.8-win32-x86_64\bin\nio.dll
0x00007ffc16de0000 - 0x00007ffc16df0000 	c:\Users\Usuario\.vscode\extensions\redhat.java-1.45.0-win32-x64\jre\21.0.8-win32-x86_64\bin\verify.dll
0x00007ffbfd9c0000 - 0x00007ffbfda04000 	C:\Users\Usuario\AppData\Roaming\Code\User\globalStorage\redhat.java\1.45.0\config_ss_win\org.eclipse.equinox.launcher\org.eclipse.equinox.launcher.win32.win32.x86_64_1.2.1400.v20250801-0854\eclipse_11916.dll
0x00007ffc2cce0000 - 0x00007ffc2ce80000 	C:\WINDOWS\System32\ole32.dll

JVMTI agents:
c:\Users\Usuario\.vscode\extensions\redhat.java-1.45.0-win32-x64\lombok\lombok-1.18.39-4050.jar path:c:\Users\Usuario\.vscode\extensions\redhat.java-1.45.0-win32-x64\jre\21.0.8-win32-x86_64\bin\instrument.dll, loaded, initialized, instrumentlib options:none

dbghelp: loaded successfully - version: 4.0.5 - missing functions: none
symbol engine: initialized successfully - sym options: 0x614 - pdb path: .;c:\Users\Usuario\.vscode\extensions\redhat.java-1.45.0-win32-x64\jre\21.0.8-win32-x86_64\bin;C:\WINDOWS\SYSTEM32;C:\WINDOWS\WinSxS\amd64_microsoft.windows.common-controls_6595b64144ccf1df_6.0.26100.4768_none_3e0c112ce331287c;c:\Users\Usuario\.vscode\extensions\redhat.java-1.45.0-win32-x64\jre\21.0.8-win32-x86_64\bin\server;C:\Users\Usuario\AppData\Roaming\Code\User\globalStorage\redhat.java\1.45.0\config_ss_win\org.eclipse.equinox.launcher\org.eclipse.equinox.launcher.win32.win32.x86_64_1.2.1400.v20250801-0854

VM Arguments:
jvm_args: --add-modules=ALL-SYSTEM --add-opens=java.base/java.util=ALL-UNNAMED --add-opens=java.base/java.lang=ALL-UNNAMED --add-opens=java.base/sun.nio.fs=ALL-UNNAMED -Declipse.application=org.eclipse.jdt.ls.core.id1 -Dosgi.bundles.defaultStartLevel=4 -Declipse.product=org.eclipse.jdt.ls.core.product -Djava.import.generatesMetadataFilesAtProjectRoot=false -DDetectVMInstallationsJob.disabled=true -Dfile.encoding=utf8 -XX:+UseParallelGC -XX:GCTimeRatio=4 -XX:AdaptiveSizePolicyWeight=90 -Dsun.zip.disableMemoryMapping=true -Xmx2G -Xms100m -Xlog:disable -javaagent:c:\Users\Usuario\.vscode\extensions\redhat.java-1.45.0-win32-x64\lombok\lombok-1.18.39-4050.jar 
java_command: c:\Users\Usuario\.vscode\extensions\redhat.java-1.45.0-win32-x64\server\plugins\org.eclipse.equinox.launcher_1.7.0.v20250519-0528.jar -configuration c:\Users\Usuario\AppData\Roaming\Code\User\globalStorage\redhat.java\1.45.0\config_ss_win -data c:\Users\Usuario\AppData\Roaming\Code\User\workspaceStorage\e3bb82f6b3d0c35f71d4bc2b14fe1874\redhat.java\ss_ws --pipe=\\.\pipe\lsp-4c845177cc7acf8475565785a472f7ed-sock
java_class_path (initial): c:\Users\Usuario\.vscode\extensions\redhat.java-1.45.0-win32-x64\server\plugins\org.eclipse.equinox.launcher_1.7.0.v20250519-0528.jar
Launcher Type: SUN_STANDARD

[Global flags]
    uintx AdaptiveSizePolicyWeight                 = 90                                        {product} {command line}
     intx CICompilerCount                          = 3                                         {product} {ergonomic}
    uintx GCTimeRatio                              = 4                                         {product} {command line}
   size_t InitialHeapSize                          = 104857600                                 {product} {command line}
   size_t MaxHeapSize                              = 2147483648                                {product} {command line}
   size_t MaxNewSize                               = 715653120                                 {product} {ergonomic}
   size_t MinHeapDeltaBytes                        = 524288                                    {product} {ergonomic}
   size_t MinHeapSize                              = 104857600                                 {product} {command line}
   size_t NewSize                                  = 34603008                                  {product} {ergonomic}
    uintx NonNMethodCodeHeapSize                   = 5832780                                {pd product} {ergonomic}
    uintx NonProfiledCodeHeapSize                  = 122912730                              {pd product} {ergonomic}
   size_t OldSize                                  = 70254592                                  {product} {ergonomic}
    uintx ProfiledCodeHeapSize                     = 122912730                              {pd product} {ergonomic}
    uintx ReservedCodeCacheSize                    = 251658240                              {pd product} {ergonomic}
     bool SegmentedCodeCache                       = true                                      {product} {ergonomic}
   size_t SoftMaxHeapSize                          = 2147483648                             {manageable} {ergonomic}
     bool UseCompressedOops                        = true                           {product lp64_product} {ergonomic}
     bool UseLargePagesIndividualAllocation        = false                                  {pd product} {ergonomic}
     bool UseParallelGC                            = true                                      {product} {command line}

Logging:
Log output configuration:
 #0: stdout all=off uptime,level,tags foldmultilines=false
 #1: stderr all=off uptime,level,tags foldmultilines=false

Environment Variables:
PATH=C:\Program Files\Eclipse Adoptium\jdk-21.0.8.9-hotspot\bin;C:\WINDOWS\system32;C:\WINDOWS;C:\WINDOWS\System32\Wbem;C:\WINDOWS\System32\WindowsPowerShell\v1.0\;C:\WINDOWS\System32\OpenSSH\;C:\Program Files\swipl\bin;C:\Program Files\Git\cmd;C:\Users\Usuario\AppData\Local\Microsoft\WindowsApps;C:\Users\Usuario\Desktop\Microsoft VS Code\bin;C:\apache-maven-3.9.6\bin;C:\Users\Usuario\AppData\Local\Programs\cursor\resources\app\bin
USERNAME=Usuario
OS=Windows_NT
PROCESSOR_IDENTIFIER=AMD64 Family 23 Model 96 Stepping 1, AuthenticAMD
TMP=C:\Users\Usuario\AppData\Local\Temp
TEMP=C:\Users\Usuario\AppData\Local\Temp




Periodic native trim disabled

---------------  S Y S T E M  ---------------

OS:
 Windows 11 , 64 bit Build 26100 (10.0.26100.4768)
OS uptime: 0 days 15:43 hours

CPU: total 4 (initial active 4) (4 cores per cpu, 1 threads per core) family 23 model 96 stepping 1 microcode 0x8600106, cx8, cmov, fxsr, mmx, 3dnowpref, sse, sse2, sse3, ssse3, sse4a, sse4.1, sse4.2, popcnt, lzcnt, tsc, tscinvbit, avx, avx2, aes, clmul, bmi1, bmi2, adx, sha, fma, vzeroupper, clflush, clflushopt, rdtscp, rdpid, f16c
Processor Information for the first 4 processors :
  Max Mhz: 2700, Current Mhz: 2700, Mhz Limit: 2700

Memory: 4k page, system-wide physical 7538M (591M free)
TotalPageFile size 12050M (AvailPageFile size 0M)
current process WorkingSet (physical memory assigned to process): 104M, peak: 104M
current process commit charge ("private bytes"): 236M, peak: 236M

vm_info: OpenJDK 64-Bit Server VM (21.0.8+9-LTS) for windows-amd64 JRE (21.0.8+9-LTS), built on 2025-07-15T00:00:00Z by "admin" with MS VC++ 17.7 (VS2022)

END.
